2016-11-21 11:46:00,046 - __main__ - INFO - Starting...
2016-11-21 11:46:00,047 - __main__ - INFO - minerva_tricolumnar_spacetime_epsilon.py
2016-11-21 11:46:00,047 - __main__ - INFO -  Begin with saved pars? True
2016-11-21 11:46:00,047 - __main__ - INFO -  Saved parameters file: ./lminerva_spacetime_11_epsilon1479566769.npz
2016-11-21 11:46:00,047 - __main__ - INFO -  Saved parameters file exists? True
2016-11-21 11:46:00,047 - __main__ - INFO -  Datasets: ['/phihome/perdue/theano/data/minosmatch_nukecczdefs_genallzwitht_pcodecap66_127x50x25_xtxutuvtv_me1Amc.hdf5']
2016-11-21 11:46:00,049 - __main__ - INFO -  Dataset size: 11818359186
2016-11-21 11:46:00,049 - __main__ - INFO -  Planned number of epochs: 5
2016-11-21 11:46:00,049 - __main__ - INFO -  Learning rate: 0.0005
2016-11-21 11:46:00,049 - __main__ - INFO -  Momentum: 0.9
2016-11-21 11:46:00,049 - __main__ - INFO -  Batch size: 500
2016-11-21 11:46:00,049 - __main__ - INFO -  L2 regularization penalty scale: 0.0001
2016-11-21 11:46:00,049 - __main__ - INFO -  Target index: 5
2016-11-21 11:46:00,049 - __main__ - INFO -  Number of categories in target variable: 11
2016-11-21 11:46:00,050 - minerva_ann_operate_networks - INFO - Loading data...
2016-11-21 11:46:00,114 - minerva_ann_datasets - INFO -  Learning sample size = 5728658 examples
2016-11-21 11:46:00,115 - minerva_ann_datasets - INFO -  Validation sample size = 466286 examples
2016-11-21 11:46:00,115 - minerva_ann_datasets - INFO -  Testing sample size = 466287 examples
2016-11-21 11:46:00,116 - minerva_ann_networks - INFO - Convpool conv-x-0 params: {'filter_size': (8, 3), 'pool_size': (2, 1), 'nfilters': 12}
2016-11-21 11:46:00,120 - minerva_ann_networks - INFO - Convpool maxpool-x-0
2016-11-21 11:46:00,120 - minerva_ann_networks - INFO - Convpool conv-x-1 params: {'filter_size': (7, 3), 'pool_size': (2, 1), 'nfilters': 20}
2016-11-21 11:46:00,122 - minerva_ann_networks - INFO - Convpool maxpool-x-1
2016-11-21 11:46:00,122 - minerva_ann_networks - INFO - Convpool conv-x-2 params: {'filter_size': (6, 3), 'pool_size': (2, 1), 'nfilters': 28}
2016-11-21 11:46:00,123 - minerva_ann_networks - INFO - Convpool maxpool-x-2
2016-11-21 11:46:00,123 - minerva_ann_networks - INFO - Convpool conv-x-3 params: {'filter_size': (6, 3), 'pool_size': (2, 1), 'nfilters': 36}
2016-11-21 11:46:00,125 - minerva_ann_networks - INFO - Convpool maxpool-x-3
2016-11-21 11:46:00,157 - minerva_ann_networks - INFO - Dense dense-x with nhidden = 196, dropout = 0.5
2016-11-21 11:46:00,157 - minerva_ann_networks - INFO - Convpool conv-u-0 params: {'filter_size': (8, 5), 'pool_size': (2, 1), 'nfilters': 12}
2016-11-21 11:46:00,158 - minerva_ann_networks - INFO - Convpool maxpool-u-0
2016-11-21 11:46:00,158 - minerva_ann_networks - INFO - Convpool conv-u-1 params: {'filter_size': (7, 3), 'pool_size': (2, 1), 'nfilters': 20}
2016-11-21 11:46:00,159 - minerva_ann_networks - INFO - Convpool maxpool-u-1
2016-11-21 11:46:00,159 - minerva_ann_networks - INFO - Convpool conv-u-2 params: {'filter_size': (6, 3), 'pool_size': (2, 1), 'nfilters': 28}
2016-11-21 11:46:00,160 - minerva_ann_networks - INFO - Convpool maxpool-u-2
2016-11-21 11:46:00,161 - minerva_ann_networks - INFO - Convpool conv-u-3 params: {'filter_size': (6, 3), 'pool_size': (2, 1), 'nfilters': 36}
2016-11-21 11:46:00,162 - minerva_ann_networks - INFO - Convpool maxpool-u-3
2016-11-21 11:46:00,174 - minerva_ann_networks - INFO - Dense dense-u with nhidden = 196, dropout = 0.5
2016-11-21 11:46:00,174 - minerva_ann_networks - INFO - Convpool conv-v-0 params: {'filter_size': (8, 5), 'pool_size': (2, 1), 'nfilters': 12}
2016-11-21 11:46:00,175 - minerva_ann_networks - INFO - Convpool maxpool-v-0
2016-11-21 11:46:00,175 - minerva_ann_networks - INFO - Convpool conv-v-1 params: {'filter_size': (7, 3), 'pool_size': (2, 1), 'nfilters': 20}
2016-11-21 11:46:00,176 - minerva_ann_networks - INFO - Convpool maxpool-v-1
2016-11-21 11:46:00,176 - minerva_ann_networks - INFO - Convpool conv-v-2 params: {'filter_size': (6, 3), 'pool_size': (2, 1), 'nfilters': 28}
2016-11-21 11:46:00,177 - minerva_ann_networks - INFO - Convpool maxpool-v-2
2016-11-21 11:46:00,177 - minerva_ann_networks - INFO - Convpool conv-v-3 params: {'filter_size': (6, 3), 'pool_size': (2, 1), 'nfilters': 36}
2016-11-21 11:46:00,179 - minerva_ann_networks - INFO - Convpool maxpool-v-3
2016-11-21 11:46:00,189 - minerva_ann_networks - INFO - Dense dense-v with nhidden = 196, dropout = 0.5
2016-11-21 11:46:00,189 - minerva_ann_networks - INFO - Network: concat columns...
2016-11-21 11:46:00,191 - minerva_ann_networks - INFO - Dense dense-across with nhidden = 98, dropout = 0.5
2016-11-21 11:46:00,192 - minerva_ann_networks - INFO - Softmax output prob with n_units = 11
2016-11-21 11:46:00,202 - minerva_ann_networks - INFO - n-parameters: 1686071
2016-11-21 11:46:00,204 - minerva_ann_operate_networks - INFO - 
In -->          Layer    --> Out    Description                                                  
-------         -----    -------    -----------                                                  
[]              0        [1]        <lasagne.layers.input.InputLayer object at 0x2b832b086910>   
[0]             1        [2]        <lasagne.layers.conv.Conv2DLayer object at 0x2b832b086b10>   
[1]             2        [3]        <lasagne.layers.pool.MaxPool2DLayer object at 0x2b832b086a50>
[2]             3        [4]        <lasagne.layers.conv.Conv2DLayer object at 0x2b832b134850>   
[3]             4        [5]        <lasagne.layers.pool.MaxPool2DLayer object at 0x2b832b086a10>
[4]             5        [6]        <lasagne.layers.conv.Conv2DLayer object at 0x2b832b134b10>   
[5]             6        [7]        <lasagne.layers.pool.MaxPool2DLayer object at 0x2b832b134b50>
[6]             7        [8]        <lasagne.layers.conv.Conv2DLayer object at 0x2b832b134dd0>   
[7]             8        [9]        <lasagne.layers.pool.MaxPool2DLayer object at 0x2b832b134e10>
[8]             9        [10]       <lasagne.layers.noise.DropoutLayer object at 0x2b832b0869d0> 
[9]             10       [33]       <lasagne.layers.dense.DenseLayer object at 0x2b832b140110>   
[]              11       [12]       <lasagne.layers.input.InputLayer object at 0x2b832b086950>   
[11]            12       [13]       <lasagne.layers.conv.Conv2DLayer object at 0x2b832b140810>   
[12]            13       [14]       <lasagne.layers.pool.MaxPool2DLayer object at 0x2b832b140750>
[13]            14       [15]       <lasagne.layers.conv.Conv2DLayer object at 0x2b832b140a10>   
[14]            15       [16]       <lasagne.layers.pool.MaxPool2DLayer object at 0x2b832b140a50>
[15]            16       [17]       <lasagne.layers.conv.Conv2DLayer object at 0x2b832b140cd0>   
[16]            17       [18]       <lasagne.layers.pool.MaxPool2DLayer object at 0x2b832b140d10>
[17]            18       [19]       <lasagne.layers.conv.Conv2DLayer object at 0x2b832b1407d0>   
[18]            19       [20]       <lasagne.layers.pool.MaxPool2DLayer object at 0x2b832b140fd0>
[19]            20       [21]       <lasagne.layers.noise.DropoutLayer object at 0x2b832b1401d0> 
[20]            21       [33]       <lasagne.layers.dense.DenseLayer object at 0x2b832b14d2d0>   
[]              22       [23]       <lasagne.layers.input.InputLayer object at 0x2b832b086990>   
[22]            23       [24]       <lasagne.layers.conv.Conv2DLayer object at 0x2b832b14d650>   
[23]            24       [25]       <lasagne.layers.pool.MaxPool2DLayer object at 0x2b832b14d590>
[24]            25       [26]       <lasagne.layers.conv.Conv2DLayer object at 0x2b832b14d850>   
[25]            26       [27]       <lasagne.layers.pool.MaxPool2DLayer object at 0x2b832b14d890>
[26]            27       [28]       <lasagne.layers.conv.Conv2DLayer object at 0x2b832b14db10>   
[27]            28       [29]       <lasagne.layers.pool.MaxPool2DLayer object at 0x2b832b14db50>
[28]            29       [30]       <lasagne.layers.conv.Conv2DLayer object at 0x2b832b14ddd0>   
[29]            30       [31]       <lasagne.layers.pool.MaxPool2DLayer object at 0x2b832b14de10>
[30]            31       [32]       <lasagne.layers.noise.DropoutLayer object at 0x2b832b14d390> 
[31]            32       [33]       <lasagne.layers.dense.DenseLayer object at 0x2b832b157110>   
[10, 21, 32]    33       [34]       <lasagne.layers.merge.ConcatLayer object at 0x2b832b1571d0>  
[33]            34       [35]       <lasagne.layers.noise.DropoutLayer object at 0x2b832b157450> 
[34]            35       [36]       <lasagne.layers.dense.DenseLayer object at 0x2b832b1573d0>   
[35]            36       []         <lasagne.layers.dense.DenseLayer object at 0x2b832b157410>   
2016-11-21 11:46:00,204 - minerva_ann_operate_networks - INFO -  Loading parameters file: ./lminerva_spacetime_11_epsilon1479566769.npz
2016-11-21 11:46:01,364 - minerva_ann_operate_networks - INFO - 
        ////
        Use AdaGrad update schedule for learning rate, see Duchi, Hazan, and
        Singer (2011) "Adaptive subgradient methods for online learning and
        stochasitic optimization." JMLR, 12:2121-2159
        ////
        
2016-11-21 11:46:01,909 - minerva_ann_operate_networks - INFO - 
        ////
        Apply Nesterov momentum using Lisa Lab's modifications.
        ////
        
2016-11-21 11:46:32,409 - minerva_ann_operate_networks - INFO - Starting training...
2016-11-21 11:46:32,410 - minerva_ann_operate_networks - INFO - Train slices for epoch 0: [[(2150000, 2200000), (5550000, 5600000), (1950000, 2000000), (3350000, 3400000), (1600000, 1650000), (150000, 200000), (4900000, 4950000), (4350000, 4400000), (2200000, 2250000), (2000000, 2050000), (2050000, 2100000), (3000000, 3050000), (750000, 800000), (2700000, 2750000), (3450000, 3500000), (1150000, 1200000), (400000, 450000), (1850000, 1900000), (700000, 750000), (450000, 500000), (4200000, 4250000), (1800000, 1850000), (3550000, 3600000), (350000, 400000), (3700000, 3750000), (4100000, 4150000), (3750000, 3800000), (2500000, 2550000), (5650000, 5700000), (4800000, 4850000), (3150000, 3200000), (4500000, 4550000), (4550000, 4600000), (2350000, 2400000), (250000, 300000), (2900000, 2950000), (5500000, 5550000), (4750000, 4800000), (2650000, 2700000), (1250000, 1300000), (4950000, 5000000), (3500000, 3550000), (4400000, 4450000), (3050000, 3100000), (3200000, 3250000), (850000, 900000), (50000, 100000), (5700000, 5728658), (1400000, 1450000), (3800000, 3850000), (5300000, 5350000), (2550000, 2600000), (4650000, 4700000), (300000, 350000), (3650000, 3700000), (1700000, 1750000), (4600000, 4650000), (5100000, 5150000), (2250000, 2300000), (1050000, 1100000), (1350000, 1400000), (3900000, 3950000), (1450000, 1500000), (1550000, 1600000), (4050000, 4100000), (4250000, 4300000), (2850000, 2900000), (3300000, 3350000), (1750000, 1800000), (5350000, 5400000), (4700000, 4750000), (5200000, 5250000), (1300000, 1350000), (2800000, 2850000), (3950000, 4000000), (2300000, 2350000), (5150000, 5200000), (4150000, 4200000), (5050000, 5100000), (5450000, 5500000), (3850000, 3900000), (1650000, 1700000), (2400000, 2450000), (800000, 850000), (2450000, 2500000), (1900000, 1950000), (4850000, 4900000), (600000, 650000), (1000000, 1050000), (2600000, 2650000), (5000000, 5050000), (3600000, 3650000), (1500000, 1550000), (100000, 150000), (2100000, 2150000), (4000000, 4050000), (500000, 550000), (550000, 600000), (900000, 950000), (3400000, 3450000), (200000, 250000), (4450000, 4500000), (5250000, 5300000), (3250000, 3300000), (5400000, 5450000), (650000, 700000), (950000, 1000000), (1100000, 1150000), (4300000, 4350000), (2750000, 2800000), (2950000, 3000000), (1200000, 1250000), (5600000, 5650000), (0, 50000), (3100000, 3150000)]]
2016-11-21 11:48:40,861 - minerva_ann_operate_networks - INFO -   Loading slice (2150000, 2200000) from /phihome/perdue/theano/data/minosmatch_nukecczdefs_genallzwitht_pcodecap66_127x50x25_xtxutuvtv_me1Amc.hdf5 took 128.451s.
2016-11-21 11:49:46,166 - minerva_ann_operate_networks - INFO -   -Iterating over the slice took 65.305s.
2016-11-21 11:51:14,148 - minerva_ann_operate_networks - INFO -   Loading slice (5550000, 5600000) from /phihome/perdue/theano/data/minosmatch_nukecczdefs_genallzwitht_pcodecap66_127x50x25_xtxutuvtv_me1Amc.hdf5 took 86.889s.
2016-11-21 11:52:18,010 - minerva_ann_operate_networks - INFO -   -Iterating over the slice took 63.861s.
2016-11-21 11:54:17,735 - minerva_ann_operate_networks - INFO -   Loading slice (1950000, 2000000) from /phihome/perdue/theano/data/minosmatch_nukecczdefs_genallzwitht_pcodecap66_127x50x25_xtxutuvtv_me1Amc.hdf5 took 118.405s.
2016-11-21 11:55:23,190 - minerva_ann_operate_networks - INFO -   -Iterating over the slice took 65.454s.
2016-11-21 12:03:24,341 - minerva_ann_operate_networks - INFO -   Loading slice (3350000, 3400000) from /phihome/perdue/theano/data/minosmatch_nukecczdefs_genallzwitht_pcodecap66_127x50x25_xtxutuvtv_me1Amc.hdf5 took 479.965s.
2016-11-21 12:04:27,971 - minerva_ann_operate_networks - INFO -   -Iterating over the slice took 63.630s.
2016-11-21 12:16:41,878 - minerva_ann_operate_networks - INFO -   Loading slice (1600000, 1650000) from /phihome/perdue/theano/data/minosmatch_nukecczdefs_genallzwitht_pcodecap66_127x50x25_xtxutuvtv_me1Amc.hdf5 took 732.675s.
2016-11-21 12:17:45,470 - minerva_ann_operate_networks - INFO -   -Iterating over the slice took 63.591s.
2016-11-21 12:29:19,491 - minerva_ann_operate_networks - INFO -   Loading slice (150000, 200000) from /phihome/perdue/theano/data/minosmatch_nukecczdefs_genallzwitht_pcodecap66_127x50x25_xtxutuvtv_me1Amc.hdf5 took 693.108s.
2016-11-21 12:30:23,068 - minerva_ann_operate_networks - INFO -   -Iterating over the slice took 63.576s.
2016-11-21 12:39:33,381 - minerva_ann_operate_networks - INFO -   Loading slice (4900000, 4950000) from /phihome/perdue/theano/data/minosmatch_nukecczdefs_genallzwitht_pcodecap66_127x50x25_xtxutuvtv_me1Amc.hdf5 took 549.156s.
2016-11-21 12:40:36,968 - minerva_ann_operate_networks - INFO -   -Iterating over the slice took 63.587s.
2016-11-21 13:14:06,669 - minerva_ann_operate_networks - INFO -   Loading slice (4350000, 4400000) from /phihome/perdue/theano/data/minosmatch_nukecczdefs_genallzwitht_pcodecap66_127x50x25_xtxutuvtv_me1Amc.hdf5 took 2008.672s.
2016-11-21 13:15:21,532 - minerva_ann_operate_networks - INFO -   -Iterating over the slice took 74.862s.
2016-11-21 13:16:59,133 - minerva_ann_operate_networks - INFO -   Loading slice (2200000, 2250000) from /phihome/perdue/theano/data/minosmatch_nukecczdefs_genallzwitht_pcodecap66_127x50x25_xtxutuvtv_me1Amc.hdf5 took 96.586s.
2016-11-21 13:18:04,633 - minerva_ann_operate_networks - INFO -   -Iterating over the slice took 65.499s.
2016-11-21 13:19:35,985 - minerva_ann_operate_networks - INFO -   Loading slice (2000000, 2050000) from /phihome/perdue/theano/data/minosmatch_nukecczdefs_genallzwitht_pcodecap66_127x50x25_xtxutuvtv_me1Amc.hdf5 took 90.316s.
2016-11-21 13:20:50,250 - minerva_ann_operate_networks - INFO -   -Iterating over the slice took 74.264s.
2016-11-21 13:22:54,724 - minerva_ann_operate_networks - INFO -   Loading slice (2050000, 2100000) from /phihome/perdue/theano/data/minosmatch_nukecczdefs_genallzwitht_pcodecap66_127x50x25_xtxutuvtv_me1Amc.hdf5 took 123.560s.
2016-11-21 13:24:19,999 - minerva_ann_operate_networks - INFO -   -Iterating over the slice took 85.274s.
2016-11-21 13:26:30,517 - minerva_ann_operate_networks - INFO -   Loading slice (3000000, 3050000) from /phihome/perdue/theano/data/minosmatch_nukecczdefs_genallzwitht_pcodecap66_127x50x25_xtxutuvtv_me1Amc.hdf5 took 129.545s.
2016-11-21 13:27:36,699 - minerva_ann_operate_networks - INFO -   -Iterating over the slice took 66.181s.
2016-11-21 13:32:02,169 - minerva_ann_operate_networks - INFO -   Loading slice (750000, 800000) from /phihome/perdue/theano/data/minosmatch_nukecczdefs_genallzwitht_pcodecap66_127x50x25_xtxutuvtv_me1Amc.hdf5 took 264.525s.
2016-11-21 13:33:13,753 - minerva_ann_operate_networks - INFO -   -Iterating over the slice took 71.583s.
2016-11-21 13:35:25,714 - minerva_ann_operate_networks - INFO -   Loading slice (2700000, 2750000) from /phihome/perdue/theano/data/minosmatch_nukecczdefs_genallzwitht_pcodecap66_127x50x25_xtxutuvtv_me1Amc.hdf5 took 130.933s.
2016-11-21 13:36:31,576 - minerva_ann_operate_networks - INFO -   -Iterating over the slice took 65.861s.
2016-11-21 13:38:03,994 - minerva_ann_operate_networks - INFO -   Loading slice (3450000, 3500000) from /phihome/perdue/theano/data/minosmatch_nukecczdefs_genallzwitht_pcodecap66_127x50x25_xtxutuvtv_me1Amc.hdf5 took 91.413s.
2016-11-21 13:39:09,306 - minerva_ann_operate_networks - INFO -   -Iterating over the slice took 65.312s.
2016-11-21 13:40:42,023 - minerva_ann_operate_networks - INFO -   Loading slice (1150000, 1200000) from /phihome/perdue/theano/data/minosmatch_nukecczdefs_genallzwitht_pcodecap66_127x50x25_xtxutuvtv_me1Amc.hdf5 took 91.636s.
2016-11-21 13:41:51,319 - minerva_ann_operate_networks - INFO -   -Iterating over the slice took 69.295s.
2016-11-21 13:44:21,828 - minerva_ann_operate_networks - INFO -   Loading slice (400000, 450000) from /phihome/perdue/theano/data/minosmatch_nukecczdefs_genallzwitht_pcodecap66_127x50x25_xtxutuvtv_me1Amc.hdf5 took 149.535s.
2016-11-21 13:45:27,328 - minerva_ann_operate_networks - INFO -   -Iterating over the slice took 65.500s.
2016-11-21 13:47:54,916 - minerva_ann_operate_networks - INFO -   Loading slice (1850000, 1900000) from /phihome/perdue/theano/data/minosmatch_nukecczdefs_genallzwitht_pcodecap66_127x50x25_xtxutuvtv_me1Amc.hdf5 took 146.502s.
2016-11-21 13:49:00,568 - minerva_ann_operate_networks - INFO -   -Iterating over the slice took 65.651s.
2016-11-21 14:22:18,283 - minerva_ann_operate_networks - INFO -   Loading slice (700000, 750000) from /phihome/perdue/theano/data/minosmatch_nukecczdefs_genallzwitht_pcodecap66_127x50x25_xtxutuvtv_me1Amc.hdf5 took 1996.730s.
2016-11-21 14:46:12,623 - minerva_ann_operate_networks - INFO -   -Iterating over the slice took 1434.339s.
2016-11-21 14:50:58,006 - minerva_ann_operate_networks - INFO -   Loading slice (450000, 500000) from /phihome/perdue/theano/data/minosmatch_nukecczdefs_genallzwitht_pcodecap66_127x50x25_xtxutuvtv_me1Amc.hdf5 took 284.408s.
2016-11-21 14:55:15,909 - minerva_ann_operate_networks - INFO -   -Iterating over the slice took 257.901s.
2016-11-21 16:05:28,664 - minerva_ann_operate_networks - INFO -   Loading slice (4200000, 4250000) from /phihome/perdue/theano/data/minosmatch_nukecczdefs_genallzwitht_pcodecap66_127x50x25_xtxutuvtv_me1Amc.hdf5 took 4211.662s.
2016-11-21 16:32:15,301 - minerva_ann_operate_networks - INFO -   -Iterating over the slice took 1606.636s.
2016-11-21 16:59:39,343 - minerva_ann_operate_networks - INFO -   Loading slice (1800000, 1850000) from /phihome/perdue/theano/data/minosmatch_nukecczdefs_genallzwitht_pcodecap66_127x50x25_xtxutuvtv_me1Amc.hdf5 took 1643.042s.
2016-11-21 17:06:39,270 - minerva_ann_operate_networks - INFO -   -Iterating over the slice took 419.926s.
2016-11-21 17:59:16,596 - minerva_ann_operate_networks - INFO -   Loading slice (3550000, 3600000) from /phihome/perdue/theano/data/minosmatch_nukecczdefs_genallzwitht_pcodecap66_127x50x25_xtxutuvtv_me1Amc.hdf5 took 3156.257s.
2016-11-21 18:01:30,794 - minerva_ann_operate_networks - INFO -   -Iterating over the slice took 134.197s.
2016-11-21 19:24:29,696 - minerva_ann_operate_networks - INFO -   Loading slice (350000, 400000) from /phihome/perdue/theano/data/minosmatch_nukecczdefs_genallzwitht_pcodecap66_127x50x25_xtxutuvtv_me1Amc.hdf5 took 4977.782s.
2016-11-21 19:35:01,316 - minerva_ann_operate_networks - INFO -   -Iterating over the slice took 631.619s.
2016-11-21 20:46:35,460 - minerva_ann_operate_networks - INFO -   Loading slice (3700000, 3750000) from /phihome/perdue/theano/data/minosmatch_nukecczdefs_genallzwitht_pcodecap66_127x50x25_xtxutuvtv_me1Amc.hdf5 took 4293.080s.
2016-11-21 21:07:35,648 - minerva_ann_operate_networks - INFO -   -Iterating over the slice took 1260.187s.
2016-11-21 22:04:29,609 - minerva_ann_operate_networks - INFO -   Loading slice (4100000, 4150000) from /phihome/perdue/theano/data/minosmatch_nukecczdefs_genallzwitht_pcodecap66_127x50x25_xtxutuvtv_me1Amc.hdf5 took 3412.849s.
2016-11-21 22:10:00,771 - minerva_ann_operate_networks - INFO -   -Iterating over the slice took 331.161s.
2016-11-21 23:10:58,287 - minerva_ann_operate_networks - INFO -   Loading slice (3750000, 3800000) from /phihome/perdue/theano/data/minosmatch_nukecczdefs_genallzwitht_pcodecap66_127x50x25_xtxutuvtv_me1Amc.hdf5 took 3656.480s.
2016-11-21 23:23:05,085 - minerva_ann_operate_networks - INFO -   -Iterating over the slice took 726.797s.
2016-11-22 00:16:29,698 - minerva_ann_operate_networks - INFO -   Loading slice (2500000, 2550000) from /phihome/perdue/theano/data/minosmatch_nukecczdefs_genallzwitht_pcodecap66_127x50x25_xtxutuvtv_me1Amc.hdf5 took 3203.655s.
2016-11-22 00:21:09,243 - minerva_ann_operate_networks - INFO -   -Iterating over the slice took 279.544s.
2016-11-22 01:11:31,362 - minerva_ann_operate_networks - INFO -   Loading slice (5650000, 5700000) from /phihome/perdue/theano/data/minosmatch_nukecczdefs_genallzwitht_pcodecap66_127x50x25_xtxutuvtv_me1Amc.hdf5 took 3021.117s.
2016-11-22 01:48:26,536 - minerva_ann_operate_networks - INFO -   -Iterating over the slice took 2215.173s.
2016-11-22 03:02:35,710 - minerva_ann_operate_networks - INFO -   Loading slice (4800000, 4850000) from /phihome/perdue/theano/data/minosmatch_nukecczdefs_genallzwitht_pcodecap66_127x50x25_xtxutuvtv_me1Amc.hdf5 took 4448.347s.
2016-11-22 03:11:42,939 - minerva_ann_operate_networks - INFO -   -Iterating over the slice took 547.228s.
2016-11-22 03:52:10,544 - minerva_ann_operate_networks - INFO -   Loading slice (3150000, 3200000) from /phihome/perdue/theano/data/minosmatch_nukecczdefs_genallzwitht_pcodecap66_127x50x25_xtxutuvtv_me1Amc.hdf5 took 2426.611s.
2016-11-22 04:25:19,405 - minerva_ann_operate_networks - INFO -   -Iterating over the slice took 1988.860s.
2016-11-22 05:35:45,021 - minerva_ann_operate_networks - INFO -   Loading slice (4500000, 4550000) from /phihome/perdue/theano/data/minosmatch_nukecczdefs_genallzwitht_pcodecap66_127x50x25_xtxutuvtv_me1Amc.hdf5 took 4224.688s.
2016-11-22 06:02:12,626 - minerva_ann_operate_networks - INFO -   -Iterating over the slice took 1587.604s.
2016-11-22 08:31:14,768 - minerva_ann_operate_networks - INFO -   Loading slice (4550000, 4600000) from /phihome/perdue/theano/data/minosmatch_nukecczdefs_genallzwitht_pcodecap66_127x50x25_xtxutuvtv_me1Amc.hdf5 took 8941.150s.
2016-11-22 08:42:25,713 - minerva_ann_operate_networks - INFO -   -Iterating over the slice took 670.945s.
2016-11-22 09:12:11,118 - minerva_ann_operate_networks - INFO -   Loading slice (2350000, 2400000) from /phihome/perdue/theano/data/minosmatch_nukecczdefs_genallzwitht_pcodecap66_127x50x25_xtxutuvtv_me1Amc.hdf5 took 1783.977s.
2016-11-22 09:13:16,842 - minerva_ann_operate_networks - INFO -   -Iterating over the slice took 65.723s.
2016-11-22 09:14:47,594 - minerva_ann_operate_networks - INFO -   Loading slice (250000, 300000) from /phihome/perdue/theano/data/minosmatch_nukecczdefs_genallzwitht_pcodecap66_127x50x25_xtxutuvtv_me1Amc.hdf5 took 89.880s.
2016-11-22 09:15:53,544 - minerva_ann_operate_networks - INFO -   -Iterating over the slice took 65.949s.
2016-11-22 09:17:53,863 - minerva_ann_operate_networks - INFO -   Loading slice (2900000, 2950000) from /phihome/perdue/theano/data/minosmatch_nukecczdefs_genallzwitht_pcodecap66_127x50x25_xtxutuvtv_me1Amc.hdf5 took 119.313s.
2016-11-22 09:18:59,592 - minerva_ann_operate_networks - INFO -   -Iterating over the slice took 65.728s.
2016-11-22 09:21:00,337 - minerva_ann_operate_networks - INFO -   Loading slice (5500000, 5550000) from /phihome/perdue/theano/data/minosmatch_nukecczdefs_genallzwitht_pcodecap66_127x50x25_xtxutuvtv_me1Amc.hdf5 took 119.815s.
2016-11-22 09:22:05,872 - minerva_ann_operate_networks - INFO -   -Iterating over the slice took 65.534s.
2016-11-22 09:24:01,328 - minerva_ann_operate_networks - INFO -   Loading slice (4750000, 4800000) from /phihome/perdue/theano/data/minosmatch_nukecczdefs_genallzwitht_pcodecap66_127x50x25_xtxutuvtv_me1Amc.hdf5 took 114.453s.
2016-11-22 09:25:06,821 - minerva_ann_operate_networks - INFO -   -Iterating over the slice took 65.492s.
2016-11-22 09:26:38,610 - minerva_ann_operate_networks - INFO -   Loading slice (2650000, 2700000) from /phihome/perdue/theano/data/minosmatch_nukecczdefs_genallzwitht_pcodecap66_127x50x25_xtxutuvtv_me1Amc.hdf5 took 90.600s.
2016-11-22 09:27:44,151 - minerva_ann_operate_networks - INFO -   -Iterating over the slice took 65.540s.
2016-11-22 09:29:15,179 - minerva_ann_operate_networks - INFO -   Loading slice (1250000, 1300000) from /phihome/perdue/theano/data/minosmatch_nukecczdefs_genallzwitht_pcodecap66_127x50x25_xtxutuvtv_me1Amc.hdf5 took 89.894s.
2016-11-22 09:30:20,639 - minerva_ann_operate_networks - INFO -   -Iterating over the slice took 65.459s.
2016-11-22 09:32:18,443 - minerva_ann_operate_networks - INFO -   Loading slice (4950000, 5000000) from /phihome/perdue/theano/data/minosmatch_nukecczdefs_genallzwitht_pcodecap66_127x50x25_xtxutuvtv_me1Amc.hdf5 took 116.864s.
2016-11-22 09:33:23,880 - minerva_ann_operate_networks - INFO -   -Iterating over the slice took 65.436s.
2016-11-22 09:35:21,948 - minerva_ann_operate_networks - INFO -   Loading slice (3500000, 3550000) from /phihome/perdue/theano/data/minosmatch_nukecczdefs_genallzwitht_pcodecap66_127x50x25_xtxutuvtv_me1Amc.hdf5 took 117.079s.
2016-11-22 09:36:27,316 - minerva_ann_operate_networks - INFO -   -Iterating over the slice took 65.367s.
2016-11-22 09:37:52,489 - minerva_ann_operate_networks - INFO -   Loading slice (4400000, 4450000) from /phihome/perdue/theano/data/minosmatch_nukecczdefs_genallzwitht_pcodecap66_127x50x25_xtxutuvtv_me1Amc.hdf5 took 84.190s.
2016-11-22 09:38:57,848 - minerva_ann_operate_networks - INFO -   -Iterating over the slice took 65.358s.
2016-11-22 09:40:22,936 - minerva_ann_operate_networks - INFO -   Loading slice (3050000, 3100000) from /phihome/perdue/theano/data/minosmatch_nukecczdefs_genallzwitht_pcodecap66_127x50x25_xtxutuvtv_me1Amc.hdf5 took 84.092s.
2016-11-22 09:41:28,231 - minerva_ann_operate_networks - INFO -   -Iterating over the slice took 65.295s.
2016-11-22 09:43:23,679 - minerva_ann_operate_networks - INFO -   Loading slice (3200000, 3250000) from /phihome/perdue/theano/data/minosmatch_nukecczdefs_genallzwitht_pcodecap66_127x50x25_xtxutuvtv_me1Amc.hdf5 took 114.440s.
2016-11-22 09:44:28,458 - minerva_ann_operate_networks - INFO -   -Iterating over the slice took 64.779s.
2016-11-22 09:45:53,363 - minerva_ann_operate_networks - INFO -   Loading slice (850000, 900000) from /phihome/perdue/theano/data/minosmatch_nukecczdefs_genallzwitht_pcodecap66_127x50x25_xtxutuvtv_me1Amc.hdf5 took 83.860s.
2016-11-22 09:46:58,166 - minerva_ann_operate_networks - INFO -   -Iterating over the slice took 64.803s.
2016-11-22 09:48:22,778 - minerva_ann_operate_networks - INFO -   Loading slice (50000, 100000) from /phihome/perdue/theano/data/minosmatch_nukecczdefs_genallzwitht_pcodecap66_127x50x25_xtxutuvtv_me1Amc.hdf5 took 83.544s.
2016-11-22 09:49:27,552 - minerva_ann_operate_networks - INFO -   -Iterating over the slice took 64.773s.
2016-11-22 09:51:02,299 - minerva_ann_operate_networks - INFO -   Loading slice (5700000, 5728658) from /phihome/perdue/theano/data/minosmatch_nukecczdefs_genallzwitht_pcodecap66_127x50x25_xtxutuvtv_me1Amc.hdf5 took 93.714s.
2016-11-22 09:51:39,456 - minerva_ann_operate_networks - INFO -   -Iterating over the slice took 37.155s.
2016-11-22 09:53:04,257 - minerva_ann_operate_networks - INFO -   Loading slice (1400000, 1450000) from /phihome/perdue/theano/data/minosmatch_nukecczdefs_genallzwitht_pcodecap66_127x50x25_xtxutuvtv_me1Amc.hdf5 took 83.740s.
2016-11-22 09:54:09,829 - minerva_ann_operate_networks - INFO -   -Iterating over the slice took 65.572s.
2016-11-22 09:55:34,756 - minerva_ann_operate_networks - INFO -   Loading slice (3800000, 3850000) from /phihome/perdue/theano/data/minosmatch_nukecczdefs_genallzwitht_pcodecap66_127x50x25_xtxutuvtv_me1Amc.hdf5 took 84.041s.
2016-11-22 09:56:40,245 - minerva_ann_operate_networks - INFO -   -Iterating over the slice took 65.489s.
2016-11-22 09:58:35,030 - minerva_ann_operate_networks - INFO -   Loading slice (5300000, 5350000) from /phihome/perdue/theano/data/minosmatch_nukecczdefs_genallzwitht_pcodecap66_127x50x25_xtxutuvtv_me1Amc.hdf5 took 113.747s.
2016-11-22 09:59:40,470 - minerva_ann_operate_networks - INFO -   -Iterating over the slice took 65.439s.
2016-11-22 10:01:07,434 - minerva_ann_operate_networks - INFO -   Loading slice (2550000, 2600000) from /phihome/perdue/theano/data/minosmatch_nukecczdefs_genallzwitht_pcodecap66_127x50x25_xtxutuvtv_me1Amc.hdf5 took 85.902s.
2016-11-22 10:02:12,858 - minerva_ann_operate_networks - INFO -   -Iterating over the slice took 65.423s.
2016-11-22 10:04:08,951 - minerva_ann_operate_networks - INFO -   Loading slice (4650000, 4700000) from /phihome/perdue/theano/data/minosmatch_nukecczdefs_genallzwitht_pcodecap66_127x50x25_xtxutuvtv_me1Amc.hdf5 took 115.139s.
2016-11-22 10:05:14,356 - minerva_ann_operate_networks - INFO -   -Iterating over the slice took 65.404s.
2016-11-22 10:07:09,957 - minerva_ann_operate_networks - INFO -   Loading slice (300000, 350000) from /phihome/perdue/theano/data/minosmatch_nukecczdefs_genallzwitht_pcodecap66_127x50x25_xtxutuvtv_me1Amc.hdf5 took 114.641s.
2016-11-22 10:08:14,728 - minerva_ann_operate_networks - INFO -   -Iterating over the slice took 64.770s.
2016-11-22 10:09:40,571 - minerva_ann_operate_networks - INFO -   Loading slice (3650000, 3700000) from /phihome/perdue/theano/data/minosmatch_nukecczdefs_genallzwitht_pcodecap66_127x50x25_xtxutuvtv_me1Amc.hdf5 took 84.881s.
2016-11-22 10:10:45,224 - minerva_ann_operate_networks - INFO -   -Iterating over the slice took 64.652s.
2016-11-22 10:12:14,463 - minerva_ann_operate_networks - INFO -   Loading slice (1700000, 1750000) from /phihome/perdue/theano/data/minosmatch_nukecczdefs_genallzwitht_pcodecap66_127x50x25_xtxutuvtv_me1Amc.hdf5 took 88.190s.
2016-11-22 10:13:19,826 - minerva_ann_operate_networks - INFO -   -Iterating over the slice took 65.363s.
2016-11-22 10:14:46,925 - minerva_ann_operate_networks - INFO -   Loading slice (4600000, 4650000) from /phihome/perdue/theano/data/minosmatch_nukecczdefs_genallzwitht_pcodecap66_127x50x25_xtxutuvtv_me1Amc.hdf5 took 85.899s.
2016-11-22 10:15:51,448 - minerva_ann_operate_networks - INFO -   -Iterating over the slice took 64.522s.
2016-11-22 10:17:47,680 - minerva_ann_operate_networks - INFO -   Loading slice (5100000, 5150000) from /phihome/perdue/theano/data/minosmatch_nukecczdefs_genallzwitht_pcodecap66_127x50x25_xtxutuvtv_me1Amc.hdf5 took 115.244s.
2016-11-22 10:18:52,287 - minerva_ann_operate_networks - INFO -   -Iterating over the slice took 64.606s.
2016-11-22 10:20:50,197 - minerva_ann_operate_networks - INFO -   Loading slice (2250000, 2300000) from /phihome/perdue/theano/data/minosmatch_nukecczdefs_genallzwitht_pcodecap66_127x50x25_xtxutuvtv_me1Amc.hdf5 took 116.980s.
2016-11-22 10:21:53,865 - minerva_ann_operate_networks - INFO -   -Iterating over the slice took 63.667s.
2016-11-22 10:23:19,840 - minerva_ann_operate_networks - INFO -   Loading slice (1050000, 1100000) from /phihome/perdue/theano/data/minosmatch_nukecczdefs_genallzwitht_pcodecap66_127x50x25_xtxutuvtv_me1Amc.hdf5 took 84.971s.
2016-11-22 10:24:24,343 - minerva_ann_operate_networks - INFO -   -Iterating over the slice took 64.502s.
2016-11-22 10:26:21,590 - minerva_ann_operate_networks - INFO -   Loading slice (1350000, 1400000) from /phihome/perdue/theano/data/minosmatch_nukecczdefs_genallzwitht_pcodecap66_127x50x25_xtxutuvtv_me1Amc.hdf5 took 116.344s.
2016-11-22 10:27:25,270 - minerva_ann_operate_networks - INFO -   -Iterating over the slice took 63.679s.
2016-11-22 10:28:53,224 - minerva_ann_operate_networks - INFO -   Loading slice (3900000, 3950000) from /phihome/perdue/theano/data/minosmatch_nukecczdefs_genallzwitht_pcodecap66_127x50x25_xtxutuvtv_me1Amc.hdf5 took 86.952s.
2016-11-22 10:29:57,506 - minerva_ann_operate_networks - INFO -   -Iterating over the slice took 64.281s.
2016-11-22 10:31:58,810 - minerva_ann_operate_networks - INFO -   Loading slice (1450000, 1500000) from /phihome/perdue/theano/data/minosmatch_nukecczdefs_genallzwitht_pcodecap66_127x50x25_xtxutuvtv_me1Amc.hdf5 took 120.297s.
2016-11-22 10:33:02,471 - minerva_ann_operate_networks - INFO -   -Iterating over the slice took 63.661s.
2016-11-22 10:35:02,719 - minerva_ann_operate_networks - INFO -   Loading slice (1550000, 1600000) from /phihome/perdue/theano/data/minosmatch_nukecczdefs_genallzwitht_pcodecap66_127x50x25_xtxutuvtv_me1Amc.hdf5 took 119.254s.
2016-11-22 10:36:06,543 - minerva_ann_operate_networks - INFO -   -Iterating over the slice took 63.822s.
2016-11-22 10:38:29,861 - minerva_ann_operate_networks - INFO -   Loading slice (4050000, 4100000) from /phihome/perdue/theano/data/minosmatch_nukecczdefs_genallzwitht_pcodecap66_127x50x25_xtxutuvtv_me1Amc.hdf5 took 142.334s.
2016-11-22 10:39:34,142 - minerva_ann_operate_networks - INFO -   -Iterating over the slice took 64.280s.
2016-11-22 10:49:33,124 - minerva_ann_operate_networks - INFO -   Loading slice (4250000, 4300000) from /phihome/perdue/theano/data/minosmatch_nukecczdefs_genallzwitht_pcodecap66_127x50x25_xtxutuvtv_me1Amc.hdf5 took 597.694s.
2016-11-22 10:50:52,264 - minerva_ann_operate_networks - INFO -   -Iterating over the slice took 79.140s.
2016-11-22 10:52:20,317 - minerva_ann_operate_networks - INFO -   Loading slice (2850000, 2900000) from /phihome/perdue/theano/data/minosmatch_nukecczdefs_genallzwitht_pcodecap66_127x50x25_xtxutuvtv_me1Amc.hdf5 took 86.824s.
2016-11-22 10:53:24,503 - minerva_ann_operate_networks - INFO -   -Iterating over the slice took 64.185s.
2016-11-22 10:56:28,318 - minerva_ann_operate_networks - INFO -   Loading slice (3300000, 3350000) from /phihome/perdue/theano/data/minosmatch_nukecczdefs_genallzwitht_pcodecap66_127x50x25_xtxutuvtv_me1Amc.hdf5 took 182.785s.
2016-11-22 10:57:32,004 - minerva_ann_operate_networks - INFO -   -Iterating over the slice took 63.685s.
2016-11-22 11:02:22,291 - minerva_ann_operate_networks - INFO -   Loading slice (1750000, 1800000) from /phihome/perdue/theano/data/minosmatch_nukecczdefs_genallzwitht_pcodecap66_127x50x25_xtxutuvtv_me1Amc.hdf5 took 289.329s.
2016-11-22 11:03:25,915 - minerva_ann_operate_networks - INFO -   -Iterating over the slice took 63.623s.
2016-11-22 11:07:02,429 - minerva_ann_operate_networks - INFO -   Loading slice (5350000, 5400000) from /phihome/perdue/theano/data/minosmatch_nukecczdefs_genallzwitht_pcodecap66_127x50x25_xtxutuvtv_me1Amc.hdf5 took 215.519s.
2016-11-22 11:08:06,232 - minerva_ann_operate_networks - INFO -   -Iterating over the slice took 63.803s.
2016-11-22 11:10:59,088 - minerva_ann_operate_networks - INFO -   Loading slice (4700000, 4750000) from /phihome/perdue/theano/data/minosmatch_nukecczdefs_genallzwitht_pcodecap66_127x50x25_xtxutuvtv_me1Amc.hdf5 took 171.475s.
2016-11-22 11:12:02,923 - minerva_ann_operate_networks - INFO -   -Iterating over the slice took 63.834s.
2016-11-22 11:14:37,199 - minerva_ann_operate_networks - INFO -   Loading slice (5200000, 5250000) from /phihome/perdue/theano/data/minosmatch_nukecczdefs_genallzwitht_pcodecap66_127x50x25_xtxutuvtv_me1Amc.hdf5 took 153.251s.
2016-11-22 11:15:40,847 - minerva_ann_operate_networks - INFO -   -Iterating over the slice took 63.647s.
2016-11-22 11:19:31,414 - minerva_ann_operate_networks - INFO -   Loading slice (1300000, 1350000) from /phihome/perdue/theano/data/minosmatch_nukecczdefs_genallzwitht_pcodecap66_127x50x25_xtxutuvtv_me1Amc.hdf5 took 229.610s.
2016-11-22 11:20:35,190 - minerva_ann_operate_networks - INFO -   -Iterating over the slice took 63.775s.
2016-11-22 11:26:23,968 - minerva_ann_operate_networks - INFO -   Loading slice (2800000, 2850000) from /phihome/perdue/theano/data/minosmatch_nukecczdefs_genallzwitht_pcodecap66_127x50x25_xtxutuvtv_me1Amc.hdf5 took 341.621s.
2016-11-22 11:27:27,608 - minerva_ann_operate_networks - INFO -   -Iterating over the slice took 63.639s.
2016-11-22 11:32:41,947 - minerva_ann_operate_networks - INFO -   Loading slice (3950000, 4000000) from /phihome/perdue/theano/data/minosmatch_nukecczdefs_genallzwitht_pcodecap66_127x50x25_xtxutuvtv_me1Amc.hdf5 took 313.380s.
2016-11-22 11:33:45,765 - minerva_ann_operate_networks - INFO -   -Iterating over the slice took 63.818s.
