2016-10-13 08:27:18,451 - __main__ - INFO - Starting...
2016-10-13 08:27:18,451 - __main__ - INFO - minerva_tricolumnar_spacetime_epsilon.py
2016-10-13 08:27:18,451 - __main__ - INFO -  Begin with saved pars? False
2016-10-13 08:27:18,451 - __main__ - INFO -  Saved parameters file: ./lminerva_spacetime_epsilon1476365223.npz
2016-10-13 08:27:18,452 - __main__ - INFO -  Saved parameters file exists? False
2016-10-13 08:27:18,452 - __main__ - INFO -  Datasets: ['/phihome/perdue/theano/data/minosmatch_nukecczdefs_genallzwitht_pcodecap66_127x50x25_xtxutuvtv_me1Bmc.hdf5']
2016-10-13 08:27:18,453 - __main__ - INFO -  Dataset size: 6076210092
2016-10-13 08:27:18,453 - __main__ - INFO -  Planned number of epochs: 1
2016-10-13 08:27:18,453 - __main__ - INFO -  Learning rate: 0.001
2016-10-13 08:27:18,453 - __main__ - INFO -  Momentum: 0.9
2016-10-13 08:27:18,453 - __main__ - INFO -  Batch size: 500
2016-10-13 08:27:18,453 - __main__ - INFO -  L2 regularization penalty scale: 0.0001
2016-10-13 08:27:18,453 - minerva_ann_operate_networks - INFO - Loading data...
2016-10-13 08:27:18,554 - minerva_ann_datasets - INFO -  Learning sample size = 2942915 examples
2016-10-13 08:27:18,554 - minerva_ann_datasets - INFO -  Validation sample size = 354568 examples
2016-10-13 08:27:18,555 - minerva_ann_datasets - INFO -  Testing sample size = 248198 examples
2016-10-13 08:27:18,555 - minerva_ann_networks - INFO - Convpool conv-x-0 params: {'filter_size': (8, 3), 'pool_size': (2, 1), 'nfilters': 12}
2016-10-13 08:27:18,574 - minerva_ann_networks - INFO - Convpool maxpool-x-0
2016-10-13 08:27:18,574 - minerva_ann_networks - INFO - Convpool conv-x-1 params: {'filter_size': (7, 3), 'pool_size': (2, 1), 'nfilters': 20}
2016-10-13 08:27:18,575 - minerva_ann_networks - INFO - Convpool maxpool-x-1
2016-10-13 08:27:18,575 - minerva_ann_networks - INFO - Convpool conv-x-2 params: {'filter_size': (6, 3), 'pool_size': (2, 1), 'nfilters': 28}
2016-10-13 08:27:18,576 - minerva_ann_networks - INFO - Convpool maxpool-x-2
2016-10-13 08:27:18,576 - minerva_ann_networks - INFO - Convpool conv-x-3 params: {'filter_size': (6, 3), 'pool_size': (2, 1), 'nfilters': 36}
2016-10-13 08:27:18,577 - minerva_ann_networks - INFO - Convpool maxpool-x-3
2016-10-13 08:27:18,602 - minerva_ann_networks - INFO - Dense dense-x with nhidden = 196, dropout = 0.5
2016-10-13 08:27:18,602 - minerva_ann_networks - INFO - Convpool conv-u-0 params: {'filter_size': (8, 5), 'pool_size': (2, 1), 'nfilters': 12}
2016-10-13 08:27:18,603 - minerva_ann_networks - INFO - Convpool maxpool-u-0
2016-10-13 08:27:18,603 - minerva_ann_networks - INFO - Convpool conv-u-1 params: {'filter_size': (7, 3), 'pool_size': (2, 1), 'nfilters': 20}
2016-10-13 08:27:18,603 - minerva_ann_networks - INFO - Convpool maxpool-u-1
2016-10-13 08:27:18,603 - minerva_ann_networks - INFO - Convpool conv-u-2 params: {'filter_size': (6, 3), 'pool_size': (2, 1), 'nfilters': 28}
2016-10-13 08:27:18,604 - minerva_ann_networks - INFO - Convpool maxpool-u-2
2016-10-13 08:27:18,604 - minerva_ann_networks - INFO - Convpool conv-u-3 params: {'filter_size': (6, 3), 'pool_size': (2, 1), 'nfilters': 36}
2016-10-13 08:27:18,605 - minerva_ann_networks - INFO - Convpool maxpool-u-3
2016-10-13 08:27:18,611 - minerva_ann_networks - INFO - Dense dense-u with nhidden = 196, dropout = 0.5
2016-10-13 08:27:18,611 - minerva_ann_networks - INFO - Convpool conv-v-0 params: {'filter_size': (8, 5), 'pool_size': (2, 1), 'nfilters': 12}
2016-10-13 08:27:18,612 - minerva_ann_networks - INFO - Convpool maxpool-v-0
2016-10-13 08:27:18,612 - minerva_ann_networks - INFO - Convpool conv-v-1 params: {'filter_size': (7, 3), 'pool_size': (2, 1), 'nfilters': 20}
2016-10-13 08:27:18,613 - minerva_ann_networks - INFO - Convpool maxpool-v-1
2016-10-13 08:27:18,613 - minerva_ann_networks - INFO - Convpool conv-v-2 params: {'filter_size': (6, 3), 'pool_size': (2, 1), 'nfilters': 28}
2016-10-13 08:27:18,613 - minerva_ann_networks - INFO - Convpool maxpool-v-2
2016-10-13 08:27:18,613 - minerva_ann_networks - INFO - Convpool conv-v-3 params: {'filter_size': (6, 3), 'pool_size': (2, 1), 'nfilters': 36}
2016-10-13 08:27:18,614 - minerva_ann_networks - INFO - Convpool maxpool-v-3
2016-10-13 08:27:18,620 - minerva_ann_networks - INFO - Dense dense-v with nhidden = 196, dropout = 0.5
2016-10-13 08:27:18,620 - minerva_ann_networks - INFO - Network: concat columns...
2016-10-13 08:27:18,621 - minerva_ann_networks - INFO - Dense dense-across with nhidden = 98, dropout = 0.5
2016-10-13 08:27:18,622 - minerva_ann_networks - INFO - Softmax output prob with n_units = 11
2016-10-13 08:27:18,626 - minerva_ann_networks - INFO - n-parameters: 1686071
2016-10-13 08:27:18,627 - minerva_ann_operate_networks - INFO - 
In -->          Layer    --> Out    Description                                                  
-------         -----    -------    -----------                                                  
[]              0        [1]        <lasagne.layers.input.InputLayer object at 0x2b9b434eeb10>   
[0]             1        [2]        <lasagne.layers.conv.Conv2DLayer object at 0x2b9b434eed10>   
[1]             2        [3]        <lasagne.layers.pool.MaxPool2DLayer object at 0x2b9b434eec50>
[2]             3        [4]        <lasagne.layers.conv.Conv2DLayer object at 0x2b9b4351ca50>   
[3]             4        [5]        <lasagne.layers.pool.MaxPool2DLayer object at 0x2b9b434eec10>
[4]             5        [6]        <lasagne.layers.conv.Conv2DLayer object at 0x2b9b4351cd10>   
[5]             6        [7]        <lasagne.layers.pool.MaxPool2DLayer object at 0x2b9b4351cd50>
[6]             7        [8]        <lasagne.layers.conv.Conv2DLayer object at 0x2b9b4351ca90>   
[7]             8        [9]        <lasagne.layers.pool.MaxPool2DLayer object at 0x2b9b4351cfd0>
[8]             9        [10]       <lasagne.layers.noise.DropoutLayer object at 0x2b9b434eebd0> 
[9]             10       [33]       <lasagne.layers.dense.DenseLayer object at 0x2b9b435a9310>   
[]              11       [12]       <lasagne.layers.input.InputLayer object at 0x2b9b434eeb50>   
[11]            12       [13]       <lasagne.layers.conv.Conv2DLayer object at 0x2b9b435a9a10>   
[12]            13       [14]       <lasagne.layers.pool.MaxPool2DLayer object at 0x2b9b435a9950>
[13]            14       [15]       <lasagne.layers.conv.Conv2DLayer object at 0x2b9b435a9c10>   
[14]            15       [16]       <lasagne.layers.pool.MaxPool2DLayer object at 0x2b9b435a9c50>
[15]            16       [17]       <lasagne.layers.conv.Conv2DLayer object at 0x2b9b435a9ed0>   
[16]            17       [18]       <lasagne.layers.pool.MaxPool2DLayer object at 0x2b9b435a9f10>
[17]            18       [19]       <lasagne.layers.conv.Conv2DLayer object at 0x2b9b435b61d0>   
[18]            19       [20]       <lasagne.layers.pool.MaxPool2DLayer object at 0x2b9b435a99d0>
[19]            20       [21]       <lasagne.layers.noise.DropoutLayer object at 0x2b9b435a93d0> 
[20]            21       [33]       <lasagne.layers.dense.DenseLayer object at 0x2b9b435b64d0>   
[]              22       [23]       <lasagne.layers.input.InputLayer object at 0x2b9b434eeb90>   
[22]            23       [24]       <lasagne.layers.conv.Conv2DLayer object at 0x2b9b435b6850>   
[23]            24       [25]       <lasagne.layers.pool.MaxPool2DLayer object at 0x2b9b435b6790>
[24]            25       [26]       <lasagne.layers.conv.Conv2DLayer object at 0x2b9b435b6a50>   
[25]            26       [27]       <lasagne.layers.pool.MaxPool2DLayer object at 0x2b9b435b6a90>
[26]            27       [28]       <lasagne.layers.conv.Conv2DLayer object at 0x2b9b435b6d10>   
[27]            28       [29]       <lasagne.layers.pool.MaxPool2DLayer object at 0x2b9b435b6d50>
[28]            29       [30]       <lasagne.layers.conv.Conv2DLayer object at 0x2b9b435b6810>   
[29]            30       [31]       <lasagne.layers.pool.MaxPool2DLayer object at 0x2b9b435b6fd0>
[30]            31       [32]       <lasagne.layers.noise.DropoutLayer object at 0x2b9b435b6590> 
[31]            32       [33]       <lasagne.layers.dense.DenseLayer object at 0x2b9b435c2310>   
[10, 21, 32]    33       [34]       <lasagne.layers.merge.ConcatLayer object at 0x2b9b435c23d0>  
[33]            34       [35]       <lasagne.layers.noise.DropoutLayer object at 0x2b9b435c2650> 
[34]            35       [36]       <lasagne.layers.dense.DenseLayer object at 0x2b9b435c25d0>   
[35]            36       []         <lasagne.layers.dense.DenseLayer object at 0x2b9b435c2610>   
2016-10-13 08:27:20,516 - minerva_ann_operate_networks - INFO - 
        ////
        Use AdaGrad update schedule for learning rate, see Duchi, Hazan, and
        Singer (2011) "Adaptive subgradient methods for online learning and
        stochasitic optimization." JMLR, 12:2121-2159
        ////
        
2016-10-13 08:27:20,862 - minerva_ann_operate_networks - INFO - 
        ////
        Apply Nesterov momentum using Lisa Lab's modifications.
        ////
        
2016-10-13 08:27:43,875 - minerva_ann_operate_networks - INFO - Starting training...
2016-10-13 08:28:21,048 - minerva_ann_operate_networks - INFO -   Loading slice (0, 50000) from /phihome/perdue/theano/data/minosmatch_nukecczdefs_genallzwitht_pcodecap66_127x50x25_xtxutuvtv_me1Bmc.hdf5 took 37.173s.
2016-10-13 08:29:12,885 - minerva_ann_operate_networks - INFO -   -Iterating over the slice took 51.836s.
2016-10-13 08:30:01,311 - minerva_ann_operate_networks - INFO -   Loading slice (50000, 100000) from /phihome/perdue/theano/data/minosmatch_nukecczdefs_genallzwitht_pcodecap66_127x50x25_xtxutuvtv_me1Bmc.hdf5 took 48.416s.
2016-10-13 08:30:59,478 - minerva_ann_operate_networks - INFO -   -Iterating over the slice took 58.166s.
2016-10-13 08:31:47,784 - minerva_ann_operate_networks - INFO -   Loading slice (100000, 150000) from /phihome/perdue/theano/data/minosmatch_nukecczdefs_genallzwitht_pcodecap66_127x50x25_xtxutuvtv_me1Bmc.hdf5 took 48.294s.
2016-10-13 08:32:38,977 - minerva_ann_operate_networks - INFO -   -Iterating over the slice took 51.192s.
2016-10-13 08:33:27,152 - minerva_ann_operate_networks - INFO -   Loading slice (150000, 200000) from /phihome/perdue/theano/data/minosmatch_nukecczdefs_genallzwitht_pcodecap66_127x50x25_xtxutuvtv_me1Bmc.hdf5 took 48.165s.
2016-10-13 08:34:18,339 - minerva_ann_operate_networks - INFO -   -Iterating over the slice took 51.186s.
2016-10-13 08:35:06,392 - minerva_ann_operate_networks - INFO -   Loading slice (200000, 250000) from /phihome/perdue/theano/data/minosmatch_nukecczdefs_genallzwitht_pcodecap66_127x50x25_xtxutuvtv_me1Bmc.hdf5 took 48.043s.
2016-10-13 08:35:58,036 - minerva_ann_operate_networks - INFO -   -Iterating over the slice took 51.643s.
2016-10-13 08:36:46,030 - minerva_ann_operate_networks - INFO -   Loading slice (250000, 300000) from /phihome/perdue/theano/data/minosmatch_nukecczdefs_genallzwitht_pcodecap66_127x50x25_xtxutuvtv_me1Bmc.hdf5 took 47.984s.
2016-10-13 08:37:37,651 - minerva_ann_operate_networks - INFO -   -Iterating over the slice took 51.620s.
2016-10-13 08:38:26,051 - minerva_ann_operate_networks - INFO -   Loading slice (300000, 350000) from /phihome/perdue/theano/data/minosmatch_nukecczdefs_genallzwitht_pcodecap66_127x50x25_xtxutuvtv_me1Bmc.hdf5 took 48.390s.
2016-10-13 08:39:17,684 - minerva_ann_operate_networks - INFO -   -Iterating over the slice took 51.632s.
2016-10-13 08:40:09,199 - minerva_ann_operate_networks - INFO -   Loading slice (350000, 400000) from /phihome/perdue/theano/data/minosmatch_nukecczdefs_genallzwitht_pcodecap66_127x50x25_xtxutuvtv_me1Bmc.hdf5 took 51.504s.
2016-10-13 08:41:03,128 - minerva_ann_operate_networks - INFO -   -Iterating over the slice took 53.927s.
2016-10-13 08:41:51,665 - minerva_ann_operate_networks - INFO -   Loading slice (400000, 450000) from /phihome/perdue/theano/data/minosmatch_nukecczdefs_genallzwitht_pcodecap66_127x50x25_xtxutuvtv_me1Bmc.hdf5 took 48.527s.
2016-10-13 08:42:43,325 - minerva_ann_operate_networks - INFO -   -Iterating over the slice took 51.659s.
2016-10-13 08:43:31,597 - minerva_ann_operate_networks - INFO -   Loading slice (450000, 500000) from /phihome/perdue/theano/data/minosmatch_nukecczdefs_genallzwitht_pcodecap66_127x50x25_xtxutuvtv_me1Bmc.hdf5 took 48.263s.
2016-10-13 08:44:23,224 - minerva_ann_operate_networks - INFO -   -Iterating over the slice took 51.626s.
2016-10-13 08:45:00,673 - minerva_ann_operate_networks - INFO -   Loading slice (500000, 550000) from /phihome/perdue/theano/data/minosmatch_nukecczdefs_genallzwitht_pcodecap66_127x50x25_xtxutuvtv_me1Bmc.hdf5 took 37.439s.
2016-10-13 08:45:52,311 - minerva_ann_operate_networks - INFO -   -Iterating over the slice took 51.637s.
2016-10-13 08:46:40,891 - minerva_ann_operate_networks - INFO -   Loading slice (550000, 600000) from /phihome/perdue/theano/data/minosmatch_nukecczdefs_genallzwitht_pcodecap66_127x50x25_xtxutuvtv_me1Bmc.hdf5 took 48.569s.
2016-10-13 08:47:32,520 - minerva_ann_operate_networks - INFO -   -Iterating over the slice took 51.629s.
2016-10-13 08:48:20,946 - minerva_ann_operate_networks - INFO -   Loading slice (600000, 650000) from /phihome/perdue/theano/data/minosmatch_nukecczdefs_genallzwitht_pcodecap66_127x50x25_xtxutuvtv_me1Bmc.hdf5 took 48.415s.
2016-10-13 08:49:12,572 - minerva_ann_operate_networks - INFO -   -Iterating over the slice took 51.626s.
2016-10-13 08:50:00,937 - minerva_ann_operate_networks - INFO -   Loading slice (650000, 700000) from /phihome/perdue/theano/data/minosmatch_nukecczdefs_genallzwitht_pcodecap66_127x50x25_xtxutuvtv_me1Bmc.hdf5 took 48.354s.
2016-10-13 08:50:59,508 - minerva_ann_operate_networks - INFO -   -Iterating over the slice took 58.571s.
2016-10-13 08:51:47,744 - minerva_ann_operate_networks - INFO -   Loading slice (700000, 750000) from /phihome/perdue/theano/data/minosmatch_nukecczdefs_genallzwitht_pcodecap66_127x50x25_xtxutuvtv_me1Bmc.hdf5 took 48.225s.
2016-10-13 08:52:39,363 - minerva_ann_operate_networks - INFO -   -Iterating over the slice took 51.619s.
2016-10-13 08:53:27,506 - minerva_ann_operate_networks - INFO -   Loading slice (750000, 800000) from /phihome/perdue/theano/data/minosmatch_nukecczdefs_genallzwitht_pcodecap66_127x50x25_xtxutuvtv_me1Bmc.hdf5 took 48.133s.
2016-10-13 08:54:19,125 - minerva_ann_operate_networks - INFO -   -Iterating over the slice took 51.618s.
2016-10-13 08:55:07,407 - minerva_ann_operate_networks - INFO -   Loading slice (800000, 850000) from /phihome/perdue/theano/data/minosmatch_nukecczdefs_genallzwitht_pcodecap66_127x50x25_xtxutuvtv_me1Bmc.hdf5 took 48.272s.
2016-10-13 08:55:59,037 - minerva_ann_operate_networks - INFO -   -Iterating over the slice took 51.630s.
2016-10-13 08:56:47,482 - minerva_ann_operate_networks - INFO -   Loading slice (850000, 900000) from /phihome/perdue/theano/data/minosmatch_nukecczdefs_genallzwitht_pcodecap66_127x50x25_xtxutuvtv_me1Bmc.hdf5 took 48.435s.
2016-10-13 08:57:39,099 - minerva_ann_operate_networks - INFO -   -Iterating over the slice took 51.616s.
2016-10-13 08:58:27,910 - minerva_ann_operate_networks - INFO -   Loading slice (900000, 950000) from /phihome/perdue/theano/data/minosmatch_nukecczdefs_genallzwitht_pcodecap66_127x50x25_xtxutuvtv_me1Bmc.hdf5 took 48.802s.
2016-10-13 08:59:19,526 - minerva_ann_operate_networks - INFO -   -Iterating over the slice took 51.615s.
2016-10-13 09:00:12,861 - minerva_ann_operate_networks - INFO -   Loading slice (950000, 1000000) from /phihome/perdue/theano/data/minosmatch_nukecczdefs_genallzwitht_pcodecap66_127x50x25_xtxutuvtv_me1Bmc.hdf5 took 53.326s.
2016-10-13 09:01:04,474 - minerva_ann_operate_networks - INFO -   -Iterating over the slice took 51.612s.
2016-10-13 09:01:41,911 - minerva_ann_operate_networks - INFO -   Loading slice (1000000, 1050000) from /phihome/perdue/theano/data/minosmatch_nukecczdefs_genallzwitht_pcodecap66_127x50x25_xtxutuvtv_me1Bmc.hdf5 took 37.427s.
2016-10-13 09:02:33,526 - minerva_ann_operate_networks - INFO -   -Iterating over the slice took 51.614s.
2016-10-13 09:03:22,131 - minerva_ann_operate_networks - INFO -   Loading slice (1050000, 1100000) from /phihome/perdue/theano/data/minosmatch_nukecczdefs_genallzwitht_pcodecap66_127x50x25_xtxutuvtv_me1Bmc.hdf5 took 48.595s.
2016-10-13 09:04:13,747 - minerva_ann_operate_networks - INFO -   -Iterating over the slice took 51.615s.
2016-10-13 09:05:02,235 - minerva_ann_operate_networks - INFO -   Loading slice (1100000, 1150000) from /phihome/perdue/theano/data/minosmatch_nukecczdefs_genallzwitht_pcodecap66_127x50x25_xtxutuvtv_me1Bmc.hdf5 took 48.479s.
2016-10-13 09:05:53,856 - minerva_ann_operate_networks - INFO -   -Iterating over the slice took 51.620s.
2016-10-13 09:06:42,026 - minerva_ann_operate_networks - INFO -   Loading slice (1150000, 1200000) from /phihome/perdue/theano/data/minosmatch_nukecczdefs_genallzwitht_pcodecap66_127x50x25_xtxutuvtv_me1Bmc.hdf5 took 48.160s.
2016-10-13 09:07:33,647 - minerva_ann_operate_networks - INFO -   -Iterating over the slice took 51.620s.
2016-10-13 09:08:22,055 - minerva_ann_operate_networks - INFO -   Loading slice (1200000, 1250000) from /phihome/perdue/theano/data/minosmatch_nukecczdefs_genallzwitht_pcodecap66_127x50x25_xtxutuvtv_me1Bmc.hdf5 took 48.399s.
2016-10-13 09:09:13,674 - minerva_ann_operate_networks - INFO -   -Iterating over the slice took 51.618s.
2016-10-13 09:10:01,812 - minerva_ann_operate_networks - INFO -   Loading slice (1250000, 1300000) from /phihome/perdue/theano/data/minosmatch_nukecczdefs_genallzwitht_pcodecap66_127x50x25_xtxutuvtv_me1Bmc.hdf5 took 48.129s.
2016-10-13 09:11:00,378 - minerva_ann_operate_networks - INFO -   -Iterating over the slice took 58.565s.
2016-10-13 09:11:48,669 - minerva_ann_operate_networks - INFO -   Loading slice (1300000, 1350000) from /phihome/perdue/theano/data/minosmatch_nukecczdefs_genallzwitht_pcodecap66_127x50x25_xtxutuvtv_me1Bmc.hdf5 took 48.281s.
2016-10-13 09:12:40,292 - minerva_ann_operate_networks - INFO -   -Iterating over the slice took 51.623s.
2016-10-13 09:13:28,521 - minerva_ann_operate_networks - INFO -   Loading slice (1350000, 1400000) from /phihome/perdue/theano/data/minosmatch_nukecczdefs_genallzwitht_pcodecap66_127x50x25_xtxutuvtv_me1Bmc.hdf5 took 48.218s.
2016-10-13 09:14:20,153 - minerva_ann_operate_networks - INFO -   -Iterating over the slice took 51.631s.
2016-10-13 09:15:08,829 - minerva_ann_operate_networks - INFO -   Loading slice (1400000, 1450000) from /phihome/perdue/theano/data/minosmatch_nukecczdefs_genallzwitht_pcodecap66_127x50x25_xtxutuvtv_me1Bmc.hdf5 took 48.666s.
2016-10-13 09:16:00,451 - minerva_ann_operate_networks - INFO -   -Iterating over the slice took 51.621s.
2016-10-13 09:16:48,901 - minerva_ann_operate_networks - INFO -   Loading slice (1450000, 1500000) from /phihome/perdue/theano/data/minosmatch_nukecczdefs_genallzwitht_pcodecap66_127x50x25_xtxutuvtv_me1Bmc.hdf5 took 48.441s.
2016-10-13 09:17:40,517 - minerva_ann_operate_networks - INFO -   -Iterating over the slice took 51.615s.
2016-10-13 09:18:17,986 - minerva_ann_operate_networks - INFO -   Loading slice (1500000, 1550000) from /phihome/perdue/theano/data/minosmatch_nukecczdefs_genallzwitht_pcodecap66_127x50x25_xtxutuvtv_me1Bmc.hdf5 took 37.459s.
2016-10-13 09:19:09,609 - minerva_ann_operate_networks - INFO -   -Iterating over the slice took 51.622s.
2016-10-13 09:19:58,983 - minerva_ann_operate_networks - INFO -   Loading slice (1550000, 1600000) from /phihome/perdue/theano/data/minosmatch_nukecczdefs_genallzwitht_pcodecap66_127x50x25_xtxutuvtv_me1Bmc.hdf5 took 49.363s.
2016-10-13 09:20:57,463 - minerva_ann_operate_networks - INFO -   -Iterating over the slice took 58.480s.
2016-10-13 09:21:45,919 - minerva_ann_operate_networks - INFO -   Loading slice (1600000, 1650000) from /phihome/perdue/theano/data/minosmatch_nukecczdefs_genallzwitht_pcodecap66_127x50x25_xtxutuvtv_me1Bmc.hdf5 took 48.446s.
2016-10-13 09:22:37,523 - minerva_ann_operate_networks - INFO -   -Iterating over the slice took 51.603s.
2016-10-13 09:23:25,729 - minerva_ann_operate_networks - INFO -   Loading slice (1650000, 1700000) from /phihome/perdue/theano/data/minosmatch_nukecczdefs_genallzwitht_pcodecap66_127x50x25_xtxutuvtv_me1Bmc.hdf5 took 48.196s.
2016-10-13 09:24:17,371 - minerva_ann_operate_networks - INFO -   -Iterating over the slice took 51.642s.
2016-10-13 09:25:05,901 - minerva_ann_operate_networks - INFO -   Loading slice (1700000, 1750000) from /phihome/perdue/theano/data/minosmatch_nukecczdefs_genallzwitht_pcodecap66_127x50x25_xtxutuvtv_me1Bmc.hdf5 took 48.520s.
2016-10-13 09:25:57,524 - minerva_ann_operate_networks - INFO -   -Iterating over the slice took 51.622s.
2016-10-13 09:26:45,922 - minerva_ann_operate_networks - INFO -   Loading slice (1750000, 1800000) from /phihome/perdue/theano/data/minosmatch_nukecczdefs_genallzwitht_pcodecap66_127x50x25_xtxutuvtv_me1Bmc.hdf5 took 48.388s.
2016-10-13 09:27:37,559 - minerva_ann_operate_networks - INFO -   -Iterating over the slice took 51.637s.
2016-10-13 09:28:25,869 - minerva_ann_operate_networks - INFO -   Loading slice (1800000, 1850000) from /phihome/perdue/theano/data/minosmatch_nukecczdefs_genallzwitht_pcodecap66_127x50x25_xtxutuvtv_me1Bmc.hdf5 took 48.300s.
2016-10-13 09:29:17,489 - minerva_ann_operate_networks - INFO -   -Iterating over the slice took 51.619s.
2016-10-13 09:30:11,011 - minerva_ann_operate_networks - INFO -   Loading slice (1850000, 1900000) from /phihome/perdue/theano/data/minosmatch_nukecczdefs_genallzwitht_pcodecap66_127x50x25_xtxutuvtv_me1Bmc.hdf5 took 53.512s.
2016-10-13 09:31:02,695 - minerva_ann_operate_networks - INFO -   -Iterating over the slice took 51.684s.
2016-10-13 09:31:51,551 - minerva_ann_operate_networks - INFO -   Loading slice (1900000, 1950000) from /phihome/perdue/theano/data/minosmatch_nukecczdefs_genallzwitht_pcodecap66_127x50x25_xtxutuvtv_me1Bmc.hdf5 took 48.846s.
2016-10-13 09:32:43,204 - minerva_ann_operate_networks - INFO -   -Iterating over the slice took 51.652s.
2016-10-13 09:33:31,532 - minerva_ann_operate_networks - INFO -   Loading slice (1950000, 2000000) from /phihome/perdue/theano/data/minosmatch_nukecczdefs_genallzwitht_pcodecap66_127x50x25_xtxutuvtv_me1Bmc.hdf5 took 48.317s.
2016-10-13 09:34:23,154 - minerva_ann_operate_networks - INFO -   -Iterating over the slice took 51.622s.
2016-10-13 09:35:11,971 - minerva_ann_operate_networks - INFO -   Loading slice (2000000, 2050000) from /phihome/perdue/theano/data/minosmatch_nukecczdefs_genallzwitht_pcodecap66_127x50x25_xtxutuvtv_me1Bmc.hdf5 took 48.807s.
2016-10-13 09:36:03,599 - minerva_ann_operate_networks - INFO -   -Iterating over the slice took 51.627s.
2016-10-13 09:36:41,176 - minerva_ann_operate_networks - INFO -   Loading slice (2050000, 2100000) from /phihome/perdue/theano/data/minosmatch_nukecczdefs_genallzwitht_pcodecap66_127x50x25_xtxutuvtv_me1Bmc.hdf5 took 37.567s.
2016-10-13 09:37:32,802 - minerva_ann_operate_networks - INFO -   -Iterating over the slice took 51.625s.
2016-10-13 09:38:22,032 - minerva_ann_operate_networks - INFO -   Loading slice (2100000, 2150000) from /phihome/perdue/theano/data/minosmatch_nukecczdefs_genallzwitht_pcodecap66_127x50x25_xtxutuvtv_me1Bmc.hdf5 took 49.220s.
2016-10-13 09:39:13,758 - minerva_ann_operate_networks - INFO -   -Iterating over the slice took 51.725s.
2016-10-13 09:40:04,223 - minerva_ann_operate_networks - INFO -   Loading slice (2150000, 2200000) from /phihome/perdue/theano/data/minosmatch_nukecczdefs_genallzwitht_pcodecap66_127x50x25_xtxutuvtv_me1Bmc.hdf5 took 50.453s.
2016-10-13 09:41:00,429 - minerva_ann_operate_networks - INFO -   -Iterating over the slice took 56.206s.
2016-10-13 09:41:48,902 - minerva_ann_operate_networks - INFO -   Loading slice (2200000, 2250000) from /phihome/perdue/theano/data/minosmatch_nukecczdefs_genallzwitht_pcodecap66_127x50x25_xtxutuvtv_me1Bmc.hdf5 took 48.460s.
2016-10-13 09:42:40,583 - minerva_ann_operate_networks - INFO -   -Iterating over the slice took 51.680s.
2016-10-13 09:43:29,082 - minerva_ann_operate_networks - INFO -   Loading slice (2250000, 2300000) from /phihome/perdue/theano/data/minosmatch_nukecczdefs_genallzwitht_pcodecap66_127x50x25_xtxutuvtv_me1Bmc.hdf5 took 48.489s.
2016-10-13 09:44:20,799 - minerva_ann_operate_networks - INFO -   -Iterating over the slice took 51.717s.
2016-10-13 09:45:09,335 - minerva_ann_operate_networks - INFO -   Loading slice (2300000, 2350000) from /phihome/perdue/theano/data/minosmatch_nukecczdefs_genallzwitht_pcodecap66_127x50x25_xtxutuvtv_me1Bmc.hdf5 took 48.526s.
2016-10-13 09:46:01,034 - minerva_ann_operate_networks - INFO -   -Iterating over the slice took 51.698s.
2016-10-13 09:46:49,736 - minerva_ann_operate_networks - INFO -   Loading slice (2350000, 2400000) from /phihome/perdue/theano/data/minosmatch_nukecczdefs_genallzwitht_pcodecap66_127x50x25_xtxutuvtv_me1Bmc.hdf5 took 48.692s.
2016-10-13 09:47:41,451 - minerva_ann_operate_networks - INFO -   -Iterating over the slice took 51.714s.
2016-10-13 09:48:30,438 - minerva_ann_operate_networks - INFO -   Loading slice (2400000, 2450000) from /phihome/perdue/theano/data/minosmatch_nukecczdefs_genallzwitht_pcodecap66_127x50x25_xtxutuvtv_me1Bmc.hdf5 took 48.977s.
2016-10-13 09:49:22,141 - minerva_ann_operate_networks - INFO -   -Iterating over the slice took 51.702s.
2016-10-13 09:50:15,870 - minerva_ann_operate_networks - INFO -   Loading slice (2450000, 2500000) from /phihome/perdue/theano/data/minosmatch_nukecczdefs_genallzwitht_pcodecap66_127x50x25_xtxutuvtv_me1Bmc.hdf5 took 53.718s.
2016-10-13 09:51:07,555 - minerva_ann_operate_networks - INFO -   -Iterating over the slice took 51.685s.
2016-10-13 09:51:56,579 - minerva_ann_operate_networks - INFO -   Loading slice (2500000, 2550000) from /phihome/perdue/theano/data/minosmatch_nukecczdefs_genallzwitht_pcodecap66_127x50x25_xtxutuvtv_me1Bmc.hdf5 took 49.013s.
2016-10-13 09:52:48,270 - minerva_ann_operate_networks - INFO -   -Iterating over the slice took 51.690s.
2016-10-13 09:53:26,392 - minerva_ann_operate_networks - INFO -   Loading slice (2550000, 2600000) from /phihome/perdue/theano/data/minosmatch_nukecczdefs_genallzwitht_pcodecap66_127x50x25_xtxutuvtv_me1Bmc.hdf5 took 38.112s.
2016-10-13 09:54:18,065 - minerva_ann_operate_networks - INFO -   -Iterating over the slice took 51.672s.
2016-10-13 09:55:07,047 - minerva_ann_operate_networks - INFO -   Loading slice (2600000, 2650000) from /phihome/perdue/theano/data/minosmatch_nukecczdefs_genallzwitht_pcodecap66_127x50x25_xtxutuvtv_me1Bmc.hdf5 took 48.972s.
2016-10-13 09:55:58,734 - minerva_ann_operate_networks - INFO -   -Iterating over the slice took 51.687s.
2016-10-13 09:56:47,871 - minerva_ann_operate_networks - INFO -   Loading slice (2650000, 2700000) from /phihome/perdue/theano/data/minosmatch_nukecczdefs_genallzwitht_pcodecap66_127x50x25_xtxutuvtv_me1Bmc.hdf5 took 49.127s.
2016-10-13 09:57:39,491 - minerva_ann_operate_networks - INFO -   -Iterating over the slice took 51.619s.
2016-10-13 09:58:28,236 - minerva_ann_operate_networks - INFO -   Loading slice (2700000, 2750000) from /phihome/perdue/theano/data/minosmatch_nukecczdefs_genallzwitht_pcodecap66_127x50x25_xtxutuvtv_me1Bmc.hdf5 took 48.735s.
2016-10-13 09:59:19,860 - minerva_ann_operate_networks - INFO -   -Iterating over the slice took 51.624s.
2016-10-13 10:00:13,302 - minerva_ann_operate_networks - INFO -   Loading slice (2750000, 2800000) from /phihome/perdue/theano/data/minosmatch_nukecczdefs_genallzwitht_pcodecap66_127x50x25_xtxutuvtv_me1Bmc.hdf5 took 53.432s.
2016-10-13 10:01:04,948 - minerva_ann_operate_networks - INFO -   -Iterating over the slice took 51.645s.
2016-10-13 10:01:53,187 - minerva_ann_operate_networks - INFO -   Loading slice (2800000, 2850000) from /phihome/perdue/theano/data/minosmatch_nukecczdefs_genallzwitht_pcodecap66_127x50x25_xtxutuvtv_me1Bmc.hdf5 took 48.229s.
2016-10-13 10:02:44,809 - minerva_ann_operate_networks - INFO -   -Iterating over the slice took 51.621s.
2016-10-13 10:03:33,103 - minerva_ann_operate_networks - INFO -   Loading slice (2850000, 2900000) from /phihome/perdue/theano/data/minosmatch_nukecczdefs_genallzwitht_pcodecap66_127x50x25_xtxutuvtv_me1Bmc.hdf5 took 48.285s.
2016-10-13 10:04:25,490 - minerva_ann_operate_networks - INFO -   -Iterating over the slice took 52.386s.
2016-10-13 10:05:10,567 - minerva_ann_operate_networks - INFO -   Loading slice (2900000, 2942915) from /phihome/perdue/theano/data/minosmatch_nukecczdefs_genallzwitht_pcodecap66_127x50x25_xtxutuvtv_me1Bmc.hdf5 took 45.065s.
2016-10-13 10:05:54,904 - minerva_ann_operate_networks - INFO -   -Iterating over the slice took 44.336s.
2016-10-13 10:13:36,475 - minerva_ann_operate_networks - INFO -   The validation pass took 461.562s.
2016-10-13 10:13:37,502 - minerva_ann_operate_networks - INFO - 
Epoch 1 of 1 took 6353.626s
  training loss:		0.261034
2016-10-13 10:13:37,502 - minerva_ann_operate_networks - INFO - 
  validation loss:		0.178621
  validation accuracy:		95.40 %
2016-10-13 10:13:37,502 - minerva_ann_operate_networks - INFO - ---
2016-10-13 10:13:37,502 - minerva_ann_operate_networks - INFO - Finished 1 epochs.
2016-10-13 10:13:37,506 - minerva_ann_operate_networks - INFO - Loading data for testing...
2016-10-13 10:13:37,545 - minerva_ann_datasets - INFO -  Learning sample size = 2942915 examples
2016-10-13 10:13:37,545 - minerva_ann_datasets - INFO -  Validation sample size = 354568 examples
2016-10-13 10:13:37,545 - minerva_ann_datasets - INFO -  Testing sample size = 248198 examples
2016-10-13 10:13:37,545 - minerva_ann_operate_networks - INFO -  Used testing sample size = 248198 examples
2016-10-13 10:13:37,545 - minerva_ann_networks - INFO - Convpool conv-x-0 params: {'filter_size': (8, 3), 'pool_size': (2, 1), 'nfilters': 12}
2016-10-13 10:13:37,546 - minerva_ann_networks - INFO - Convpool maxpool-x-0
2016-10-13 10:13:37,546 - minerva_ann_networks - INFO - Convpool conv-x-1 params: {'filter_size': (7, 3), 'pool_size': (2, 1), 'nfilters': 20}
2016-10-13 10:13:37,547 - minerva_ann_networks - INFO - Convpool maxpool-x-1
2016-10-13 10:13:37,547 - minerva_ann_networks - INFO - Convpool conv-x-2 params: {'filter_size': (6, 3), 'pool_size': (2, 1), 'nfilters': 28}
2016-10-13 10:13:37,547 - minerva_ann_networks - INFO - Convpool maxpool-x-2
2016-10-13 10:13:37,547 - minerva_ann_networks - INFO - Convpool conv-x-3 params: {'filter_size': (6, 3), 'pool_size': (2, 1), 'nfilters': 36}
2016-10-13 10:13:37,548 - minerva_ann_networks - INFO - Convpool maxpool-x-3
2016-10-13 10:13:37,564 - minerva_ann_networks - INFO - Dense dense-x with nhidden = 196, dropout = 0.5
2016-10-13 10:13:37,564 - minerva_ann_networks - INFO - Convpool conv-u-0 params: {'filter_size': (8, 5), 'pool_size': (2, 1), 'nfilters': 12}
2016-10-13 10:13:37,564 - minerva_ann_networks - INFO - Convpool maxpool-u-0
2016-10-13 10:13:37,564 - minerva_ann_networks - INFO - Convpool conv-u-1 params: {'filter_size': (7, 3), 'pool_size': (2, 1), 'nfilters': 20}
2016-10-13 10:13:37,565 - minerva_ann_networks - INFO - Convpool maxpool-u-1
2016-10-13 10:13:37,565 - minerva_ann_networks - INFO - Convpool conv-u-2 params: {'filter_size': (6, 3), 'pool_size': (2, 1), 'nfilters': 28}
2016-10-13 10:13:37,566 - minerva_ann_networks - INFO - Convpool maxpool-u-2
2016-10-13 10:13:37,566 - minerva_ann_networks - INFO - Convpool conv-u-3 params: {'filter_size': (6, 3), 'pool_size': (2, 1), 'nfilters': 36}
2016-10-13 10:13:37,567 - minerva_ann_networks - INFO - Convpool maxpool-u-3
2016-10-13 10:13:37,572 - minerva_ann_networks - INFO - Dense dense-u with nhidden = 196, dropout = 0.5
2016-10-13 10:13:37,572 - minerva_ann_networks - INFO - Convpool conv-v-0 params: {'filter_size': (8, 5), 'pool_size': (2, 1), 'nfilters': 12}
2016-10-13 10:13:37,573 - minerva_ann_networks - INFO - Convpool maxpool-v-0
2016-10-13 10:13:37,573 - minerva_ann_networks - INFO - Convpool conv-v-1 params: {'filter_size': (7, 3), 'pool_size': (2, 1), 'nfilters': 20}
2016-10-13 10:13:37,574 - minerva_ann_networks - INFO - Convpool maxpool-v-1
2016-10-13 10:13:37,574 - minerva_ann_networks - INFO - Convpool conv-v-2 params: {'filter_size': (6, 3), 'pool_size': (2, 1), 'nfilters': 28}
2016-10-13 10:13:37,574 - minerva_ann_networks - INFO - Convpool maxpool-v-2
2016-10-13 10:13:37,574 - minerva_ann_networks - INFO - Convpool conv-v-3 params: {'filter_size': (6, 3), 'pool_size': (2, 1), 'nfilters': 36}
2016-10-13 10:13:37,575 - minerva_ann_networks - INFO - Convpool maxpool-v-3
2016-10-13 10:13:37,581 - minerva_ann_networks - INFO - Dense dense-v with nhidden = 196, dropout = 0.5
2016-10-13 10:13:37,581 - minerva_ann_networks - INFO - Network: concat columns...
2016-10-13 10:13:37,582 - minerva_ann_networks - INFO - Dense dense-across with nhidden = 98, dropout = 0.5
2016-10-13 10:13:37,583 - minerva_ann_networks - INFO - Softmax output prob with n_units = 11
2016-10-13 10:13:37,587 - minerva_ann_networks - INFO - n-parameters: 1686071
2016-10-13 10:13:42,463 - minerva_ann_operate_networks - INFO - Starting testing...
2016-10-13 10:14:32,146 - minerva_ann_operate_networks - INFO -   Loading slice (0, 50000) from /phihome/perdue/theano/data/minosmatch_nukecczdefs_genallzwitht_pcodecap66_127x50x25_xtxutuvtv_me1Bmc.hdf5 took 49.683s.
2016-10-13 10:23:24,146 - minerva_ann_operate_networks - INFO -   -Iterating over the slice took 531.999s.
2016-10-13 10:24:13,429 - minerva_ann_operate_networks - INFO -   Loading slice (50000, 100000) from /phihome/perdue/theano/data/minosmatch_nukecczdefs_genallzwitht_pcodecap66_127x50x25_xtxutuvtv_me1Bmc.hdf5 took 49.271s.
2016-10-13 10:33:05,516 - minerva_ann_operate_networks - INFO -   -Iterating over the slice took 532.086s.
2016-10-13 10:33:55,018 - minerva_ann_operate_networks - INFO -   Loading slice (100000, 150000) from /phihome/perdue/theano/data/minosmatch_nukecczdefs_genallzwitht_pcodecap66_127x50x25_xtxutuvtv_me1Bmc.hdf5 took 49.492s.
2016-10-13 10:42:47,889 - minerva_ann_operate_networks - INFO -   -Iterating over the slice took 532.871s.
2016-10-13 10:43:36,955 - minerva_ann_operate_networks - INFO -   Loading slice (150000, 200000) from /phihome/perdue/theano/data/minosmatch_nukecczdefs_genallzwitht_pcodecap66_127x50x25_xtxutuvtv_me1Bmc.hdf5 took 49.055s.
2016-10-13 10:52:30,087 - minerva_ann_operate_networks - INFO -   -Iterating over the slice took 533.132s.
2016-10-13 10:53:06,904 - minerva_ann_operate_networks - INFO -   Loading slice (200000, 248198) from /phihome/perdue/theano/data/minosmatch_nukecczdefs_genallzwitht_pcodecap66_127x50x25_xtxutuvtv_me1Bmc.hdf5 took 36.807s.
2016-10-13 11:01:39,901 - minerva_ann_operate_networks - INFO -   -Iterating over the slice took 512.996s.
2016-10-13 11:01:40,004 - minerva_ann_operate_networks - INFO - 
Final results:
  test loss:			0.175318
  test accuracy:		95.50 %
2016-10-13 11:01:40,004 - minerva_ann_operate_networks - INFO -    target 0 accuracy:			57.350 %
2016-10-13 11:01:40,004 - minerva_ann_operate_networks - INFO -    target 1 accuracy:			94.304 %
2016-10-13 11:01:40,004 - minerva_ann_operate_networks - INFO -    target 2 accuracy:			91.621 %
2016-10-13 11:01:40,004 - minerva_ann_operate_networks - INFO -    target 3 accuracy:			90.322 %
2016-10-13 11:01:40,004 - minerva_ann_operate_networks - INFO -    target 4 accuracy:			84.864 %
2016-10-13 11:01:40,004 - minerva_ann_operate_networks - INFO -    target 5 accuracy:			90.355 %
2016-10-13 11:01:40,004 - minerva_ann_operate_networks - INFO -    target 6 accuracy:			75.896 %
2016-10-13 11:01:40,004 - minerva_ann_operate_networks - INFO -    target 7 accuracy:			80.867 %
2016-10-13 11:01:40,004 - minerva_ann_operate_networks - INFO -    target 8 accuracy:			90.722 %
2016-10-13 11:01:40,004 - minerva_ann_operate_networks - INFO -    target 9 accuracy:			32.982 %
2016-10-13 11:01:40,004 - minerva_ann_operate_networks - INFO -    target 10 accuracy:			99.339 %
