2016-11-12 17:30:48,958 - __main__ - INFO - Starting...
2016-11-12 17:30:48,959 - __main__ - INFO - minerva_tricolumnar_spacetime_epsilon.py
2016-11-12 17:30:48,959 - __main__ - INFO -  Begin with saved pars? False
2016-11-12 17:30:48,959 - __main__ - INFO -  Saved parameters file: ./lminerva_spacetime_11_epsilon1478993381.npz
2016-11-12 17:30:48,959 - __main__ - INFO -  Saved parameters file exists? False
2016-11-12 17:30:48,959 - __main__ - INFO -  Datasets: ['/phihome/perdue/theano/data/minosmatch_nukecczdefs_genallzwitht_pcodecap66_127x50x25_xtxutuvtv_me1Amc.hdf5']
2016-11-12 17:30:48,961 - __main__ - INFO -  Dataset size: 11818359186
2016-11-12 17:30:48,961 - __main__ - INFO -  Planned number of epochs: 4
2016-11-12 17:30:48,961 - __main__ - INFO -  Learning rate: 0.001
2016-11-12 17:30:48,961 - __main__ - INFO -  Momentum: 0.9
2016-11-12 17:30:48,961 - __main__ - INFO -  Batch size: 500
2016-11-12 17:30:48,961 - __main__ - INFO -  L2 regularization penalty scale: 0.0001
2016-11-12 17:30:48,961 - __main__ - INFO -  Target index: 5
2016-11-12 17:30:48,961 - __main__ - INFO -  Number of categories in target variable: 11
2016-11-12 17:30:48,962 - minerva_ann_operate_networks - INFO - Loading data...
2016-11-12 17:30:49,025 - minerva_ann_datasets - INFO -  Learning sample size = 5728658 examples
2016-11-12 17:30:49,025 - minerva_ann_datasets - INFO -  Validation sample size = 466286 examples
2016-11-12 17:30:49,025 - minerva_ann_datasets - INFO -  Testing sample size = 466287 examples
2016-11-12 17:30:49,027 - minerva_ann_networks - INFO - Convpool conv-x-0 params: {'filter_size': (8, 3), 'pool_size': (2, 1), 'nfilters': 12}
2016-11-12 17:30:49,031 - minerva_ann_networks - INFO - Convpool maxpool-x-0
2016-11-12 17:30:49,031 - minerva_ann_networks - INFO - Convpool conv-x-1 params: {'filter_size': (7, 3), 'pool_size': (2, 1), 'nfilters': 20}
2016-11-12 17:30:49,032 - minerva_ann_networks - INFO - Convpool maxpool-x-1
2016-11-12 17:30:49,032 - minerva_ann_networks - INFO - Convpool conv-x-2 params: {'filter_size': (6, 3), 'pool_size': (2, 1), 'nfilters': 28}
2016-11-12 17:30:49,033 - minerva_ann_networks - INFO - Convpool maxpool-x-2
2016-11-12 17:30:49,033 - minerva_ann_networks - INFO - Convpool conv-x-3 params: {'filter_size': (6, 3), 'pool_size': (2, 1), 'nfilters': 36}
2016-11-12 17:30:49,035 - minerva_ann_networks - INFO - Convpool maxpool-x-3
2016-11-12 17:30:49,066 - minerva_ann_networks - INFO - Dense dense-x with nhidden = 196, dropout = 0.5
2016-11-12 17:30:49,066 - minerva_ann_networks - INFO - Convpool conv-u-0 params: {'filter_size': (8, 5), 'pool_size': (2, 1), 'nfilters': 12}
2016-11-12 17:30:49,067 - minerva_ann_networks - INFO - Convpool maxpool-u-0
2016-11-12 17:30:49,067 - minerva_ann_networks - INFO - Convpool conv-u-1 params: {'filter_size': (7, 3), 'pool_size': (2, 1), 'nfilters': 20}
2016-11-12 17:30:49,068 - minerva_ann_networks - INFO - Convpool maxpool-u-1
2016-11-12 17:30:49,069 - minerva_ann_networks - INFO - Convpool conv-u-2 params: {'filter_size': (6, 3), 'pool_size': (2, 1), 'nfilters': 28}
2016-11-12 17:30:49,070 - minerva_ann_networks - INFO - Convpool maxpool-u-2
2016-11-12 17:30:49,070 - minerva_ann_networks - INFO - Convpool conv-u-3 params: {'filter_size': (6, 3), 'pool_size': (2, 1), 'nfilters': 36}
2016-11-12 17:30:49,071 - minerva_ann_networks - INFO - Convpool maxpool-u-3
2016-11-12 17:30:49,083 - minerva_ann_networks - INFO - Dense dense-u with nhidden = 196, dropout = 0.5
2016-11-12 17:30:49,083 - minerva_ann_networks - INFO - Convpool conv-v-0 params: {'filter_size': (8, 5), 'pool_size': (2, 1), 'nfilters': 12}
2016-11-12 17:30:49,084 - minerva_ann_networks - INFO - Convpool maxpool-v-0
2016-11-12 17:30:49,084 - minerva_ann_networks - INFO - Convpool conv-v-1 params: {'filter_size': (7, 3), 'pool_size': (2, 1), 'nfilters': 20}
2016-11-12 17:30:49,085 - minerva_ann_networks - INFO - Convpool maxpool-v-1
2016-11-12 17:30:49,085 - minerva_ann_networks - INFO - Convpool conv-v-2 params: {'filter_size': (6, 3), 'pool_size': (2, 1), 'nfilters': 28}
2016-11-12 17:30:49,086 - minerva_ann_networks - INFO - Convpool maxpool-v-2
2016-11-12 17:30:49,086 - minerva_ann_networks - INFO - Convpool conv-v-3 params: {'filter_size': (6, 3), 'pool_size': (2, 1), 'nfilters': 36}
2016-11-12 17:30:49,087 - minerva_ann_networks - INFO - Convpool maxpool-v-3
2016-11-12 17:30:49,097 - minerva_ann_networks - INFO - Dense dense-v with nhidden = 196, dropout = 0.5
2016-11-12 17:30:49,097 - minerva_ann_networks - INFO - Network: concat columns...
2016-11-12 17:30:49,100 - minerva_ann_networks - INFO - Dense dense-across with nhidden = 98, dropout = 0.5
2016-11-12 17:30:49,101 - minerva_ann_networks - INFO - Softmax output prob with n_units = 11
2016-11-12 17:30:49,110 - minerva_ann_networks - INFO - n-parameters: 1686071
2016-11-12 17:30:49,112 - minerva_ann_operate_networks - INFO - 
In -->          Layer    --> Out    Description                                                  
-------         -----    -------    -----------                                                  
[]              0        [1]        <lasagne.layers.input.InputLayer object at 0x2aced688e8d0>   
[0]             1        [2]        <lasagne.layers.conv.Conv2DLayer object at 0x2aced688ead0>   
[1]             2        [3]        <lasagne.layers.pool.MaxPool2DLayer object at 0x2aced688ea10>
[2]             3        [4]        <lasagne.layers.conv.Conv2DLayer object at 0x2aced693c810>   
[3]             4        [5]        <lasagne.layers.pool.MaxPool2DLayer object at 0x2aced688e9d0>
[4]             5        [6]        <lasagne.layers.conv.Conv2DLayer object at 0x2aced693cad0>   
[5]             6        [7]        <lasagne.layers.pool.MaxPool2DLayer object at 0x2aced693cb10>
[6]             7        [8]        <lasagne.layers.conv.Conv2DLayer object at 0x2aced693cd90>   
[7]             8        [9]        <lasagne.layers.pool.MaxPool2DLayer object at 0x2aced693cdd0>
[8]             9        [10]       <lasagne.layers.noise.DropoutLayer object at 0x2aced688e990> 
[9]             10       [33]       <lasagne.layers.dense.DenseLayer object at 0x2aced69490d0>   
[]              11       [12]       <lasagne.layers.input.InputLayer object at 0x2aced688e910>   
[11]            12       [13]       <lasagne.layers.conv.Conv2DLayer object at 0x2aced69497d0>   
[12]            13       [14]       <lasagne.layers.pool.MaxPool2DLayer object at 0x2aced6949710>
[13]            14       [15]       <lasagne.layers.conv.Conv2DLayer object at 0x2aced69499d0>   
[14]            15       [16]       <lasagne.layers.pool.MaxPool2DLayer object at 0x2aced6949a10>
[15]            16       [17]       <lasagne.layers.conv.Conv2DLayer object at 0x2aced6949c90>   
[16]            17       [18]       <lasagne.layers.pool.MaxPool2DLayer object at 0x2aced6949cd0>
[17]            18       [19]       <lasagne.layers.conv.Conv2DLayer object at 0x2aced6949790>   
[18]            19       [20]       <lasagne.layers.pool.MaxPool2DLayer object at 0x2aced6949f90>
[19]            20       [21]       <lasagne.layers.noise.DropoutLayer object at 0x2aced6949190> 
[20]            21       [33]       <lasagne.layers.dense.DenseLayer object at 0x2aced6955290>   
[]              22       [23]       <lasagne.layers.input.InputLayer object at 0x2aced688e950>   
[22]            23       [24]       <lasagne.layers.conv.Conv2DLayer object at 0x2aced6955610>   
[23]            24       [25]       <lasagne.layers.pool.MaxPool2DLayer object at 0x2aced6955550>
[24]            25       [26]       <lasagne.layers.conv.Conv2DLayer object at 0x2aced6955810>   
[25]            26       [27]       <lasagne.layers.pool.MaxPool2DLayer object at 0x2aced6955850>
[26]            27       [28]       <lasagne.layers.conv.Conv2DLayer object at 0x2aced6955ad0>   
[27]            28       [29]       <lasagne.layers.pool.MaxPool2DLayer object at 0x2aced6955b10>
[28]            29       [30]       <lasagne.layers.conv.Conv2DLayer object at 0x2aced6955d90>   
[29]            30       [31]       <lasagne.layers.pool.MaxPool2DLayer object at 0x2aced6955dd0>
[30]            31       [32]       <lasagne.layers.noise.DropoutLayer object at 0x2aced6955350> 
[31]            32       [33]       <lasagne.layers.dense.DenseLayer object at 0x2aced695f0d0>   
[10, 21, 32]    33       [34]       <lasagne.layers.merge.ConcatLayer object at 0x2aced695f190>  
[33]            34       [35]       <lasagne.layers.noise.DropoutLayer object at 0x2aced695f410> 
[34]            35       [36]       <lasagne.layers.dense.DenseLayer object at 0x2aced695f390>   
[35]            36       []         <lasagne.layers.dense.DenseLayer object at 0x2aced695f3d0>   
2016-11-12 17:30:50,798 - minerva_ann_operate_networks - INFO - 
        ////
        Use AdaGrad update schedule for learning rate, see Duchi, Hazan, and
        Singer (2011) "Adaptive subgradient methods for online learning and
        stochasitic optimization." JMLR, 12:2121-2159
        ////
        
2016-11-12 17:30:51,343 - minerva_ann_operate_networks - INFO - 
        ////
        Apply Nesterov momentum using Lisa Lab's modifications.
        ////
        
2016-11-12 17:31:19,238 - minerva_ann_operate_networks - INFO - Starting training...
2016-11-12 17:47:51,185 - minerva_ann_operate_networks - INFO -   Loading slice (0, 50000) from /phihome/perdue/theano/data/minosmatch_nukecczdefs_genallzwitht_pcodecap66_127x50x25_xtxutuvtv_me1Amc.hdf5 took 991.946s.
2016-11-12 17:54:50,942 - minerva_ann_operate_networks - INFO -   -Iterating over the slice took 419.756s.
2016-11-12 18:01:44,477 - minerva_ann_operate_networks - INFO -   Loading slice (50000, 100000) from /phihome/perdue/theano/data/minosmatch_nukecczdefs_genallzwitht_pcodecap66_127x50x25_xtxutuvtv_me1Amc.hdf5 took 412.249s.
2016-11-12 18:02:49,219 - minerva_ann_operate_networks - INFO -   -Iterating over the slice took 64.741s.
2016-11-12 18:04:46,325 - minerva_ann_operate_networks - INFO -   Loading slice (100000, 150000) from /phihome/perdue/theano/data/minosmatch_nukecczdefs_genallzwitht_pcodecap66_127x50x25_xtxutuvtv_me1Amc.hdf5 took 115.958s.
2016-11-12 18:05:50,992 - minerva_ann_operate_networks - INFO -   -Iterating over the slice took 64.666s.
2016-11-12 18:07:17,135 - minerva_ann_operate_networks - INFO -   Loading slice (150000, 200000) from /phihome/perdue/theano/data/minosmatch_nukecczdefs_genallzwitht_pcodecap66_127x50x25_xtxutuvtv_me1Amc.hdf5 took 85.155s.
2016-11-12 18:08:21,746 - minerva_ann_operate_networks - INFO -   -Iterating over the slice took 64.610s.
2016-11-12 18:10:17,796 - minerva_ann_operate_networks - INFO -   Loading slice (200000, 250000) from /phihome/perdue/theano/data/minosmatch_nukecczdefs_genallzwitht_pcodecap66_127x50x25_xtxutuvtv_me1Amc.hdf5 took 115.040s.
2016-11-12 18:11:22,469 - minerva_ann_operate_networks - INFO -   -Iterating over the slice took 64.673s.
2016-11-12 18:12:49,967 - minerva_ann_operate_networks - INFO -   Loading slice (250000, 300000) from /phihome/perdue/theano/data/minosmatch_nukecczdefs_genallzwitht_pcodecap66_127x50x25_xtxutuvtv_me1Amc.hdf5 took 86.471s.
2016-11-12 18:13:54,628 - minerva_ann_operate_networks - INFO -   -Iterating over the slice took 64.661s.
2016-11-12 18:15:50,242 - minerva_ann_operate_networks - INFO -   Loading slice (300000, 350000) from /phihome/perdue/theano/data/minosmatch_nukecczdefs_genallzwitht_pcodecap66_127x50x25_xtxutuvtv_me1Amc.hdf5 took 114.481s.
2016-11-12 18:16:54,901 - minerva_ann_operate_networks - INFO -   -Iterating over the slice took 64.658s.
2016-11-12 18:18:20,475 - minerva_ann_operate_networks - INFO -   Loading slice (350000, 400000) from /phihome/perdue/theano/data/minosmatch_nukecczdefs_genallzwitht_pcodecap66_127x50x25_xtxutuvtv_me1Amc.hdf5 took 84.498s.
2016-11-12 18:19:25,129 - minerva_ann_operate_networks - INFO -   -Iterating over the slice took 64.652s.
2016-11-12 18:21:19,884 - minerva_ann_operate_networks - INFO -   Loading slice (400000, 450000) from /phihome/perdue/theano/data/minosmatch_nukecczdefs_genallzwitht_pcodecap66_127x50x25_xtxutuvtv_me1Amc.hdf5 took 113.792s.
2016-11-12 18:22:25,185 - minerva_ann_operate_networks - INFO -   -Iterating over the slice took 65.300s.
2016-11-12 18:23:49,833 - minerva_ann_operate_networks - INFO -   Loading slice (450000, 500000) from /phihome/perdue/theano/data/minosmatch_nukecczdefs_genallzwitht_pcodecap66_127x50x25_xtxutuvtv_me1Amc.hdf5 took 83.687s.
2016-11-12 18:24:55,273 - minerva_ann_operate_networks - INFO -   -Iterating over the slice took 65.439s.
2016-11-12 18:26:49,359 - minerva_ann_operate_networks - INFO -   Loading slice (500000, 550000) from /phihome/perdue/theano/data/minosmatch_nukecczdefs_genallzwitht_pcodecap66_127x50x25_xtxutuvtv_me1Amc.hdf5 took 113.005s.
2016-11-12 18:27:54,701 - minerva_ann_operate_networks - INFO -   -Iterating over the slice took 65.342s.
2016-11-12 18:29:19,315 - minerva_ann_operate_networks - INFO -   Loading slice (550000, 600000) from /phihome/perdue/theano/data/minosmatch_nukecczdefs_genallzwitht_pcodecap66_127x50x25_xtxutuvtv_me1Amc.hdf5 took 83.615s.
2016-11-12 18:30:24,633 - minerva_ann_operate_networks - INFO -   -Iterating over the slice took 65.317s.
2016-11-12 18:32:18,756 - minerva_ann_operate_networks - INFO -   Loading slice (600000, 650000) from /phihome/perdue/theano/data/minosmatch_nukecczdefs_genallzwitht_pcodecap66_127x50x25_xtxutuvtv_me1Amc.hdf5 took 113.119s.
2016-11-12 18:33:24,014 - minerva_ann_operate_networks - INFO -   -Iterating over the slice took 65.257s.
2016-11-12 18:34:48,023 - minerva_ann_operate_networks - INFO -   Loading slice (650000, 700000) from /phihome/perdue/theano/data/minosmatch_nukecczdefs_genallzwitht_pcodecap66_127x50x25_xtxutuvtv_me1Amc.hdf5 took 83.056s.
2016-11-12 18:35:53,316 - minerva_ann_operate_networks - INFO -   -Iterating over the slice took 65.292s.
2016-11-12 18:37:47,295 - minerva_ann_operate_networks - INFO -   Loading slice (700000, 750000) from /phihome/perdue/theano/data/minosmatch_nukecczdefs_genallzwitht_pcodecap66_127x50x25_xtxutuvtv_me1Amc.hdf5 took 112.990s.
2016-11-12 18:38:52,581 - minerva_ann_operate_networks - INFO -   -Iterating over the slice took 65.285s.
2016-11-12 18:40:16,400 - minerva_ann_operate_networks - INFO -   Loading slice (750000, 800000) from /phihome/perdue/theano/data/minosmatch_nukecczdefs_genallzwitht_pcodecap66_127x50x25_xtxutuvtv_me1Amc.hdf5 took 82.844s.
2016-11-12 18:41:21,690 - minerva_ann_operate_networks - INFO -   -Iterating over the slice took 65.289s.
2016-11-12 18:43:15,258 - minerva_ann_operate_networks - INFO -   Loading slice (800000, 850000) from /phihome/perdue/theano/data/minosmatch_nukecczdefs_genallzwitht_pcodecap66_127x50x25_xtxutuvtv_me1Amc.hdf5 took 112.550s.
2016-11-12 18:44:20,501 - minerva_ann_operate_networks - INFO -   -Iterating over the slice took 65.243s.
2016-11-12 18:45:44,139 - minerva_ann_operate_networks - INFO -   Loading slice (850000, 900000) from /phihome/perdue/theano/data/minosmatch_nukecczdefs_genallzwitht_pcodecap66_127x50x25_xtxutuvtv_me1Amc.hdf5 took 82.630s.
2016-11-12 18:46:49,406 - minerva_ann_operate_networks - INFO -   -Iterating over the slice took 65.267s.
2016-11-12 18:48:43,444 - minerva_ann_operate_networks - INFO -   Loading slice (900000, 950000) from /phihome/perdue/theano/data/minosmatch_nukecczdefs_genallzwitht_pcodecap66_127x50x25_xtxutuvtv_me1Amc.hdf5 took 113.052s.
2016-11-12 18:49:48,702 - minerva_ann_operate_networks - INFO -   -Iterating over the slice took 65.258s.
2016-11-12 18:51:12,671 - minerva_ann_operate_networks - INFO -   Loading slice (950000, 1000000) from /phihome/perdue/theano/data/minosmatch_nukecczdefs_genallzwitht_pcodecap66_127x50x25_xtxutuvtv_me1Amc.hdf5 took 82.763s.
2016-11-12 18:52:17,950 - minerva_ann_operate_networks - INFO -   -Iterating over the slice took 65.278s.
2016-11-12 18:54:12,523 - minerva_ann_operate_networks - INFO -   Loading slice (1000000, 1050000) from /phihome/perdue/theano/data/minosmatch_nukecczdefs_genallzwitht_pcodecap66_127x50x25_xtxutuvtv_me1Amc.hdf5 took 113.564s.
2016-11-12 18:55:17,766 - minerva_ann_operate_networks - INFO -   -Iterating over the slice took 65.243s.
2016-11-12 18:56:41,716 - minerva_ann_operate_networks - INFO -   Loading slice (1050000, 1100000) from /phihome/perdue/theano/data/minosmatch_nukecczdefs_genallzwitht_pcodecap66_127x50x25_xtxutuvtv_me1Amc.hdf5 took 82.978s.
2016-11-12 18:57:46,998 - minerva_ann_operate_networks - INFO -   -Iterating over the slice took 65.281s.
2016-11-12 18:59:41,638 - minerva_ann_operate_networks - INFO -   Loading slice (1100000, 1150000) from /phihome/perdue/theano/data/minosmatch_nukecczdefs_genallzwitht_pcodecap66_127x50x25_xtxutuvtv_me1Amc.hdf5 took 113.577s.
2016-11-12 19:00:46,918 - minerva_ann_operate_networks - INFO -   -Iterating over the slice took 65.279s.
2016-11-12 19:02:10,331 - minerva_ann_operate_networks - INFO -   Loading slice (1150000, 1200000) from /phihome/perdue/theano/data/minosmatch_nukecczdefs_genallzwitht_pcodecap66_127x50x25_xtxutuvtv_me1Amc.hdf5 took 82.500s.
2016-11-12 19:03:15,593 - minerva_ann_operate_networks - INFO -   -Iterating over the slice took 65.262s.
2016-11-12 19:05:11,477 - minerva_ann_operate_networks - INFO -   Loading slice (1200000, 1250000) from /phihome/perdue/theano/data/minosmatch_nukecczdefs_genallzwitht_pcodecap66_127x50x25_xtxutuvtv_me1Amc.hdf5 took 114.773s.
2016-11-12 19:06:16,746 - minerva_ann_operate_networks - INFO -   -Iterating over the slice took 65.269s.
2016-11-12 19:07:40,559 - minerva_ann_operate_networks - INFO -   Loading slice (1250000, 1300000) from /phihome/perdue/theano/data/minosmatch_nukecczdefs_genallzwitht_pcodecap66_127x50x25_xtxutuvtv_me1Amc.hdf5 took 82.757s.
2016-11-12 19:08:45,842 - minerva_ann_operate_networks - INFO -   -Iterating over the slice took 65.282s.
2016-11-12 19:10:09,832 - minerva_ann_operate_networks - INFO -   Loading slice (1300000, 1350000) from /phihome/perdue/theano/data/minosmatch_nukecczdefs_genallzwitht_pcodecap66_127x50x25_xtxutuvtv_me1Amc.hdf5 took 82.983s.
2016-11-12 19:11:15,134 - minerva_ann_operate_networks - INFO -   -Iterating over the slice took 65.302s.
2016-11-12 19:13:10,378 - minerva_ann_operate_networks - INFO -   Loading slice (1350000, 1400000) from /phihome/perdue/theano/data/minosmatch_nukecczdefs_genallzwitht_pcodecap66_127x50x25_xtxutuvtv_me1Amc.hdf5 took 114.225s.
2016-11-12 19:14:15,646 - minerva_ann_operate_networks - INFO -   -Iterating over the slice took 65.267s.
2016-11-12 19:15:39,243 - minerva_ann_operate_networks - INFO -   Loading slice (1400000, 1450000) from /phihome/perdue/theano/data/minosmatch_nukecczdefs_genallzwitht_pcodecap66_127x50x25_xtxutuvtv_me1Amc.hdf5 took 82.617s.
2016-11-12 19:16:44,506 - minerva_ann_operate_networks - INFO -   -Iterating over the slice took 65.262s.
2016-11-12 19:18:39,089 - minerva_ann_operate_networks - INFO -   Loading slice (1450000, 1500000) from /phihome/perdue/theano/data/minosmatch_nukecczdefs_genallzwitht_pcodecap66_127x50x25_xtxutuvtv_me1Amc.hdf5 took 113.515s.
2016-11-12 19:19:44,357 - minerva_ann_operate_networks - INFO -   -Iterating over the slice took 65.267s.
2016-11-12 19:21:08,215 - minerva_ann_operate_networks - INFO -   Loading slice (1500000, 1550000) from /phihome/perdue/theano/data/minosmatch_nukecczdefs_genallzwitht_pcodecap66_127x50x25_xtxutuvtv_me1Amc.hdf5 took 82.794s.
2016-11-12 19:22:13,486 - minerva_ann_operate_networks - INFO -   -Iterating over the slice took 65.270s.
2016-11-12 19:24:08,413 - minerva_ann_operate_networks - INFO -   Loading slice (1550000, 1600000) from /phihome/perdue/theano/data/minosmatch_nukecczdefs_genallzwitht_pcodecap66_127x50x25_xtxutuvtv_me1Amc.hdf5 took 113.896s.
2016-11-12 19:25:13,664 - minerva_ann_operate_networks - INFO -   -Iterating over the slice took 65.250s.
2016-11-12 19:26:37,580 - minerva_ann_operate_networks - INFO -   Loading slice (1600000, 1650000) from /phihome/perdue/theano/data/minosmatch_nukecczdefs_genallzwitht_pcodecap66_127x50x25_xtxutuvtv_me1Amc.hdf5 took 82.834s.
2016-11-12 19:27:42,828 - minerva_ann_operate_networks - INFO -   -Iterating over the slice took 65.247s.
2016-11-12 19:29:36,791 - minerva_ann_operate_networks - INFO -   Loading slice (1650000, 1700000) from /phihome/perdue/theano/data/minosmatch_nukecczdefs_genallzwitht_pcodecap66_127x50x25_xtxutuvtv_me1Amc.hdf5 took 112.989s.
2016-11-12 19:30:42,159 - minerva_ann_operate_networks - INFO -   -Iterating over the slice took 65.367s.
2016-11-12 19:32:06,226 - minerva_ann_operate_networks - INFO -   Loading slice (1700000, 1750000) from /phihome/perdue/theano/data/minosmatch_nukecczdefs_genallzwitht_pcodecap66_127x50x25_xtxutuvtv_me1Amc.hdf5 took 83.047s.
2016-11-12 19:33:11,523 - minerva_ann_operate_networks - INFO -   -Iterating over the slice took 65.296s.
2016-11-12 19:35:06,013 - minerva_ann_operate_networks - INFO -   Loading slice (1750000, 1800000) from /phihome/perdue/theano/data/minosmatch_nukecczdefs_genallzwitht_pcodecap66_127x50x25_xtxutuvtv_me1Amc.hdf5 took 113.452s.
2016-11-12 19:36:11,294 - minerva_ann_operate_networks - INFO -   -Iterating over the slice took 65.280s.
2016-11-12 19:37:35,367 - minerva_ann_operate_networks - INFO -   Loading slice (1800000, 1850000) from /phihome/perdue/theano/data/minosmatch_nukecczdefs_genallzwitht_pcodecap66_127x50x25_xtxutuvtv_me1Amc.hdf5 took 83.034s.
2016-11-12 19:38:40,644 - minerva_ann_operate_networks - INFO -   -Iterating over the slice took 65.277s.
2016-11-12 19:40:34,791 - minerva_ann_operate_networks - INFO -   Loading slice (1850000, 1900000) from /phihome/perdue/theano/data/minosmatch_nukecczdefs_genallzwitht_pcodecap66_127x50x25_xtxutuvtv_me1Amc.hdf5 took 113.120s.
2016-11-12 19:41:40,110 - minerva_ann_operate_networks - INFO -   -Iterating over the slice took 65.317s.
2016-11-12 19:43:04,103 - minerva_ann_operate_networks - INFO -   Loading slice (1900000, 1950000) from /phihome/perdue/theano/data/minosmatch_nukecczdefs_genallzwitht_pcodecap66_127x50x25_xtxutuvtv_me1Amc.hdf5 took 83.010s.
2016-11-12 19:44:09,514 - minerva_ann_operate_networks - INFO -   -Iterating over the slice took 65.410s.
2016-11-12 19:46:03,352 - minerva_ann_operate_networks - INFO -   Loading slice (1950000, 2000000) from /phihome/perdue/theano/data/minosmatch_nukecczdefs_genallzwitht_pcodecap66_127x50x25_xtxutuvtv_me1Amc.hdf5 took 112.701s.
2016-11-12 19:47:08,663 - minerva_ann_operate_networks - INFO -   -Iterating over the slice took 65.310s.
2016-11-12 19:48:32,411 - minerva_ann_operate_networks - INFO -   Loading slice (2000000, 2050000) from /phihome/perdue/theano/data/minosmatch_nukecczdefs_genallzwitht_pcodecap66_127x50x25_xtxutuvtv_me1Amc.hdf5 took 82.622s.
2016-11-12 19:49:37,663 - minerva_ann_operate_networks - INFO -   -Iterating over the slice took 65.252s.
2016-11-12 19:51:31,194 - minerva_ann_operate_networks - INFO -   Loading slice (2050000, 2100000) from /phihome/perdue/theano/data/minosmatch_nukecczdefs_genallzwitht_pcodecap66_127x50x25_xtxutuvtv_me1Amc.hdf5 took 112.499s.
2016-11-12 19:52:36,469 - minerva_ann_operate_networks - INFO -   -Iterating over the slice took 65.274s.
2016-11-12 19:54:00,342 - minerva_ann_operate_networks - INFO -   Loading slice (2100000, 2150000) from /phihome/perdue/theano/data/minosmatch_nukecczdefs_genallzwitht_pcodecap66_127x50x25_xtxutuvtv_me1Amc.hdf5 took 82.888s.
2016-11-12 19:55:05,629 - minerva_ann_operate_networks - INFO -   -Iterating over the slice took 65.287s.
2016-11-12 19:57:03,120 - minerva_ann_operate_networks - INFO -   Loading slice (2150000, 2200000) from /phihome/perdue/theano/data/minosmatch_nukecczdefs_genallzwitht_pcodecap66_127x50x25_xtxutuvtv_me1Amc.hdf5 took 116.467s.
2016-11-12 19:58:08,474 - minerva_ann_operate_networks - INFO -   -Iterating over the slice took 65.353s.
2016-11-12 19:59:32,745 - minerva_ann_operate_networks - INFO -   Loading slice (2200000, 2250000) from /phihome/perdue/theano/data/minosmatch_nukecczdefs_genallzwitht_pcodecap66_127x50x25_xtxutuvtv_me1Amc.hdf5 took 83.245s.
2016-11-12 20:00:38,129 - minerva_ann_operate_networks - INFO -   -Iterating over the slice took 65.383s.
2016-11-12 20:02:32,981 - minerva_ann_operate_networks - INFO -   Loading slice (2250000, 2300000) from /phihome/perdue/theano/data/minosmatch_nukecczdefs_genallzwitht_pcodecap66_127x50x25_xtxutuvtv_me1Amc.hdf5 took 113.735s.
2016-11-12 20:03:38,406 - minerva_ann_operate_networks - INFO -   -Iterating over the slice took 65.424s.
2016-11-12 20:05:02,904 - minerva_ann_operate_networks - INFO -   Loading slice (2300000, 2350000) from /phihome/perdue/theano/data/minosmatch_nukecczdefs_genallzwitht_pcodecap66_127x50x25_xtxutuvtv_me1Amc.hdf5 took 83.436s.
2016-11-12 20:06:08,327 - minerva_ann_operate_networks - INFO -   -Iterating over the slice took 65.422s.
2016-11-12 20:08:05,221 - minerva_ann_operate_networks - INFO -   Loading slice (2350000, 2400000) from /phihome/perdue/theano/data/minosmatch_nukecczdefs_genallzwitht_pcodecap66_127x50x25_xtxutuvtv_me1Amc.hdf5 took 115.904s.
2016-11-12 20:09:10,602 - minerva_ann_operate_networks - INFO -   -Iterating over the slice took 65.380s.
2016-11-12 20:10:34,700 - minerva_ann_operate_networks - INFO -   Loading slice (2400000, 2450000) from /phihome/perdue/theano/data/minosmatch_nukecczdefs_genallzwitht_pcodecap66_127x50x25_xtxutuvtv_me1Amc.hdf5 took 83.080s.
2016-11-12 20:11:40,053 - minerva_ann_operate_networks - INFO -   -Iterating over the slice took 65.351s.
2016-11-12 20:13:36,544 - minerva_ann_operate_networks - INFO -   Loading slice (2450000, 2500000) from /phihome/perdue/theano/data/minosmatch_nukecczdefs_genallzwitht_pcodecap66_127x50x25_xtxutuvtv_me1Amc.hdf5 took 115.517s.
2016-11-12 20:14:41,815 - minerva_ann_operate_networks - INFO -   -Iterating over the slice took 65.270s.
2016-11-12 20:16:05,763 - minerva_ann_operate_networks - INFO -   Loading slice (2500000, 2550000) from /phihome/perdue/theano/data/minosmatch_nukecczdefs_genallzwitht_pcodecap66_127x50x25_xtxutuvtv_me1Amc.hdf5 took 82.907s.
2016-11-12 20:17:11,035 - minerva_ann_operate_networks - INFO -   -Iterating over the slice took 65.271s.
2016-11-12 20:18:34,840 - minerva_ann_operate_networks - INFO -   Loading slice (2550000, 2600000) from /phihome/perdue/theano/data/minosmatch_nukecczdefs_genallzwitht_pcodecap66_127x50x25_xtxutuvtv_me1Amc.hdf5 took 82.803s.
2016-11-12 20:19:40,122 - minerva_ann_operate_networks - INFO -   -Iterating over the slice took 65.281s.
2016-11-12 20:21:36,623 - minerva_ann_operate_networks - INFO -   Loading slice (2600000, 2650000) from /phihome/perdue/theano/data/minosmatch_nukecczdefs_genallzwitht_pcodecap66_127x50x25_xtxutuvtv_me1Amc.hdf5 took 115.462s.
2016-11-12 20:22:41,875 - minerva_ann_operate_networks - INFO -   -Iterating over the slice took 65.251s.
2016-11-12 20:24:05,607 - minerva_ann_operate_networks - INFO -   Loading slice (2650000, 2700000) from /phihome/perdue/theano/data/minosmatch_nukecczdefs_genallzwitht_pcodecap66_127x50x25_xtxutuvtv_me1Amc.hdf5 took 82.727s.
2016-11-12 20:25:10,866 - minerva_ann_operate_networks - INFO -   -Iterating over the slice took 65.259s.
2016-11-12 20:27:06,336 - minerva_ann_operate_networks - INFO -   Loading slice (2700000, 2750000) from /phihome/perdue/theano/data/minosmatch_nukecczdefs_genallzwitht_pcodecap66_127x50x25_xtxutuvtv_me1Amc.hdf5 took 114.487s.
2016-11-12 20:28:11,620 - minerva_ann_operate_networks - INFO -   -Iterating over the slice took 65.284s.
2016-11-12 20:29:35,520 - minerva_ann_operate_networks - INFO -   Loading slice (2750000, 2800000) from /phihome/perdue/theano/data/minosmatch_nukecczdefs_genallzwitht_pcodecap66_127x50x25_xtxutuvtv_me1Amc.hdf5 took 82.818s.
2016-11-12 20:30:40,802 - minerva_ann_operate_networks - INFO -   -Iterating over the slice took 65.282s.
2016-11-12 20:32:37,776 - minerva_ann_operate_networks - INFO -   Loading slice (2800000, 2850000) from /phihome/perdue/theano/data/minosmatch_nukecczdefs_genallzwitht_pcodecap66_127x50x25_xtxutuvtv_me1Amc.hdf5 took 116.012s.
2016-11-12 20:33:47,417 - minerva_ann_operate_networks - INFO -   -Iterating over the slice took 69.640s.
2016-11-12 20:35:14,574 - minerva_ann_operate_networks - INFO -   Loading slice (2850000, 2900000) from /phihome/perdue/theano/data/minosmatch_nukecczdefs_genallzwitht_pcodecap66_127x50x25_xtxutuvtv_me1Amc.hdf5 took 86.172s.
2016-11-12 20:46:02,805 - minerva_ann_operate_networks - INFO -   -Iterating over the slice took 648.230s.
2016-11-12 20:47:58,264 - minerva_ann_operate_networks - INFO -   Loading slice (2900000, 2950000) from /phihome/perdue/theano/data/minosmatch_nukecczdefs_genallzwitht_pcodecap66_127x50x25_xtxutuvtv_me1Amc.hdf5 took 114.392s.
2016-11-12 20:51:16,476 - minerva_ann_operate_networks - INFO -   -Iterating over the slice took 198.211s.
2016-11-12 20:52:43,318 - minerva_ann_operate_networks - INFO -   Loading slice (2950000, 3000000) from /phihome/perdue/theano/data/minosmatch_nukecczdefs_genallzwitht_pcodecap66_127x50x25_xtxutuvtv_me1Amc.hdf5 took 85.811s.
2016-11-12 20:53:48,413 - minerva_ann_operate_networks - INFO -   -Iterating over the slice took 65.094s.
2016-11-12 21:09:44,473 - minerva_ann_operate_networks - INFO -   Loading slice (3000000, 3050000) from /phihome/perdue/theano/data/minosmatch_nukecczdefs_genallzwitht_pcodecap66_127x50x25_xtxutuvtv_me1Amc.hdf5 took 954.994s.
2016-11-12 21:10:48,940 - minerva_ann_operate_networks - INFO -   -Iterating over the slice took 64.466s.
2016-11-12 21:14:32,359 - minerva_ann_operate_networks - INFO -   Loading slice (3050000, 3100000) from /phihome/perdue/theano/data/minosmatch_nukecczdefs_genallzwitht_pcodecap66_127x50x25_xtxutuvtv_me1Amc.hdf5 took 222.245s.
2016-11-12 21:15:36,804 - minerva_ann_operate_networks - INFO -   -Iterating over the slice took 64.445s.
2016-11-12 21:30:30,926 - minerva_ann_operate_networks - INFO -   Loading slice (3100000, 3150000) from /phihome/perdue/theano/data/minosmatch_nukecczdefs_genallzwitht_pcodecap66_127x50x25_xtxutuvtv_me1Amc.hdf5 took 893.050s.
2016-11-12 21:34:33,651 - minerva_ann_operate_networks - INFO -   -Iterating over the slice took 242.725s.
2016-11-12 21:43:03,908 - minerva_ann_operate_networks - INFO -   Loading slice (3150000, 3200000) from /phihome/perdue/theano/data/minosmatch_nukecczdefs_genallzwitht_pcodecap66_127x50x25_xtxutuvtv_me1Amc.hdf5 took 509.251s.
2016-11-12 21:55:13,941 - minerva_ann_operate_networks - INFO -   -Iterating over the slice took 730.031s.
2016-11-12 22:06:42,356 - minerva_ann_operate_networks - INFO -   Loading slice (3200000, 3250000) from /phihome/perdue/theano/data/minosmatch_nukecczdefs_genallzwitht_pcodecap66_127x50x25_xtxutuvtv_me1Amc.hdf5 took 687.377s.
2016-11-12 22:08:00,159 - minerva_ann_operate_networks - INFO -   -Iterating over the slice took 77.802s.
2016-11-12 22:12:16,061 - minerva_ann_operate_networks - INFO -   Loading slice (3250000, 3300000) from /phihome/perdue/theano/data/minosmatch_nukecczdefs_genallzwitht_pcodecap66_127x50x25_xtxutuvtv_me1Amc.hdf5 took 254.866s.
2016-11-12 22:13:30,319 - minerva_ann_operate_networks - INFO -   -Iterating over the slice took 74.258s.
2016-11-12 22:40:21,466 - minerva_ann_operate_networks - INFO -   Loading slice (3300000, 3350000) from /phihome/perdue/theano/data/minosmatch_nukecczdefs_genallzwitht_pcodecap66_127x50x25_xtxutuvtv_me1Amc.hdf5 took 1610.190s.
2016-11-12 23:04:56,570 - minerva_ann_operate_networks - INFO -   -Iterating over the slice took 1475.103s.
2016-11-13 00:09:36,124 - minerva_ann_operate_networks - INFO -   Loading slice (3350000, 3400000) from /phihome/perdue/theano/data/minosmatch_nukecczdefs_genallzwitht_pcodecap66_127x50x25_xtxutuvtv_me1Amc.hdf5 took 3878.515s.
2016-11-13 00:15:29,558 - minerva_ann_operate_networks - INFO -   -Iterating over the slice took 353.434s.
2016-11-13 00:39:12,258 - minerva_ann_operate_networks - INFO -   Loading slice (3400000, 3450000) from /phihome/perdue/theano/data/minosmatch_nukecczdefs_genallzwitht_pcodecap66_127x50x25_xtxutuvtv_me1Amc.hdf5 took 1421.583s.
2016-11-13 00:50:31,123 - minerva_ann_operate_networks - INFO -   -Iterating over the slice took 678.863s.
2016-11-13 00:56:12,048 - minerva_ann_operate_networks - INFO -   Loading slice (3450000, 3500000) from /phihome/perdue/theano/data/minosmatch_nukecczdefs_genallzwitht_pcodecap66_127x50x25_xtxutuvtv_me1Amc.hdf5 took 339.918s.
2016-11-13 01:07:48,372 - minerva_ann_operate_networks - INFO -   -Iterating over the slice took 696.323s.
2016-11-13 01:19:09,442 - minerva_ann_operate_networks - INFO -   Loading slice (3500000, 3550000) from /phihome/perdue/theano/data/minosmatch_nukecczdefs_genallzwitht_pcodecap66_127x50x25_xtxutuvtv_me1Amc.hdf5 took 679.931s.
2016-11-13 01:22:01,451 - minerva_ann_operate_networks - INFO -   -Iterating over the slice took 172.008s.
2016-11-13 01:26:47,636 - minerva_ann_operate_networks - INFO -   Loading slice (3550000, 3600000) from /phihome/perdue/theano/data/minosmatch_nukecczdefs_genallzwitht_pcodecap66_127x50x25_xtxutuvtv_me1Amc.hdf5 took 284.827s.
2016-11-13 01:41:36,203 - minerva_ann_operate_networks - INFO -   -Iterating over the slice took 888.566s.
2016-11-13 02:33:50,985 - minerva_ann_operate_networks - INFO -   Loading slice (3600000, 3650000) from /phihome/perdue/theano/data/minosmatch_nukecczdefs_genallzwitht_pcodecap66_127x50x25_xtxutuvtv_me1Amc.hdf5 took 3133.647s.
2016-11-13 03:02:42,042 - minerva_ann_operate_networks - INFO -   -Iterating over the slice took 1731.056s.
2016-11-13 03:19:06,253 - minerva_ann_operate_networks - INFO -   Loading slice (3650000, 3700000) from /phihome/perdue/theano/data/minosmatch_nukecczdefs_genallzwitht_pcodecap66_127x50x25_xtxutuvtv_me1Amc.hdf5 took 983.017s.
2016-11-13 03:22:15,150 - minerva_ann_operate_networks - INFO -   -Iterating over the slice took 188.896s.
2016-11-13 03:40:31,434 - minerva_ann_operate_networks - INFO -   Loading slice (3700000, 3750000) from /phihome/perdue/theano/data/minosmatch_nukecczdefs_genallzwitht_pcodecap66_127x50x25_xtxutuvtv_me1Amc.hdf5 took 1095.069s.
2016-11-13 03:57:54,811 - minerva_ann_operate_networks - INFO -   -Iterating over the slice took 1043.376s.
2016-11-13 04:14:59,955 - minerva_ann_operate_networks - INFO -   Loading slice (3750000, 3800000) from /phihome/perdue/theano/data/minosmatch_nukecczdefs_genallzwitht_pcodecap66_127x50x25_xtxutuvtv_me1Amc.hdf5 took 1023.810s.
2016-11-13 04:36:48,641 - minerva_ann_operate_networks - INFO -   -Iterating over the slice took 1308.686s.
2016-11-13 04:49:15,515 - minerva_ann_operate_networks - INFO -   Loading slice (3800000, 3850000) from /phihome/perdue/theano/data/minosmatch_nukecczdefs_genallzwitht_pcodecap66_127x50x25_xtxutuvtv_me1Amc.hdf5 took 745.533s.
2016-11-13 05:01:49,859 - minerva_ann_operate_networks - INFO -   -Iterating over the slice took 754.342s.
2016-11-13 05:48:29,051 - minerva_ann_operate_networks - INFO -   Loading slice (3850000, 3900000) from /phihome/perdue/theano/data/minosmatch_nukecczdefs_genallzwitht_pcodecap66_127x50x25_xtxutuvtv_me1Amc.hdf5 took 2797.962s.
2016-11-13 05:51:19,658 - minerva_ann_operate_networks - INFO -   -Iterating over the slice took 170.606s.
2016-11-13 06:03:26,845 - minerva_ann_operate_networks - INFO -   Loading slice (3900000, 3950000) from /phihome/perdue/theano/data/minosmatch_nukecczdefs_genallzwitht_pcodecap66_127x50x25_xtxutuvtv_me1Amc.hdf5 took 725.829s.
2016-11-13 06:20:56,157 - minerva_ann_operate_networks - INFO -   -Iterating over the slice took 1049.299s.
2016-11-13 06:38:35,022 - minerva_ann_operate_networks - INFO -   Loading slice (3950000, 4000000) from /phihome/perdue/theano/data/minosmatch_nukecczdefs_genallzwitht_pcodecap66_127x50x25_xtxutuvtv_me1Amc.hdf5 took 1057.731s.
2016-11-13 06:41:48,843 - minerva_ann_operate_networks - INFO -   -Iterating over the slice took 193.815s.
2016-11-13 07:08:28,196 - minerva_ann_operate_networks - INFO -   Loading slice (4000000, 4050000) from /phihome/perdue/theano/data/minosmatch_nukecczdefs_genallzwitht_pcodecap66_127x50x25_xtxutuvtv_me1Amc.hdf5 took 1598.172s.
2016-11-13 07:09:32,019 - minerva_ann_operate_networks - INFO -   -Iterating over the slice took 63.822s.
2016-11-13 07:25:55,455 - minerva_ann_operate_networks - INFO -   Loading slice (4050000, 4100000) from /phihome/perdue/theano/data/minosmatch_nukecczdefs_genallzwitht_pcodecap66_127x50x25_xtxutuvtv_me1Amc.hdf5 took 982.054s.
2016-11-13 07:43:29,866 - minerva_ann_operate_networks - INFO -   -Iterating over the slice took 1054.411s.
2016-11-13 08:10:09,883 - minerva_ann_operate_networks - INFO -   Loading slice (4100000, 4150000) from /phihome/perdue/theano/data/minosmatch_nukecczdefs_genallzwitht_pcodecap66_127x50x25_xtxutuvtv_me1Amc.hdf5 took 1598.971s.
2016-11-13 08:18:22,401 - minerva_ann_operate_networks - INFO -   -Iterating over the slice took 492.517s.
2016-11-13 09:08:05,600 - minerva_ann_operate_networks - INFO -   Loading slice (4150000, 4200000) from /phihome/perdue/theano/data/minosmatch_nukecczdefs_genallzwitht_pcodecap66_127x50x25_xtxutuvtv_me1Amc.hdf5 took 2979.157s.
2016-11-13 09:32:51,311 - minerva_ann_operate_networks - INFO -   -Iterating over the slice took 1485.709s.
2016-11-13 09:36:49,818 - minerva_ann_operate_networks - INFO -   Loading slice (4200000, 4250000) from /phihome/perdue/theano/data/minosmatch_nukecczdefs_genallzwitht_pcodecap66_127x50x25_xtxutuvtv_me1Amc.hdf5 took 237.383s.
2016-11-13 10:04:41,296 - minerva_ann_operate_networks - INFO -   -Iterating over the slice took 1671.467s.
2016-11-13 10:35:08,408 - minerva_ann_operate_networks - INFO -   Loading slice (4250000, 4300000) from /phihome/perdue/theano/data/minosmatch_nukecczdefs_genallzwitht_pcodecap66_127x50x25_xtxutuvtv_me1Amc.hdf5 took 1826.103s.
2016-11-13 10:53:04,494 - minerva_ann_operate_networks - INFO -   -Iterating over the slice took 1076.085s.
2016-11-13 11:01:38,348 - minerva_ann_operate_networks - INFO -   Loading slice (4300000, 4350000) from /phihome/perdue/theano/data/minosmatch_nukecczdefs_genallzwitht_pcodecap66_127x50x25_xtxutuvtv_me1Amc.hdf5 took 512.826s.
2016-11-13 11:12:59,933 - minerva_ann_operate_networks - INFO -   -Iterating over the slice took 681.584s.
2016-11-13 11:20:41,800 - minerva_ann_operate_networks - INFO -   Loading slice (4350000, 4400000) from /phihome/perdue/theano/data/minosmatch_nukecczdefs_genallzwitht_pcodecap66_127x50x25_xtxutuvtv_me1Amc.hdf5 took 460.865s.
2016-11-13 11:28:24,189 - minerva_ann_operate_networks - INFO -   -Iterating over the slice took 462.388s.
2016-11-13 11:43:03,251 - minerva_ann_operate_networks - INFO -   Loading slice (4400000, 4450000) from /phihome/perdue/theano/data/minosmatch_nukecczdefs_genallzwitht_pcodecap66_127x50x25_xtxutuvtv_me1Amc.hdf5 took 877.996s.
2016-11-13 11:49:37,407 - minerva_ann_operate_networks - INFO -   -Iterating over the slice took 394.155s.
2016-11-13 11:56:43,649 - minerva_ann_operate_networks - INFO -   Loading slice (4450000, 4500000) from /phihome/perdue/theano/data/minosmatch_nukecczdefs_genallzwitht_pcodecap66_127x50x25_xtxutuvtv_me1Amc.hdf5 took 425.209s.
2016-11-13 12:09:08,598 - minerva_ann_operate_networks - INFO -   -Iterating over the slice took 744.948s.
2016-11-13 12:19:23,221 - minerva_ann_operate_networks - INFO -   Loading slice (4500000, 4550000) from /phihome/perdue/theano/data/minosmatch_nukecczdefs_genallzwitht_pcodecap66_127x50x25_xtxutuvtv_me1Amc.hdf5 took 613.577s.
2016-11-13 12:29:10,733 - minerva_ann_operate_networks - INFO -   -Iterating over the slice took 587.511s.
2016-11-13 12:35:59,067 - minerva_ann_operate_networks - INFO -   Loading slice (4550000, 4600000) from /phihome/perdue/theano/data/minosmatch_nukecczdefs_genallzwitht_pcodecap66_127x50x25_xtxutuvtv_me1Amc.hdf5 took 407.379s.
2016-11-13 12:40:03,428 - minerva_ann_operate_networks - INFO -   -Iterating over the slice took 244.361s.
2016-11-13 12:53:38,609 - minerva_ann_operate_networks - INFO -   Loading slice (4600000, 4650000) from /phihome/perdue/theano/data/minosmatch_nukecczdefs_genallzwitht_pcodecap66_127x50x25_xtxutuvtv_me1Amc.hdf5 took 814.270s.
2016-11-13 12:54:46,826 - minerva_ann_operate_networks - INFO -   -Iterating over the slice took 68.217s.
2016-11-13 13:32:05,717 - minerva_ann_operate_networks - INFO -   Loading slice (4650000, 4700000) from /phihome/perdue/theano/data/minosmatch_nukecczdefs_genallzwitht_pcodecap66_127x50x25_xtxutuvtv_me1Amc.hdf5 took 2237.714s.
2016-11-13 13:37:42,600 - minerva_ann_operate_networks - INFO -   -Iterating over the slice took 336.883s.
2016-11-13 14:00:30,107 - minerva_ann_operate_networks - INFO -   Loading slice (4700000, 4750000) from /phihome/perdue/theano/data/minosmatch_nukecczdefs_genallzwitht_pcodecap66_127x50x25_xtxutuvtv_me1Amc.hdf5 took 1366.448s.
2016-11-13 14:13:34,263 - minerva_ann_operate_networks - INFO -   -Iterating over the slice took 784.155s.
2016-11-13 14:31:20,493 - minerva_ann_operate_networks - INFO -   Loading slice (4750000, 4800000) from /phihome/perdue/theano/data/minosmatch_nukecczdefs_genallzwitht_pcodecap66_127x50x25_xtxutuvtv_me1Amc.hdf5 took 1065.180s.
2016-11-13 14:32:27,029 - minerva_ann_operate_networks - INFO -   -Iterating over the slice took 66.535s.
2016-11-13 14:45:23,216 - minerva_ann_operate_networks - INFO -   Loading slice (4800000, 4850000) from /phihome/perdue/theano/data/minosmatch_nukecczdefs_genallzwitht_pcodecap66_127x50x25_xtxutuvtv_me1Amc.hdf5 took 775.177s.
2016-11-13 14:46:48,707 - minerva_ann_operate_networks - INFO -   -Iterating over the slice took 85.490s.
2016-11-13 15:30:33,911 - minerva_ann_operate_networks - INFO -   Loading slice (4850000, 4900000) from /phihome/perdue/theano/data/minosmatch_nukecczdefs_genallzwitht_pcodecap66_127x50x25_xtxutuvtv_me1Amc.hdf5 took 2624.124s.
2016-11-13 15:31:44,759 - minerva_ann_operate_networks - INFO -   -Iterating over the slice took 70.848s.
2016-11-13 15:40:45,629 - minerva_ann_operate_networks - INFO -   Loading slice (4900000, 4950000) from /phihome/perdue/theano/data/minosmatch_nukecczdefs_genallzwitht_pcodecap66_127x50x25_xtxutuvtv_me1Amc.hdf5 took 539.788s.
2016-11-13 15:41:49,553 - minerva_ann_operate_networks - INFO -   -Iterating over the slice took 63.923s.
2016-11-13 16:02:22,989 - minerva_ann_operate_networks - INFO -   Loading slice (4950000, 5000000) from /phihome/perdue/theano/data/minosmatch_nukecczdefs_genallzwitht_pcodecap66_127x50x25_xtxutuvtv_me1Amc.hdf5 took 1232.426s.
2016-11-13 16:04:15,673 - minerva_ann_operate_networks - INFO -   -Iterating over the slice took 112.683s.
2016-11-13 16:22:29,289 - minerva_ann_operate_networks - INFO -   Loading slice (5000000, 5050000) from /phihome/perdue/theano/data/minosmatch_nukecczdefs_genallzwitht_pcodecap66_127x50x25_xtxutuvtv_me1Amc.hdf5 took 1092.517s.
2016-11-13 16:44:12,702 - minerva_ann_operate_networks - INFO -   -Iterating over the slice took 1303.412s.
2016-11-13 17:03:51,080 - minerva_ann_operate_networks - INFO -   Loading slice (5050000, 5100000) from /phihome/perdue/theano/data/minosmatch_nukecczdefs_genallzwitht_pcodecap66_127x50x25_xtxutuvtv_me1Amc.hdf5 took 1177.258s.
2016-11-13 17:15:03,945 - minerva_ann_operate_networks - INFO -   -Iterating over the slice took 672.864s.
2016-11-13 17:22:06,303 - minerva_ann_operate_networks - INFO -   Loading slice (5100000, 5150000) from /phihome/perdue/theano/data/minosmatch_nukecczdefs_genallzwitht_pcodecap66_127x50x25_xtxutuvtv_me1Amc.hdf5 took 421.378s.
