# Training 67 output planecode classification using me1B mc and energy-only lattices.
# by hand extracted output from:
# * WilsonCluster/saved_logs/minerva_tricolumnar_epsilon_67_1485474218_5c90caeff183-dirty.log
# * WilsonCluster/saved_logs/minerva_tricolumnar_epsilon_67_1485544917_2528597c1d5c-dirty.log
# * WilsonCluster/saved_logs/minerva_tricolumnar_epsilon_67_1485795471_34846e747b96.log
# * WilsonCluster/saved_logs/minerva_tricolumnar_epsilon_67_1485889231_6e900cf3051b.log
# -new-> lminervatriamese_epsilon1485474218.npz
Epoch 1 of 20 took 5914.610s,  training loss:		0.796019,  validation loss:		0.619093,  validation accuracy:		83.45 %
Epoch 2 of 20 took 5897.416s,  training loss:		0.627025,  validation loss:		0.575098,  validation accuracy:		84.49 %
Epoch 3 of 20 took 5884.752s,  training loss:		0.593780,  validation loss:		0.552831,  validation accuracy:		85.05 %
Epoch 4 of 20 took 5872.183s,  training loss:		0.575807,  validation loss:		0.540923,  validation accuracy:		85.40 %
Epoch 5 of 20 took 5880.280s,  training loss:		0.563541,  validation loss:		0.530889,  validation accuracy:		85.76 %
# lminervatriamese_epsilon1485474218.npz -cp-> lminervatriamese_epsilon1485544916.npz
Epoch 6 of 20 took 5876.239s,  training loss:		0.569138,  validation loss:		0.521497,  validation accuracy:		86.35 %
Epoch 7 of 20 took 5874.696s,  training loss:		0.539695,  validation loss:		0.507572,  validation accuracy:		86.73 %
Epoch 8 of 20 took 5878.676s,  training loss:		0.528338,  validation loss:		0.499697,  validation accuracy:		86.92 %
Epoch 9 of 20 took 5895.636s,  training loss:		0.521144,  validation loss:		0.494720,  validation accuracy:		87.14 %
Epoch 10 of 20 took 5879.531s,  training loss:		0.515641,  validation loss:		0.489195,  validation accuracy:		87.29 %
# lminervatriamese_epsilon1485544916.npz -cp-> lminervatriamese_epsilon1485795471.npz
Epoch 11 of 20 took 5901.130s,  training loss:		0.530378,  validation loss:		0.489528,  validation accuracy:		87.50 %
Epoch 12 of 20 took 5886.833s,  training loss:		0.509057,  validation loss:		0.481846,  validation accuracy:		87.63 %
Epoch 13 of 20 took 5875.827s,  training loss:		0.502012,  validation loss:		0.476594,  validation accuracy:		87.79 %
Epoch 14 of 20 took 5891.287s,  training loss:		0.497966,  validation loss:		0.473414,  validation accuracy:		87.87 %
Epoch 15 of 20 took 5888.495s,  training loss:		0.494808,  validation loss:		0.471929,  validation accuracy:		87.91 %
# lminervatriamese_epsilon1485795471.npz -cp-> lminervatriamese_epsilon1485889231.npz
Epoch 16 of 20 took 5953.244s,  training loss:		0.512550,  validation loss:		0.475261,  validation accuracy:		87.96 %
Epoch 17 of 20 took 5993.563s,  training loss:		0.494506,  validation loss:		0.468655,  validation accuracy:		88.11 %
Epoch 18 of 20 took 5882.953s,  training loss:		0.488596,  validation loss:		0.464709,  validation accuracy:		88.18 %
Epoch 19 of 20 took 5867.849s,  training loss:		0.485299,  validation loss:		0.462248,  validation accuracy:		88.24 %
Epoch 20 of 20 took 5869.234s,  training loss:		0.483122,  validation loss:		0.460578,  validation accuracy:		88.28 %
# lminervatriamese_epsilon1485889231.npz -cp->
