# by hand extracted output from:
# * WilsonCluster/saved_logs/minerva_tricolumnar_spacetime_epsilon_11_1476988984_6f783451fa79.log
# * WilsonCluster/saved_logs/minerva_tricolumnar_spacetime_epsilon_11_1477324174_b4d69fb77dde.log
# * WilsonCluster/saved_logs/minerva_tricolumnar_spacetime_epsilon_11_1477419823_ed875d09d99d.log
# 1476988984
Epoch 1 of 25 took 7552.926s, training loss:		0.263655, validation loss:		0.186590, validation accuracy:		94.66 %
Epoch 2 of 25 took 7533.821s, training loss:		0.189742, validation loss:		0.165465, validation accuracy:		95.33 %
Epoch 3 of 25 took 7549.296s, training loss:		0.173654, validation loss:		0.156067, validation accuracy:		95.65 %
Epoch 4 of 25 took 7526.040s, training loss:		0.165287, validation loss:		0.149974, validation accuracy:		95.84 %
Epoch 5 of 25 took 7547.930s, training loss:		0.160082, validation loss:		0.145950, validation accuracy:		96.00 %
Epoch 6 of 25 took 7545.265s, training loss:		0.155615, validation loss:		0.142716, validation accuracy:		96.13 %
Epoch 7 of 25 took 7548.676s, training loss:		0.151797, validation loss:		0.139219, validation accuracy:		96.28 %
Epoch 8 of 25 took 7557.961s, training loss:		0.148919, validation loss:		0.137163, validation accuracy:		96.38 %
Epoch 9 of 25 took 7548.043s, training loss:		0.146118, validation loss:		0.134921, validation accuracy:		96.47 %
Epoch 10 of 25 took 7764.428s, training loss:		0.144078, validation loss:		0.133179, validation accuracy:		96.56 %
# 1477324174, restart training...
Epoch 11 of 25 took 10477.205s, training loss:		0.156713, validation loss:		0.135579, validation accuracy:		96.66 %
Epoch 12 of 25 took 10380.222s, training loss:		0.142908, validation loss:		0.130874, validation accuracy:		96.79 %
Epoch 13 of 25 took 10424.266s, training loss:		0.138930, validation loss:		0.128200, validation accuracy:		96.87 %
Epoch 14 of 25 took 10423.651s, training loss:		0.136402, validation loss:		0.126733, validation accuracy:		96.90 %
Epoch 15 of 25 took 10462.726s, training loss:		0.134547, validation loss:		0.125271, validation accuracy:		96.96 %
Epoch 16 of 25 took 10483.619s, training loss:		0.133058, validation loss:		0.124134, validation accuracy:		96.99 %
Epoch 17 of 25 took 10487.391s, training loss:		0.131958, validation loss:		0.122945, validation accuracy:		97.03 %
Epoch 18 of 25 took 10476.686s, training loss:		0.131019, validation loss:		0.122250, validation accuracy:		97.06 %
# 1477419823, restart training...
Epoch 19 of 25 took 10504.869s, training loss:		0.142610, validation loss:		0.126184, validation accuracy:		97.05 %
Epoch 20 of 25 took 10414.265s, training loss:		0.132799, validation loss:		0.122702, validation accuracy:		97.14 %
Epoch 21 of 25 took 10350.434s, training loss:		0.129825, validation loss:		0.120862, validation accuracy:		97.18 %
Epoch 22 of 25 took 10395.187s, training loss:		0.127992, validation loss:		0.119621, validation accuracy:		97.21 %
Epoch 23 of 25 took 10334.733s, training loss:		0.126920, validation loss:		0.118655, validation accuracy:		97.23 %
Epoch 24 of 25 took 11245.406s, training loss:		0.125802, validation loss:		0.118011, validation accuracy:		97.26 %
Epoch 25 of 25 took 10338.798s, training loss:		0.125094, validation loss:		0.117284, validation accuracy:		97.28 %
# 1477582139, restart training
