2016-10-05 09:27:46,183 - __main__ - INFO - Starting...
2016-10-05 09:27:46,183 - __main__ - INFO - minerva_tricolumnar_time_epsilon.py
2016-10-05 09:27:46,184 - __main__ - INFO -  Begin with saved pars? False
2016-10-05 09:27:46,184 - __main__ - INFO -  Saved parameters file: ./lminerva_time_epsilon1475677654.npz
2016-10-05 09:27:46,184 - __main__ - INFO -  Saved parameters file exists? False
2016-10-05 09:27:46,184 - __main__ - INFO -  Datasets: ['/phihome/perdue/theano/data/minosmatch_nukecczdefs_genallzwitht_pcodecap66_127x50x25_xuv_txtutv_muondat_me1Bmc.hdf5']
2016-10-05 09:27:46,185 - __main__ - INFO -  Dataset size: 6377541776
2016-10-05 09:27:46,185 - __main__ - INFO -  Planned number of epochs: 1
2016-10-05 09:27:46,185 - __main__ - INFO -  Learning rate: 0.001
2016-10-05 09:27:46,186 - __main__ - INFO -  Momentum: 0.9
2016-10-05 09:27:46,186 - __main__ - INFO -  Batch size: 500
2016-10-05 09:27:46,186 - __main__ - INFO -  L2 regularization penalty scale: 0.0001
2016-10-05 09:27:46,186 - minerva_ann_operate_networks - INFO - Loading data...
2016-10-05 09:27:46,248 - minerva_ann_datasets - INFO -  Learning sample size = 2942887 examples
2016-10-05 09:27:46,248 - minerva_ann_datasets - INFO -  Validation sample size = 354564 examples
2016-10-05 09:27:46,248 - minerva_ann_datasets - INFO -  Testing sample size = 248196 examples
2016-10-05 09:27:46,249 - minerva_ann_networks - INFO - Convpool conv-x-0 params: {'filter_size': (8, 3), 'pool_size': (2, 1), 'nfilters': 12}
2016-10-05 09:27:46,252 - minerva_ann_networks - INFO - Convpool maxpool-x-0
2016-10-05 09:27:46,252 - minerva_ann_networks - INFO - Convpool conv-x-1 params: {'filter_size': (7, 3), 'pool_size': (2, 1), 'nfilters': 20}
2016-10-05 09:27:46,252 - minerva_ann_networks - INFO - Convpool maxpool-x-1
2016-10-05 09:27:46,252 - minerva_ann_networks - INFO - Convpool conv-x-2 params: {'filter_size': (6, 3), 'pool_size': (2, 1), 'nfilters': 28}
2016-10-05 09:27:46,253 - minerva_ann_networks - INFO - Convpool maxpool-x-2
2016-10-05 09:27:46,253 - minerva_ann_networks - INFO - Convpool conv-x-3 params: {'filter_size': (6, 3), 'pool_size': (2, 1), 'nfilters': 36}
2016-10-05 09:27:46,254 - minerva_ann_networks - INFO - Convpool maxpool-x-3
2016-10-05 09:27:46,272 - minerva_ann_networks - INFO - Dense dense-x with nhidden = 196, dropout = 0.5
2016-10-05 09:27:46,272 - minerva_ann_networks - INFO - Convpool conv-u-0 params: {'filter_size': (8, 5), 'pool_size': (2, 1), 'nfilters': 12}
2016-10-05 09:27:46,273 - minerva_ann_networks - INFO - Convpool maxpool-u-0
2016-10-05 09:27:46,273 - minerva_ann_networks - INFO - Convpool conv-u-1 params: {'filter_size': (7, 3), 'pool_size': (2, 1), 'nfilters': 20}
2016-10-05 09:27:46,273 - minerva_ann_networks - INFO - Convpool maxpool-u-1
2016-10-05 09:27:46,274 - minerva_ann_networks - INFO - Convpool conv-u-2 params: {'filter_size': (6, 3), 'pool_size': (2, 1), 'nfilters': 28}
2016-10-05 09:27:46,274 - minerva_ann_networks - INFO - Convpool maxpool-u-2
2016-10-05 09:27:46,274 - minerva_ann_networks - INFO - Convpool conv-u-3 params: {'filter_size': (6, 3), 'pool_size': (2, 1), 'nfilters': 36}
2016-10-05 09:27:46,275 - minerva_ann_networks - INFO - Convpool maxpool-u-3
2016-10-05 09:27:46,281 - minerva_ann_networks - INFO - Dense dense-u with nhidden = 196, dropout = 0.5
2016-10-05 09:27:46,281 - minerva_ann_networks - INFO - Convpool conv-v-0 params: {'filter_size': (8, 5), 'pool_size': (2, 1), 'nfilters': 12}
2016-10-05 09:27:46,282 - minerva_ann_networks - INFO - Convpool maxpool-v-0
2016-10-05 09:27:46,282 - minerva_ann_networks - INFO - Convpool conv-v-1 params: {'filter_size': (7, 3), 'pool_size': (2, 1), 'nfilters': 20}
2016-10-05 09:27:46,283 - minerva_ann_networks - INFO - Convpool maxpool-v-1
2016-10-05 09:27:46,283 - minerva_ann_networks - INFO - Convpool conv-v-2 params: {'filter_size': (6, 3), 'pool_size': (2, 1), 'nfilters': 28}
2016-10-05 09:27:46,283 - minerva_ann_networks - INFO - Convpool maxpool-v-2
2016-10-05 09:27:46,283 - minerva_ann_networks - INFO - Convpool conv-v-3 params: {'filter_size': (6, 3), 'pool_size': (2, 1), 'nfilters': 36}
2016-10-05 09:27:46,284 - minerva_ann_networks - INFO - Convpool maxpool-v-3
2016-10-05 09:27:46,290 - minerva_ann_networks - INFO - Dense dense-v with nhidden = 196, dropout = 0.5
2016-10-05 09:27:46,290 - minerva_ann_networks - INFO - Network: concat columns...
2016-10-05 09:27:46,291 - minerva_ann_networks - INFO - Dense dense-across with nhidden = 98, dropout = 0.5
2016-10-05 09:27:46,292 - minerva_ann_networks - INFO - Softmax output prob with n_units = 11
2016-10-05 09:27:46,296 - minerva_ann_networks - INFO - n-parameters: 1684823
2016-10-05 09:27:46,297 - minerva_ann_operate_networks - INFO - 
In -->          Layer    --> Out    Description                                                  
-------         -----    -------    -----------                                                  
[]              0        [1]        <lasagne.layers.input.InputLayer object at 0x2b2aaad8a910>   
[0]             1        [2]        <lasagne.layers.conv.Conv2DLayer object at 0x2b2aa2b7b150>   
[1]             2        [3]        <lasagne.layers.pool.MaxPool2DLayer object at 0x2b2aa2b7b090>
[2]             3        [4]        <lasagne.layers.conv.Conv2DLayer object at 0x2b2aa2b9be50>   
[3]             4        [5]        <lasagne.layers.pool.MaxPool2DLayer object at 0x2b2aa2b7b050>
[4]             5        [6]        <lasagne.layers.conv.Conv2DLayer object at 0x2b2aa2baa150>   
[5]             6        [7]        <lasagne.layers.pool.MaxPool2DLayer object at 0x2b2aa2b9be90>
[6]             7        [8]        <lasagne.layers.conv.Conv2DLayer object at 0x2b2aa2baa410>   
[7]             8        [9]        <lasagne.layers.pool.MaxPool2DLayer object at 0x2b2aa2baa450>
[8]             9        [10]       <lasagne.layers.noise.DropoutLayer object at 0x2b2aaad8afd0> 
[9]             10       [33]       <lasagne.layers.dense.DenseLayer object at 0x2b2aa2baa710>   
[]              11       [12]       <lasagne.layers.input.InputLayer object at 0x2b2aaad8a8d0>   
[11]            12       [13]       <lasagne.layers.conv.Conv2DLayer object at 0x2b2aa2baae10>   
[12]            13       [14]       <lasagne.layers.pool.MaxPool2DLayer object at 0x2b2aa2baad50>
[13]            14       [15]       <lasagne.layers.conv.Conv2DLayer object at 0x2b2aa2bb3050>   
[14]            15       [16]       <lasagne.layers.pool.MaxPool2DLayer object at 0x2b2aa2baadd0>
[15]            16       [17]       <lasagne.layers.conv.Conv2DLayer object at 0x2b2aa2bb3310>   
[16]            17       [18]       <lasagne.layers.pool.MaxPool2DLayer object at 0x2b2aa2bb3350>
[17]            18       [19]       <lasagne.layers.conv.Conv2DLayer object at 0x2b2aa2bb35d0>   
[18]            19       [20]       <lasagne.layers.pool.MaxPool2DLayer object at 0x2b2aa2bb3610>
[19]            20       [21]       <lasagne.layers.noise.DropoutLayer object at 0x2b2aa2baa7d0> 
[20]            21       [33]       <lasagne.layers.dense.DenseLayer object at 0x2b2aa2bb38d0>   
[]              22       [23]       <lasagne.layers.input.InputLayer object at 0x2b2aaad8af90>   
[22]            23       [24]       <lasagne.layers.conv.Conv2DLayer object at 0x2b2aa2bb3c50>   
[23]            24       [25]       <lasagne.layers.pool.MaxPool2DLayer object at 0x2b2aa2bb3b90>
[24]            25       [26]       <lasagne.layers.conv.Conv2DLayer object at 0x2b2aa2bb3e50>   
[25]            26       [27]       <lasagne.layers.pool.MaxPool2DLayer object at 0x2b2aa2bb3e90>
[26]            27       [28]       <lasagne.layers.conv.Conv2DLayer object at 0x2b2aa2bbe150>   
[27]            28       [29]       <lasagne.layers.pool.MaxPool2DLayer object at 0x2b2aa2bb3c10>
[28]            29       [30]       <lasagne.layers.conv.Conv2DLayer object at 0x2b2aa2bbe410>   
[29]            30       [31]       <lasagne.layers.pool.MaxPool2DLayer object at 0x2b2aa2bbe450>
[30]            31       [32]       <lasagne.layers.noise.DropoutLayer object at 0x2b2aa2bb3990> 
[31]            32       [33]       <lasagne.layers.dense.DenseLayer object at 0x2b2aa2bbe710>   
[10, 21, 32]    33       [34]       <lasagne.layers.merge.ConcatLayer object at 0x2b2aa2bbe7d0>  
[33]            34       [35]       <lasagne.layers.noise.DropoutLayer object at 0x2b2aa2bbea50> 
[34]            35       [36]       <lasagne.layers.dense.DenseLayer object at 0x2b2aa2bbe9d0>   
[35]            36       []         <lasagne.layers.dense.DenseLayer object at 0x2b2aa2bbea10>   
2016-10-05 09:27:47,634 - minerva_ann_operate_networks - INFO - 
        ////
        Use AdaGrad update schedule for learning rate, see Duchi, Hazan, and
        Singer (2011) "Adaptive subgradient methods for online learning and
        stochasitic optimization." JMLR, 12:2121-2159
        ////
        
2016-10-05 09:27:47,965 - minerva_ann_operate_networks - INFO - 
        ////
        Apply Nesterov momentum using Lisa Lab's modifications.
        ////
        
2016-10-05 09:28:05,629 - minerva_ann_operate_networks - INFO - Starting training...
2016-10-05 09:28:48,575 - minerva_ann_operate_networks - INFO -   Loading slice (0, 50000) from /phihome/perdue/theano/data/minosmatch_nukecczdefs_genallzwitht_pcodecap66_127x50x25_xuv_txtutv_muondat_me1Bmc.hdf5 took 42.945s.
2016-10-05 09:29:37,998 - minerva_ann_operate_networks - INFO -   -Iterating over the slice took 49.422s.
2016-10-05 09:30:36,441 - minerva_ann_operate_networks - INFO -   Loading slice (50000, 100000) from /phihome/perdue/theano/data/minosmatch_nukecczdefs_genallzwitht_pcodecap66_127x50x25_xuv_txtutv_muondat_me1Bmc.hdf5 took 58.433s.
2016-10-05 09:31:25,840 - minerva_ann_operate_networks - INFO -   -Iterating over the slice took 49.398s.
2016-10-05 09:32:19,912 - minerva_ann_operate_networks - INFO -   Loading slice (100000, 150000) from /phihome/perdue/theano/data/minosmatch_nukecczdefs_genallzwitht_pcodecap66_127x50x25_xuv_txtutv_muondat_me1Bmc.hdf5 took 54.062s.
2016-10-05 09:33:09,350 - minerva_ann_operate_networks - INFO -   -Iterating over the slice took 49.437s.
2016-10-05 09:34:03,329 - minerva_ann_operate_networks - INFO -   Loading slice (150000, 200000) from /phihome/perdue/theano/data/minosmatch_nukecczdefs_genallzwitht_pcodecap66_127x50x25_xuv_txtutv_muondat_me1Bmc.hdf5 took 53.968s.
2016-10-05 09:34:52,538 - minerva_ann_operate_networks - INFO -   -Iterating over the slice took 49.208s.
2016-10-05 09:35:46,761 - minerva_ann_operate_networks - INFO -   Loading slice (200000, 250000) from /phihome/perdue/theano/data/minosmatch_nukecczdefs_genallzwitht_pcodecap66_127x50x25_xuv_txtutv_muondat_me1Bmc.hdf5 took 54.213s.
2016-10-05 09:36:35,927 - minerva_ann_operate_networks - INFO -   -Iterating over the slice took 49.165s.
2016-10-05 09:37:29,775 - minerva_ann_operate_networks - INFO -   Loading slice (250000, 300000) from /phihome/perdue/theano/data/minosmatch_nukecczdefs_genallzwitht_pcodecap66_127x50x25_xuv_txtutv_muondat_me1Bmc.hdf5 took 53.838s.
2016-10-05 09:38:18,967 - minerva_ann_operate_networks - INFO -   -Iterating over the slice took 49.191s.
2016-10-05 09:39:13,309 - minerva_ann_operate_networks - INFO -   Loading slice (300000, 350000) from /phihome/perdue/theano/data/minosmatch_nukecczdefs_genallzwitht_pcodecap66_127x50x25_xuv_txtutv_muondat_me1Bmc.hdf5 took 54.332s.
2016-10-05 09:40:09,447 - minerva_ann_operate_networks - INFO -   -Iterating over the slice took 56.137s.
2016-10-05 09:41:03,663 - minerva_ann_operate_networks - INFO -   Loading slice (350000, 400000) from /phihome/perdue/theano/data/minosmatch_nukecczdefs_genallzwitht_pcodecap66_127x50x25_xuv_txtutv_muondat_me1Bmc.hdf5 took 54.205s.
2016-10-05 09:41:52,851 - minerva_ann_operate_networks - INFO -   -Iterating over the slice took 49.187s.
2016-10-05 09:42:47,199 - minerva_ann_operate_networks - INFO -   Loading slice (400000, 450000) from /phihome/perdue/theano/data/minosmatch_nukecczdefs_genallzwitht_pcodecap66_127x50x25_xuv_txtutv_muondat_me1Bmc.hdf5 took 54.338s.
2016-10-05 09:43:36,389 - minerva_ann_operate_networks - INFO -   -Iterating over the slice took 49.190s.
2016-10-05 09:44:30,669 - minerva_ann_operate_networks - INFO -   Loading slice (450000, 500000) from /phihome/perdue/theano/data/minosmatch_nukecczdefs_genallzwitht_pcodecap66_127x50x25_xuv_txtutv_muondat_me1Bmc.hdf5 took 54.269s.
2016-10-05 09:45:19,903 - minerva_ann_operate_networks - INFO -   -Iterating over the slice took 49.234s.
2016-10-05 09:46:02,428 - minerva_ann_operate_networks - INFO -   Loading slice (500000, 550000) from /phihome/perdue/theano/data/minosmatch_nukecczdefs_genallzwitht_pcodecap66_127x50x25_xuv_txtutv_muondat_me1Bmc.hdf5 took 42.515s.
2016-10-05 09:46:51,633 - minerva_ann_operate_networks - INFO -   -Iterating over the slice took 49.205s.
2016-10-05 09:47:45,690 - minerva_ann_operate_networks - INFO -   Loading slice (550000, 600000) from /phihome/perdue/theano/data/minosmatch_nukecczdefs_genallzwitht_pcodecap66_127x50x25_xuv_txtutv_muondat_me1Bmc.hdf5 took 54.047s.
2016-10-05 09:48:34,877 - minerva_ann_operate_networks - INFO -   -Iterating over the slice took 49.186s.
2016-10-05 09:49:28,753 - minerva_ann_operate_networks - INFO -   Loading slice (600000, 650000) from /phihome/perdue/theano/data/minosmatch_nukecczdefs_genallzwitht_pcodecap66_127x50x25_xuv_txtutv_muondat_me1Bmc.hdf5 took 53.866s.
2016-10-05 09:50:24,833 - minerva_ann_operate_networks - INFO -   -Iterating over the slice took 56.080s.
2016-10-05 09:51:18,414 - minerva_ann_operate_networks - INFO -   Loading slice (650000, 700000) from /phihome/perdue/theano/data/minosmatch_nukecczdefs_genallzwitht_pcodecap66_127x50x25_xuv_txtutv_muondat_me1Bmc.hdf5 took 53.571s.
2016-10-05 09:52:07,585 - minerva_ann_operate_networks - INFO -   -Iterating over the slice took 49.171s.
2016-10-05 09:53:00,785 - minerva_ann_operate_networks - INFO -   Loading slice (700000, 750000) from /phihome/perdue/theano/data/minosmatch_nukecczdefs_genallzwitht_pcodecap66_127x50x25_xuv_txtutv_muondat_me1Bmc.hdf5 took 53.189s.
2016-10-05 09:53:49,944 - minerva_ann_operate_networks - INFO -   -Iterating over the slice took 49.159s.
2016-10-05 09:54:43,584 - minerva_ann_operate_networks - INFO -   Loading slice (750000, 800000) from /phihome/perdue/theano/data/minosmatch_nukecczdefs_genallzwitht_pcodecap66_127x50x25_xuv_txtutv_muondat_me1Bmc.hdf5 took 53.629s.
2016-10-05 09:55:32,706 - minerva_ann_operate_networks - INFO -   -Iterating over the slice took 49.122s.
2016-10-05 09:56:26,427 - minerva_ann_operate_networks - INFO -   Loading slice (800000, 850000) from /phihome/perdue/theano/data/minosmatch_nukecczdefs_genallzwitht_pcodecap66_127x50x25_xuv_txtutv_muondat_me1Bmc.hdf5 took 53.711s.
2016-10-05 09:57:15,544 - minerva_ann_operate_networks - INFO -   -Iterating over the slice took 49.116s.
2016-10-05 09:58:09,174 - minerva_ann_operate_networks - INFO -   Loading slice (850000, 900000) from /phihome/perdue/theano/data/minosmatch_nukecczdefs_genallzwitht_pcodecap66_127x50x25_xuv_txtutv_muondat_me1Bmc.hdf5 took 53.621s.
2016-10-05 09:58:58,226 - minerva_ann_operate_networks - INFO -   -Iterating over the slice took 49.052s.
2016-10-05 09:59:52,053 - minerva_ann_operate_networks - INFO -   Loading slice (900000, 950000) from /phihome/perdue/theano/data/minosmatch_nukecczdefs_genallzwitht_pcodecap66_127x50x25_xuv_txtutv_muondat_me1Bmc.hdf5 took 53.817s.
2016-10-05 10:00:47,980 - minerva_ann_operate_networks - INFO -   -Iterating over the slice took 55.927s.
2016-10-05 10:01:42,175 - minerva_ann_operate_networks - INFO -   Loading slice (950000, 1000000) from /phihome/perdue/theano/data/minosmatch_nukecczdefs_genallzwitht_pcodecap66_127x50x25_xuv_txtutv_muondat_me1Bmc.hdf5 took 54.184s.
2016-10-05 10:02:31,201 - minerva_ann_operate_networks - INFO -   -Iterating over the slice took 49.025s.
2016-10-05 10:03:13,487 - minerva_ann_operate_networks - INFO -   Loading slice (1000000, 1050000) from /phihome/perdue/theano/data/minosmatch_nukecczdefs_genallzwitht_pcodecap66_127x50x25_xuv_txtutv_muondat_me1Bmc.hdf5 took 42.276s.
2016-10-05 10:04:02,510 - minerva_ann_operate_networks - INFO -   -Iterating over the slice took 49.022s.
2016-10-05 10:04:56,372 - minerva_ann_operate_networks - INFO -   Loading slice (1050000, 1100000) from /phihome/perdue/theano/data/minosmatch_nukecczdefs_genallzwitht_pcodecap66_127x50x25_xuv_txtutv_muondat_me1Bmc.hdf5 took 53.852s.
2016-10-05 10:05:45,388 - minerva_ann_operate_networks - INFO -   -Iterating over the slice took 49.016s.
2016-10-05 10:06:39,356 - minerva_ann_operate_networks - INFO -   Loading slice (1100000, 1150000) from /phihome/perdue/theano/data/minosmatch_nukecczdefs_genallzwitht_pcodecap66_127x50x25_xuv_txtutv_muondat_me1Bmc.hdf5 took 53.958s.
2016-10-05 10:07:28,540 - minerva_ann_operate_networks - INFO -   -Iterating over the slice took 49.183s.
2016-10-05 10:08:22,522 - minerva_ann_operate_networks - INFO -   Loading slice (1150000, 1200000) from /phihome/perdue/theano/data/minosmatch_nukecczdefs_genallzwitht_pcodecap66_127x50x25_xuv_txtutv_muondat_me1Bmc.hdf5 took 53.973s.
2016-10-05 10:09:11,544 - minerva_ann_operate_networks - INFO -   -Iterating over the slice took 49.021s.
2016-10-05 10:10:05,475 - minerva_ann_operate_networks - INFO -   Loading slice (1200000, 1250000) from /phihome/perdue/theano/data/minosmatch_nukecczdefs_genallzwitht_pcodecap66_127x50x25_xuv_txtutv_muondat_me1Bmc.hdf5 took 53.921s.
2016-10-05 10:11:00,860 - minerva_ann_operate_networks - INFO -   -Iterating over the slice took 55.384s.
2016-10-05 10:11:54,590 - minerva_ann_operate_networks - INFO -   Loading slice (1250000, 1300000) from /phihome/perdue/theano/data/minosmatch_nukecczdefs_genallzwitht_pcodecap66_127x50x25_xuv_txtutv_muondat_me1Bmc.hdf5 took 53.720s.
2016-10-05 10:12:43,726 - minerva_ann_operate_networks - INFO -   -Iterating over the slice took 49.135s.
2016-10-05 10:13:37,603 - minerva_ann_operate_networks - INFO -   Loading slice (1300000, 1350000) from /phihome/perdue/theano/data/minosmatch_nukecczdefs_genallzwitht_pcodecap66_127x50x25_xuv_txtutv_muondat_me1Bmc.hdf5 took 53.867s.
2016-10-05 10:14:26,756 - minerva_ann_operate_networks - INFO -   -Iterating over the slice took 49.152s.
2016-10-05 10:15:20,080 - minerva_ann_operate_networks - INFO -   Loading slice (1350000, 1400000) from /phihome/perdue/theano/data/minosmatch_nukecczdefs_genallzwitht_pcodecap66_127x50x25_xuv_txtutv_muondat_me1Bmc.hdf5 took 53.314s.
2016-10-05 10:16:09,235 - minerva_ann_operate_networks - INFO -   -Iterating over the slice took 49.155s.
2016-10-05 10:17:03,160 - minerva_ann_operate_networks - INFO -   Loading slice (1400000, 1450000) from /phihome/perdue/theano/data/minosmatch_nukecczdefs_genallzwitht_pcodecap66_127x50x25_xuv_txtutv_muondat_me1Bmc.hdf5 took 53.914s.
2016-10-05 10:17:52,316 - minerva_ann_operate_networks - INFO -   -Iterating over the slice took 49.156s.
2016-10-05 10:18:46,426 - minerva_ann_operate_networks - INFO -   Loading slice (1450000, 1500000) from /phihome/perdue/theano/data/minosmatch_nukecczdefs_genallzwitht_pcodecap66_127x50x25_xuv_txtutv_muondat_me1Bmc.hdf5 took 54.100s.
2016-10-05 10:19:35,581 - minerva_ann_operate_networks - INFO -   -Iterating over the slice took 49.155s.
2016-10-05 10:20:18,306 - minerva_ann_operate_networks - INFO -   Loading slice (1500000, 1550000) from /phihome/perdue/theano/data/minosmatch_nukecczdefs_genallzwitht_pcodecap66_127x50x25_xuv_txtutv_muondat_me1Bmc.hdf5 took 42.714s.
2016-10-05 10:21:07,464 - minerva_ann_operate_networks - INFO -   -Iterating over the slice took 49.157s.
2016-10-05 10:22:01,102 - minerva_ann_operate_networks - INFO -   Loading slice (1550000, 1600000) from /phihome/perdue/theano/data/minosmatch_nukecczdefs_genallzwitht_pcodecap66_127x50x25_xuv_txtutv_muondat_me1Bmc.hdf5 took 53.628s.
2016-10-05 10:22:50,205 - minerva_ann_operate_networks - INFO -   -Iterating over the slice took 49.102s.
2016-10-05 10:23:44,560 - minerva_ann_operate_networks - INFO -   Loading slice (1600000, 1650000) from /phihome/perdue/theano/data/minosmatch_nukecczdefs_genallzwitht_pcodecap66_127x50x25_xuv_txtutv_muondat_me1Bmc.hdf5 took 54.345s.
2016-10-05 10:24:33,641 - minerva_ann_operate_networks - INFO -   -Iterating over the slice took 49.081s.
2016-10-05 10:25:27,001 - minerva_ann_operate_networks - INFO -   Loading slice (1650000, 1700000) from /phihome/perdue/theano/data/minosmatch_nukecczdefs_genallzwitht_pcodecap66_127x50x25_xuv_txtutv_muondat_me1Bmc.hdf5 took 53.350s.
2016-10-05 10:26:16,086 - minerva_ann_operate_networks - INFO -   -Iterating over the slice took 49.085s.
2016-10-05 10:27:09,800 - minerva_ann_operate_networks - INFO -   Loading slice (1700000, 1750000) from /phihome/perdue/theano/data/minosmatch_nukecczdefs_genallzwitht_pcodecap66_127x50x25_xuv_txtutv_muondat_me1Bmc.hdf5 took 53.704s.
2016-10-05 10:27:58,961 - minerva_ann_operate_networks - INFO -   -Iterating over the slice took 49.161s.
2016-10-05 10:28:52,573 - minerva_ann_operate_networks - INFO -   Loading slice (1750000, 1800000) from /phihome/perdue/theano/data/minosmatch_nukecczdefs_genallzwitht_pcodecap66_127x50x25_xuv_txtutv_muondat_me1Bmc.hdf5 took 53.602s.
2016-10-05 10:29:41,730 - minerva_ann_operate_networks - INFO -   -Iterating over the slice took 49.156s.
2016-10-05 10:30:39,856 - minerva_ann_operate_networks - INFO -   Loading slice (1800000, 1850000) from /phihome/perdue/theano/data/minosmatch_nukecczdefs_genallzwitht_pcodecap66_127x50x25_xuv_txtutv_muondat_me1Bmc.hdf5 took 58.116s.
2016-10-05 10:31:29,129 - minerva_ann_operate_networks - INFO -   -Iterating over the slice took 49.273s.
2016-10-05 10:32:22,970 - minerva_ann_operate_networks - INFO -   Loading slice (1850000, 1900000) from /phihome/perdue/theano/data/minosmatch_nukecczdefs_genallzwitht_pcodecap66_127x50x25_xuv_txtutv_muondat_me1Bmc.hdf5 took 53.829s.
2016-10-05 10:33:12,136 - minerva_ann_operate_networks - INFO -   -Iterating over the slice took 49.165s.
2016-10-05 10:34:05,931 - minerva_ann_operate_networks - INFO -   Loading slice (1900000, 1950000) from /phihome/perdue/theano/data/minosmatch_nukecczdefs_genallzwitht_pcodecap66_127x50x25_xuv_txtutv_muondat_me1Bmc.hdf5 took 53.786s.
2016-10-05 10:34:55,094 - minerva_ann_operate_networks - INFO -   -Iterating over the slice took 49.162s.
2016-10-05 10:35:49,290 - minerva_ann_operate_networks - INFO -   Loading slice (1950000, 2000000) from /phihome/perdue/theano/data/minosmatch_nukecczdefs_genallzwitht_pcodecap66_127x50x25_xuv_txtutv_muondat_me1Bmc.hdf5 took 54.186s.
2016-10-05 10:36:38,377 - minerva_ann_operate_networks - INFO -   -Iterating over the slice took 49.087s.
2016-10-05 10:37:32,455 - minerva_ann_operate_networks - INFO -   Loading slice (2000000, 2050000) from /phihome/perdue/theano/data/minosmatch_nukecczdefs_genallzwitht_pcodecap66_127x50x25_xuv_txtutv_muondat_me1Bmc.hdf5 took 54.067s.
2016-10-05 10:38:21,605 - minerva_ann_operate_networks - INFO -   -Iterating over the slice took 49.150s.
2016-10-05 10:39:04,002 - minerva_ann_operate_networks - INFO -   Loading slice (2050000, 2100000) from /phihome/perdue/theano/data/minosmatch_nukecczdefs_genallzwitht_pcodecap66_127x50x25_xuv_txtutv_muondat_me1Bmc.hdf5 took 42.387s.
2016-10-05 10:39:53,154 - minerva_ann_operate_networks - INFO -   -Iterating over the slice took 49.151s.
2016-10-05 10:40:47,023 - minerva_ann_operate_networks - INFO -   Loading slice (2100000, 2150000) from /phihome/perdue/theano/data/minosmatch_nukecczdefs_genallzwitht_pcodecap66_127x50x25_xuv_txtutv_muondat_me1Bmc.hdf5 took 53.858s.
2016-10-05 10:41:36,340 - minerva_ann_operate_networks - INFO -   -Iterating over the slice took 49.316s.
2016-10-05 10:42:30,016 - minerva_ann_operate_networks - INFO -   Loading slice (2150000, 2200000) from /phihome/perdue/theano/data/minosmatch_nukecczdefs_genallzwitht_pcodecap66_127x50x25_xuv_txtutv_muondat_me1Bmc.hdf5 took 53.664s.
2016-10-05 10:43:19,097 - minerva_ann_operate_networks - INFO -   -Iterating over the slice took 49.080s.
2016-10-05 10:44:12,995 - minerva_ann_operate_networks - INFO -   Loading slice (2200000, 2250000) from /phihome/perdue/theano/data/minosmatch_nukecczdefs_genallzwitht_pcodecap66_127x50x25_xuv_txtutv_muondat_me1Bmc.hdf5 took 53.889s.
2016-10-05 10:45:02,092 - minerva_ann_operate_networks - INFO -   -Iterating over the slice took 49.096s.
2016-10-05 10:45:56,025 - minerva_ann_operate_networks - INFO -   Loading slice (2250000, 2300000) from /phihome/perdue/theano/data/minosmatch_nukecczdefs_genallzwitht_pcodecap66_127x50x25_xuv_txtutv_muondat_me1Bmc.hdf5 took 53.923s.
2016-10-05 10:46:45,107 - minerva_ann_operate_networks - INFO -   -Iterating over the slice took 49.081s.
2016-10-05 10:47:38,934 - minerva_ann_operate_networks - INFO -   Loading slice (2300000, 2350000) from /phihome/perdue/theano/data/minosmatch_nukecczdefs_genallzwitht_pcodecap66_127x50x25_xuv_txtutv_muondat_me1Bmc.hdf5 took 53.817s.
2016-10-05 10:48:28,086 - minerva_ann_operate_networks - INFO -   -Iterating over the slice took 49.152s.
2016-10-05 10:49:22,260 - minerva_ann_operate_networks - INFO -   Loading slice (2350000, 2400000) from /phihome/perdue/theano/data/minosmatch_nukecczdefs_genallzwitht_pcodecap66_127x50x25_xuv_txtutv_muondat_me1Bmc.hdf5 took 54.164s.
2016-10-05 10:50:18,419 - minerva_ann_operate_networks - INFO -   -Iterating over the slice took 56.158s.
2016-10-05 10:51:11,822 - minerva_ann_operate_networks - INFO -   Loading slice (2400000, 2450000) from /phihome/perdue/theano/data/minosmatch_nukecczdefs_genallzwitht_pcodecap66_127x50x25_xuv_txtutv_muondat_me1Bmc.hdf5 took 53.393s.
2016-10-05 10:52:01,033 - minerva_ann_operate_networks - INFO -   -Iterating over the slice took 49.210s.
2016-10-05 10:52:54,492 - minerva_ann_operate_networks - INFO -   Loading slice (2450000, 2500000) from /phihome/perdue/theano/data/minosmatch_nukecczdefs_genallzwitht_pcodecap66_127x50x25_xuv_txtutv_muondat_me1Bmc.hdf5 took 53.449s.
2016-10-05 10:53:43,664 - minerva_ann_operate_networks - INFO -   -Iterating over the slice took 49.171s.
2016-10-05 10:54:38,085 - minerva_ann_operate_networks - INFO -   Loading slice (2500000, 2550000) from /phihome/perdue/theano/data/minosmatch_nukecczdefs_genallzwitht_pcodecap66_127x50x25_xuv_txtutv_muondat_me1Bmc.hdf5 took 54.411s.
2016-10-05 10:55:27,234 - minerva_ann_operate_networks - INFO -   -Iterating over the slice took 49.149s.
2016-10-05 10:56:09,616 - minerva_ann_operate_networks - INFO -   Loading slice (2550000, 2600000) from /phihome/perdue/theano/data/minosmatch_nukecczdefs_genallzwitht_pcodecap66_127x50x25_xuv_txtutv_muondat_me1Bmc.hdf5 took 42.372s.
2016-10-05 10:56:58,757 - minerva_ann_operate_networks - INFO -   -Iterating over the slice took 49.140s.
2016-10-05 10:57:52,624 - minerva_ann_operate_networks - INFO -   Loading slice (2600000, 2650000) from /phihome/perdue/theano/data/minosmatch_nukecczdefs_genallzwitht_pcodecap66_127x50x25_xuv_txtutv_muondat_me1Bmc.hdf5 took 53.857s.
2016-10-05 10:58:41,770 - minerva_ann_operate_networks - INFO -   -Iterating over the slice took 49.146s.
2016-10-05 10:59:36,069 - minerva_ann_operate_networks - INFO -   Loading slice (2650000, 2700000) from /phihome/perdue/theano/data/minosmatch_nukecczdefs_genallzwitht_pcodecap66_127x50x25_xuv_txtutv_muondat_me1Bmc.hdf5 took 54.288s.
2016-10-05 11:00:32,093 - minerva_ann_operate_networks - INFO -   -Iterating over the slice took 56.024s.
2016-10-05 11:01:25,459 - minerva_ann_operate_networks - INFO -   Loading slice (2700000, 2750000) from /phihome/perdue/theano/data/minosmatch_nukecczdefs_genallzwitht_pcodecap66_127x50x25_xuv_txtutv_muondat_me1Bmc.hdf5 took 53.355s.
2016-10-05 11:02:14,607 - minerva_ann_operate_networks - INFO -   -Iterating over the slice took 49.148s.
2016-10-05 11:03:08,874 - minerva_ann_operate_networks - INFO -   Loading slice (2750000, 2800000) from /phihome/perdue/theano/data/minosmatch_nukecczdefs_genallzwitht_pcodecap66_127x50x25_xuv_txtutv_muondat_me1Bmc.hdf5 took 54.257s.
2016-10-05 11:03:58,118 - minerva_ann_operate_networks - INFO -   -Iterating over the slice took 49.243s.
2016-10-05 11:04:52,094 - minerva_ann_operate_networks - INFO -   Loading slice (2800000, 2850000) from /phihome/perdue/theano/data/minosmatch_nukecczdefs_genallzwitht_pcodecap66_127x50x25_xuv_txtutv_muondat_me1Bmc.hdf5 took 53.966s.
2016-10-05 11:05:41,263 - minerva_ann_operate_networks - INFO -   -Iterating over the slice took 49.169s.
2016-10-05 11:06:34,343 - minerva_ann_operate_networks - INFO -   Loading slice (2850000, 2900000) from /phihome/perdue/theano/data/minosmatch_nukecczdefs_genallzwitht_pcodecap66_127x50x25_xuv_txtutv_muondat_me1Bmc.hdf5 took 53.070s.
2016-10-05 11:07:23,442 - minerva_ann_operate_networks - INFO -   -Iterating over the slice took 49.098s.
2016-10-05 11:08:12,228 - minerva_ann_operate_networks - INFO -   Loading slice (2900000, 2942887) from /phihome/perdue/theano/data/minosmatch_nukecczdefs_genallzwitht_pcodecap66_127x50x25_xuv_txtutv_muondat_me1Bmc.hdf5 took 48.775s.
2016-10-05 11:08:54,416 - minerva_ann_operate_networks - INFO -   -Iterating over the slice took 42.188s.
2016-10-05 11:16:56,898 - minerva_ann_operate_networks - INFO -   The validation pass took 482.473s.
2016-10-05 11:16:57,844 - minerva_ann_operate_networks - INFO - 
Epoch 1 of 1 took 6532.214s
  training loss:		0.390374
2016-10-05 11:16:57,844 - minerva_ann_operate_networks - INFO - 
  validation loss:		0.295216
  validation accuracy:		91.22 %
2016-10-05 11:16:57,844 - minerva_ann_operate_networks - INFO - ---
2016-10-05 11:16:57,844 - minerva_ann_operate_networks - INFO - Finished 1 epochs.
2016-10-05 11:16:57,848 - minerva_ann_operate_networks - INFO - Loading data for testing...
2016-10-05 11:16:57,908 - minerva_ann_datasets - INFO -  Learning sample size = 2942887 examples
2016-10-05 11:16:57,908 - minerva_ann_datasets - INFO -  Validation sample size = 354564 examples
2016-10-05 11:16:57,908 - minerva_ann_datasets - INFO -  Testing sample size = 248196 examples
2016-10-05 11:16:57,908 - minerva_ann_operate_networks - INFO -  Used testing sample size = 248196 examples
2016-10-05 11:16:57,908 - minerva_ann_networks - INFO - Convpool conv-x-0 params: {'filter_size': (8, 3), 'pool_size': (2, 1), 'nfilters': 12}
2016-10-05 11:16:57,909 - minerva_ann_networks - INFO - Convpool maxpool-x-0
2016-10-05 11:16:57,909 - minerva_ann_networks - INFO - Convpool conv-x-1 params: {'filter_size': (7, 3), 'pool_size': (2, 1), 'nfilters': 20}
2016-10-05 11:16:57,910 - minerva_ann_networks - INFO - Convpool maxpool-x-1
2016-10-05 11:16:57,910 - minerva_ann_networks - INFO - Convpool conv-x-2 params: {'filter_size': (6, 3), 'pool_size': (2, 1), 'nfilters': 28}
2016-10-05 11:16:57,911 - minerva_ann_networks - INFO - Convpool maxpool-x-2
2016-10-05 11:16:57,911 - minerva_ann_networks - INFO - Convpool conv-x-3 params: {'filter_size': (6, 3), 'pool_size': (2, 1), 'nfilters': 36}
2016-10-05 11:16:57,912 - minerva_ann_networks - INFO - Convpool maxpool-x-3
2016-10-05 11:16:57,927 - minerva_ann_networks - INFO - Dense dense-x with nhidden = 196, dropout = 0.5
2016-10-05 11:16:57,927 - minerva_ann_networks - INFO - Convpool conv-u-0 params: {'filter_size': (8, 5), 'pool_size': (2, 1), 'nfilters': 12}
2016-10-05 11:16:57,928 - minerva_ann_networks - INFO - Convpool maxpool-u-0
2016-10-05 11:16:57,928 - minerva_ann_networks - INFO - Convpool conv-u-1 params: {'filter_size': (7, 3), 'pool_size': (2, 1), 'nfilters': 20}
2016-10-05 11:16:57,929 - minerva_ann_networks - INFO - Convpool maxpool-u-1
2016-10-05 11:16:57,929 - minerva_ann_networks - INFO - Convpool conv-u-2 params: {'filter_size': (6, 3), 'pool_size': (2, 1), 'nfilters': 28}
2016-10-05 11:16:57,929 - minerva_ann_networks - INFO - Convpool maxpool-u-2
2016-10-05 11:16:57,929 - minerva_ann_networks - INFO - Convpool conv-u-3 params: {'filter_size': (6, 3), 'pool_size': (2, 1), 'nfilters': 36}
2016-10-05 11:16:57,930 - minerva_ann_networks - INFO - Convpool maxpool-u-3
2016-10-05 11:16:57,936 - minerva_ann_networks - INFO - Dense dense-u with nhidden = 196, dropout = 0.5
2016-10-05 11:16:57,936 - minerva_ann_networks - INFO - Convpool conv-v-0 params: {'filter_size': (8, 5), 'pool_size': (2, 1), 'nfilters': 12}
2016-10-05 11:16:57,937 - minerva_ann_networks - INFO - Convpool maxpool-v-0
2016-10-05 11:16:57,937 - minerva_ann_networks - INFO - Convpool conv-v-1 params: {'filter_size': (7, 3), 'pool_size': (2, 1), 'nfilters': 20}
2016-10-05 11:16:57,937 - minerva_ann_networks - INFO - Convpool maxpool-v-1
2016-10-05 11:16:57,937 - minerva_ann_networks - INFO - Convpool conv-v-2 params: {'filter_size': (6, 3), 'pool_size': (2, 1), 'nfilters': 28}
2016-10-05 11:16:57,938 - minerva_ann_networks - INFO - Convpool maxpool-v-2
2016-10-05 11:16:57,938 - minerva_ann_networks - INFO - Convpool conv-v-3 params: {'filter_size': (6, 3), 'pool_size': (2, 1), 'nfilters': 36}
2016-10-05 11:16:57,939 - minerva_ann_networks - INFO - Convpool maxpool-v-3
2016-10-05 11:16:57,945 - minerva_ann_networks - INFO - Dense dense-v with nhidden = 196, dropout = 0.5
2016-10-05 11:16:57,945 - minerva_ann_networks - INFO - Network: concat columns...
2016-10-05 11:16:57,946 - minerva_ann_networks - INFO - Dense dense-across with nhidden = 98, dropout = 0.5
2016-10-05 11:16:57,947 - minerva_ann_networks - INFO - Softmax output prob with n_units = 11
2016-10-05 11:16:57,952 - minerva_ann_networks - INFO - n-parameters: 1684823
2016-10-05 11:17:02,789 - minerva_ann_operate_networks - INFO - Starting testing...
2016-10-05 11:17:56,829 - minerva_ann_operate_networks - INFO -   Loading slice (0, 50000) from /phihome/perdue/theano/data/minosmatch_nukecczdefs_genallzwitht_pcodecap66_127x50x25_xuv_txtutv_muondat_me1Bmc.hdf5 took 54.040s.
2016-10-05 11:26:52,421 - minerva_ann_operate_networks - INFO -   -Iterating over the slice took 535.592s.
2016-10-05 11:27:46,673 - minerva_ann_operate_networks - INFO -   Loading slice (50000, 100000) from /phihome/perdue/theano/data/minosmatch_nukecczdefs_genallzwitht_pcodecap66_127x50x25_xuv_txtutv_muondat_me1Bmc.hdf5 took 54.242s.
2016-10-05 11:36:43,257 - minerva_ann_operate_networks - INFO -   -Iterating over the slice took 536.583s.
2016-10-05 11:37:37,311 - minerva_ann_operate_networks - INFO -   Loading slice (100000, 150000) from /phihome/perdue/theano/data/minosmatch_nukecczdefs_genallzwitht_pcodecap66_127x50x25_xuv_txtutv_muondat_me1Bmc.hdf5 took 54.044s.
2016-10-05 11:46:32,674 - minerva_ann_operate_networks - INFO -   -Iterating over the slice took 535.362s.
2016-10-05 11:47:26,825 - minerva_ann_operate_networks - INFO -   Loading slice (150000, 200000) from /phihome/perdue/theano/data/minosmatch_nukecczdefs_genallzwitht_pcodecap66_127x50x25_xuv_txtutv_muondat_me1Bmc.hdf5 took 54.140s.
2016-10-05 11:56:22,565 - minerva_ann_operate_networks - INFO -   -Iterating over the slice took 535.740s.
2016-10-05 11:57:03,961 - minerva_ann_operate_networks - INFO -   Loading slice (200000, 248196) from /phihome/perdue/theano/data/minosmatch_nukecczdefs_genallzwitht_pcodecap66_127x50x25_xuv_txtutv_muondat_me1Bmc.hdf5 took 41.385s.
2016-10-05 12:05:40,429 - minerva_ann_operate_networks - INFO -   -Iterating over the slice took 516.467s.
2016-10-05 12:05:40,503 - minerva_ann_operate_networks - INFO - 
Final results:
  test loss:			0.293024
  test accuracy:		91.23 %
2016-10-05 12:05:40,503 - minerva_ann_operate_networks - INFO -    target 0 accuracy:			16.581 %
2016-10-05 12:05:40,503 - minerva_ann_operate_networks - INFO -    target 1 accuracy:			90.550 %
2016-10-05 12:05:40,503 - minerva_ann_operate_networks - INFO -    target 2 accuracy:			84.617 %
2016-10-05 12:05:40,503 - minerva_ann_operate_networks - INFO -    target 3 accuracy:			80.060 %
2016-10-05 12:05:40,503 - minerva_ann_operate_networks - INFO -    target 4 accuracy:			66.184 %
2016-10-05 12:05:40,503 - minerva_ann_operate_networks - INFO -    target 5 accuracy:			78.169 %
2016-10-05 12:05:40,503 - minerva_ann_operate_networks - INFO -    target 6 accuracy:			46.080 %
2016-10-05 12:05:40,503 - minerva_ann_operate_networks - INFO -    target 7 accuracy:			55.414 %
2016-10-05 12:05:40,503 - minerva_ann_operate_networks - INFO -    target 8 accuracy:			84.112 %
2016-10-05 12:05:40,504 - minerva_ann_operate_networks - INFO -    target 9 accuracy:			0.081 %
2016-10-05 12:05:40,504 - minerva_ann_operate_networks - INFO -    target 10 accuracy:			98.958 %
