2017-09-19 11:07:14,721 - __main__ - INFO - Starting...
2017-09-19 11:07:14,721 - __main__ - INFO - minerva_tricolumnar_spacetime_epsilon.py
2017-09-19 11:07:14,721 - __main__ - INFO -  Begin with saved pars? False
2017-09-19 11:07:14,721 - __main__ - INFO -  Saved parameters file: ./lminerva_spacetime_67_epsilon1505837227.npz
2017-09-19 11:07:14,722 - __main__ - INFO -  Saved parameters file exists? False
2017-09-19 11:07:14,722 - __main__ - INFO -  Datasets: ['/data/perdue/minerva/hdf5/201709/minosmatch_nukecczdefs_genallzwitht_pcodecap66_127x50x25_xtxutuvtv_me1Amc.hdf5']
2017-09-19 11:07:14,724 - __main__ - INFO -  Dataset size: 2260373772
2017-09-19 11:07:14,724 - __main__ - INFO -  Planned number of epochs: 1
2017-09-19 11:07:14,724 - __main__ - INFO -  Learning rate: 0.001
2017-09-19 11:07:14,724 - __main__ - INFO -  Momentum: 0.9
2017-09-19 11:07:14,724 - __main__ - INFO -  Batch size: 500
2017-09-19 11:07:14,724 - __main__ - INFO -  L2 regularization penalty scale: 0.0001
2017-09-19 11:07:14,724 - __main__ - INFO -  Target index: 4
2017-09-19 11:07:14,724 - __main__ - INFO -  Number of categories in target variable: 67
2017-09-19 11:07:14,725 - minerva_ann_operate_networks - INFO - Loading data...
2017-09-19 11:07:14,900 - minerva_ann_datasets - INFO -  Learning sample size = 1187422 examples
2017-09-19 11:07:14,900 - minerva_ann_datasets - INFO -  Validation sample size = 96650 examples
2017-09-19 11:07:14,900 - minerva_ann_datasets - INFO -  Testing sample size = 96652 examples
2017-09-19 11:07:14,901 - minerva_ann_networks - INFO - Convpool conv-x-0 params: {'filter_size': (8, 3), 'pool_size': (2, 1), 'nfilters': 12}
2017-09-19 11:07:14,921 - minerva_ann_networks - INFO - Convpool maxpool-x-0
2017-09-19 11:07:14,921 - minerva_ann_networks - INFO - Convpool conv-x-1 params: {'filter_size': (7, 3), 'pool_size': (2, 1), 'nfilters': 20}
2017-09-19 11:07:14,922 - minerva_ann_networks - INFO - Convpool maxpool-x-1
2017-09-19 11:07:14,922 - minerva_ann_networks - INFO - Convpool conv-x-2 params: {'filter_size': (6, 3), 'pool_size': (2, 1), 'nfilters': 28}
2017-09-19 11:07:14,923 - minerva_ann_networks - INFO - Convpool maxpool-x-2
2017-09-19 11:07:14,923 - minerva_ann_networks - INFO - Convpool conv-x-3 params: {'filter_size': (6, 3), 'pool_size': (2, 1), 'nfilters': 36}
2017-09-19 11:07:14,925 - minerva_ann_networks - INFO - Convpool maxpool-x-3
2017-09-19 11:07:14,957 - minerva_ann_networks - INFO - Dense dense-x with nhidden = 196, dropout = 0.5
2017-09-19 11:07:14,957 - minerva_ann_networks - INFO - Convpool conv-u-0 params: {'filter_size': (8, 5), 'pool_size': (2, 1), 'nfilters': 12}
2017-09-19 11:07:14,958 - minerva_ann_networks - INFO - Convpool maxpool-u-0
2017-09-19 11:07:14,958 - minerva_ann_networks - INFO - Convpool conv-u-1 params: {'filter_size': (7, 3), 'pool_size': (2, 1), 'nfilters': 20}
2017-09-19 11:07:14,959 - minerva_ann_networks - INFO - Convpool maxpool-u-1
2017-09-19 11:07:14,959 - minerva_ann_networks - INFO - Convpool conv-u-2 params: {'filter_size': (6, 3), 'pool_size': (2, 1), 'nfilters': 28}
2017-09-19 11:07:14,960 - minerva_ann_networks - INFO - Convpool maxpool-u-2
2017-09-19 11:07:14,960 - minerva_ann_networks - INFO - Convpool conv-u-3 params: {'filter_size': (6, 3), 'pool_size': (2, 1), 'nfilters': 36}
2017-09-19 11:07:14,961 - minerva_ann_networks - INFO - Convpool maxpool-u-3
2017-09-19 11:07:14,972 - minerva_ann_networks - INFO - Dense dense-u with nhidden = 196, dropout = 0.5
2017-09-19 11:07:14,972 - minerva_ann_networks - INFO - Convpool conv-v-0 params: {'filter_size': (8, 5), 'pool_size': (2, 1), 'nfilters': 12}
2017-09-19 11:07:14,973 - minerva_ann_networks - INFO - Convpool maxpool-v-0
2017-09-19 11:07:14,973 - minerva_ann_networks - INFO - Convpool conv-v-1 params: {'filter_size': (7, 3), 'pool_size': (2, 1), 'nfilters': 20}
2017-09-19 11:07:14,974 - minerva_ann_networks - INFO - Convpool maxpool-v-1
2017-09-19 11:07:14,974 - minerva_ann_networks - INFO - Convpool conv-v-2 params: {'filter_size': (6, 3), 'pool_size': (2, 1), 'nfilters': 28}
2017-09-19 11:07:14,975 - minerva_ann_networks - INFO - Convpool maxpool-v-2
2017-09-19 11:07:14,975 - minerva_ann_networks - INFO - Convpool conv-v-3 params: {'filter_size': (6, 3), 'pool_size': (2, 1), 'nfilters': 36}
2017-09-19 11:07:14,976 - minerva_ann_networks - INFO - Convpool maxpool-v-3
2017-09-19 11:07:14,986 - minerva_ann_networks - INFO - Dense dense-v with nhidden = 196, dropout = 0.5
2017-09-19 11:07:14,986 - minerva_ann_networks - INFO - Network: concat columns...
2017-09-19 11:07:14,988 - minerva_ann_networks - INFO - Dense dense-across with nhidden = 98, dropout = 0.5
2017-09-19 11:07:14,989 - minerva_ann_networks - INFO - Softmax output prob with n_units = 67
2017-09-19 11:07:14,995 - minerva_ann_networks - INFO - n-parameters: 1691615
2017-09-19 11:07:14,997 - minerva_ann_operate_networks - INFO - 
In -->          Layer    --> Out    Description                                                  
-------         -----    -------    -----------                                                  
[]              0        [1]        <lasagne.layers.input.InputLayer object at 0x2b3a513142d0>   
[0]             1        [2]        <lasagne.layers.conv.Conv2DLayer object at 0x2b3a51565bd0>   
[1]             2        [3]        <lasagne.layers.pool.MaxPool2DLayer object at 0x2b3a51565c50>
[2]             3        [4]        <lasagne.layers.conv.Conv2DLayer object at 0x2b3a44f7a510>   
[3]             4        [5]        <lasagne.layers.pool.MaxPool2DLayer object at 0x2b3a515650d0>
[4]             5        [6]        <lasagne.layers.conv.Conv2DLayer object at 0x2b3a44f7a7d0>   
[5]             6        [7]        <lasagne.layers.pool.MaxPool2DLayer object at 0x2b3a44f7a810>
[6]             7        [8]        <lasagne.layers.conv.Conv2DLayer object at 0x2b3a44f7aa90>   
[7]             8        [9]        <lasagne.layers.pool.MaxPool2DLayer object at 0x2b3a44f7aad0>
[8]             9        [10]       <lasagne.layers.noise.DropoutLayer object at 0x2b3a51314710> 
[9]             10       [33]       <lasagne.layers.dense.DenseLayer object at 0x2b3a44f7ad90>   
[]              11       [12]       <lasagne.layers.input.InputLayer object at 0x2b3a513144d0>   
[11]            12       [13]       <lasagne.layers.conv.Conv2DLayer object at 0x2b3a44f854d0>   
[12]            13       [14]       <lasagne.layers.pool.MaxPool2DLayer object at 0x2b3a44f85410>
[13]            14       [15]       <lasagne.layers.conv.Conv2DLayer object at 0x2b3a44f856d0>   
[14]            15       [16]       <lasagne.layers.pool.MaxPool2DLayer object at 0x2b3a44f85710>
[15]            16       [17]       <lasagne.layers.conv.Conv2DLayer object at 0x2b3a44f85990>   
[16]            17       [18]       <lasagne.layers.pool.MaxPool2DLayer object at 0x2b3a44f859d0>
[17]            18       [19]       <lasagne.layers.conv.Conv2DLayer object at 0x2b3a44f85c50>   
[18]            19       [20]       <lasagne.layers.pool.MaxPool2DLayer object at 0x2b3a44f85c90>
[19]            20       [21]       <lasagne.layers.noise.DropoutLayer object at 0x2b3a44f7ae50> 
[20]            21       [33]       <lasagne.layers.dense.DenseLayer object at 0x2b3a44f85f50>   
[]              22       [23]       <lasagne.layers.input.InputLayer object at 0x2b3a51314590>   
[22]            23       [24]       <lasagne.layers.conv.Conv2DLayer object at 0x2b3a44f93310>   
[23]            24       [25]       <lasagne.layers.pool.MaxPool2DLayer object at 0x2b3a44f93250>
[24]            25       [26]       <lasagne.layers.conv.Conv2DLayer object at 0x2b3a44f93510>   
[25]            26       [27]       <lasagne.layers.pool.MaxPool2DLayer object at 0x2b3a44f93550>
[26]            27       [28]       <lasagne.layers.conv.Conv2DLayer object at 0x2b3a44f937d0>   
[27]            28       [29]       <lasagne.layers.pool.MaxPool2DLayer object at 0x2b3a44f93810>
[28]            29       [30]       <lasagne.layers.conv.Conv2DLayer object at 0x2b3a44f93a90>   
[29]            30       [31]       <lasagne.layers.pool.MaxPool2DLayer object at 0x2b3a44f93ad0>
[30]            31       [32]       <lasagne.layers.noise.DropoutLayer object at 0x2b3a44f85f90> 
[31]            32       [33]       <lasagne.layers.dense.DenseLayer object at 0x2b3a44f93d90>   
[10, 21, 32]    33       [34]       <lasagne.layers.merge.ConcatLayer object at 0x2b3a44f93e50>  
[33]            34       [35]       <lasagne.layers.noise.DropoutLayer object at 0x2b3a44f9c110> 
[34]            35       [36]       <lasagne.layers.dense.DenseLayer object at 0x2b3a44f9c090>   
[35]            36       []         <lasagne.layers.dense.DenseLayer object at 0x2b3a44f9c0d0>   
2017-09-19 11:07:18,190 - minerva_ann_operate_networks - INFO - 
        ////
        Use AdaGrad update schedule for learning rate, see Duchi, Hazan, and
        Singer (2011) "Adaptive subgradient methods for online learning and
        stochasitic optimization." JMLR, 12:2121-2159
        ////
        
2017-09-19 11:07:18,757 - minerva_ann_operate_networks - INFO - 
        ////
        Apply Nesterov momentum using Lisa Lab's modifications.
        ////
        
2017-09-19 11:17:51,409 - minerva_ann_operate_networks - INFO - Starting training...
2017-09-19 11:17:51,409 - minerva_ann_operate_networks - INFO - Train slices for epoch 0: [[(200000, 250000), (950000, 1000000), (1000000, 1050000), (100000, 150000), (150000, 200000), (450000, 500000), (400000, 450000), (550000, 600000), (900000, 950000), (800000, 850000), (0, 50000), (600000, 650000), (50000, 100000), (850000, 900000), (1150000, 1187422), (250000, 300000), (750000, 800000), (650000, 700000), (700000, 750000), (300000, 350000), (500000, 550000), (1050000, 1100000), (350000, 400000), (1100000, 1150000)]]
2017-09-19 11:18:48,454 - minerva_ann_operate_networks - INFO -   Loading slice (200000, 250000) from /data/perdue/minerva/hdf5/201709/minosmatch_nukecczdefs_genallzwitht_pcodecap66_127x50x25_xtxutuvtv_me1Amc.hdf5 took 57.045s.
2017-09-19 11:19:53,897 - minerva_ann_operate_networks - INFO -   -Iterating over the slice took 65.442s.
2017-09-19 11:20:52,106 - minerva_ann_operate_networks - INFO -   Loading slice (950000, 1000000) from /data/perdue/minerva/hdf5/201709/minosmatch_nukecczdefs_genallzwitht_pcodecap66_127x50x25_xtxutuvtv_me1Amc.hdf5 took 57.879s.
2017-09-19 11:21:56,881 - minerva_ann_operate_networks - INFO -   -Iterating over the slice took 64.774s.
2017-09-19 11:22:54,030 - minerva_ann_operate_networks - INFO -   Loading slice (1000000, 1050000) from /data/perdue/minerva/hdf5/201709/minosmatch_nukecczdefs_genallzwitht_pcodecap66_127x50x25_xtxutuvtv_me1Amc.hdf5 took 56.657s.
2017-09-19 11:23:58,772 - minerva_ann_operate_networks - INFO -   -Iterating over the slice took 64.741s.
2017-09-19 11:24:56,449 - minerva_ann_operate_networks - INFO -   Loading slice (100000, 150000) from /data/perdue/minerva/hdf5/201709/minosmatch_nukecczdefs_genallzwitht_pcodecap66_127x50x25_xtxutuvtv_me1Amc.hdf5 took 57.251s.
2017-09-19 11:26:01,168 - minerva_ann_operate_networks - INFO -   -Iterating over the slice took 64.719s.
2017-09-19 11:27:04,964 - minerva_ann_operate_networks - INFO -   Loading slice (150000, 200000) from /data/perdue/minerva/hdf5/201709/minosmatch_nukecczdefs_genallzwitht_pcodecap66_127x50x25_xtxutuvtv_me1Amc.hdf5 took 63.452s.
2017-09-19 11:28:09,700 - minerva_ann_operate_networks - INFO -   -Iterating over the slice took 64.736s.
2017-09-19 11:29:14,550 - minerva_ann_operate_networks - INFO -   Loading slice (450000, 500000) from /data/perdue/minerva/hdf5/201709/minosmatch_nukecczdefs_genallzwitht_pcodecap66_127x50x25_xtxutuvtv_me1Amc.hdf5 took 64.458s.
2017-09-19 11:30:20,749 - minerva_ann_operate_networks - INFO -   -Iterating over the slice took 66.198s.
2017-09-19 11:31:18,826 - minerva_ann_operate_networks - INFO -   Loading slice (400000, 450000) from /data/perdue/minerva/hdf5/201709/minosmatch_nukecczdefs_genallzwitht_pcodecap66_127x50x25_xtxutuvtv_me1Amc.hdf5 took 57.699s.
2017-09-19 11:32:23,571 - minerva_ann_operate_networks - INFO -   -Iterating over the slice took 64.744s.
2017-09-19 11:33:21,183 - minerva_ann_operate_networks - INFO -   Loading slice (550000, 600000) from /data/perdue/minerva/hdf5/201709/minosmatch_nukecczdefs_genallzwitht_pcodecap66_127x50x25_xtxutuvtv_me1Amc.hdf5 took 57.250s.
2017-09-19 11:34:25,924 - minerva_ann_operate_networks - INFO -   -Iterating over the slice took 64.741s.
2017-09-19 11:35:30,953 - minerva_ann_operate_networks - INFO -   Loading slice (900000, 950000) from /data/perdue/minerva/hdf5/201709/minosmatch_nukecczdefs_genallzwitht_pcodecap66_127x50x25_xtxutuvtv_me1Amc.hdf5 took 64.635s.
2017-09-19 11:36:36,077 - minerva_ann_operate_networks - INFO -   -Iterating over the slice took 65.124s.
2017-09-19 11:37:33,441 - minerva_ann_operate_networks - INFO -   Loading slice (800000, 850000) from /data/perdue/minerva/hdf5/201709/minosmatch_nukecczdefs_genallzwitht_pcodecap66_127x50x25_xtxutuvtv_me1Amc.hdf5 took 56.907s.
2017-09-19 11:38:38,575 - minerva_ann_operate_networks - INFO -   -Iterating over the slice took 65.134s.
2017-09-19 11:39:35,510 - minerva_ann_operate_networks - INFO -   Loading slice (0, 50000) from /data/perdue/minerva/hdf5/201709/minosmatch_nukecczdefs_genallzwitht_pcodecap66_127x50x25_xtxutuvtv_me1Amc.hdf5 took 56.587s.
2017-09-19 11:40:42,001 - minerva_ann_operate_networks - INFO -   -Iterating over the slice took 66.491s.
2017-09-19 11:41:45,616 - minerva_ann_operate_networks - INFO -   Loading slice (600000, 650000) from /data/perdue/minerva/hdf5/201709/minosmatch_nukecczdefs_genallzwitht_pcodecap66_127x50x25_xtxutuvtv_me1Amc.hdf5 took 63.223s.
2017-09-19 11:42:50,758 - minerva_ann_operate_networks - INFO -   -Iterating over the slice took 65.142s.
2017-09-19 11:43:47,853 - minerva_ann_operate_networks - INFO -   Loading slice (50000, 100000) from /data/perdue/minerva/hdf5/201709/minosmatch_nukecczdefs_genallzwitht_pcodecap66_127x50x25_xtxutuvtv_me1Amc.hdf5 took 56.630s.
2017-09-19 11:44:53,009 - minerva_ann_operate_networks - INFO -   -Iterating over the slice took 65.155s.
2017-09-19 11:45:50,307 - minerva_ann_operate_networks - INFO -   Loading slice (850000, 900000) from /data/perdue/minerva/hdf5/201709/minosmatch_nukecczdefs_genallzwitht_pcodecap66_127x50x25_xtxutuvtv_me1Amc.hdf5 took 56.805s.
2017-09-19 11:46:55,446 - minerva_ann_operate_networks - INFO -   -Iterating over the slice took 65.139s.
2017-09-19 11:47:44,381 - minerva_ann_operate_networks - INFO -   Loading slice (1150000, 1187422) from /data/perdue/minerva/hdf5/201709/minosmatch_nukecczdefs_genallzwitht_pcodecap66_127x50x25_xtxutuvtv_me1Amc.hdf5 took 48.570s.
2017-09-19 11:48:33,169 - minerva_ann_operate_networks - INFO -   -Iterating over the slice took 48.787s.
2017-09-19 11:49:29,938 - minerva_ann_operate_networks - INFO -   Loading slice (250000, 300000) from /data/perdue/minerva/hdf5/201709/minosmatch_nukecczdefs_genallzwitht_pcodecap66_127x50x25_xtxutuvtv_me1Amc.hdf5 took 56.379s.
2017-09-19 11:50:36,447 - minerva_ann_operate_networks - INFO -   -Iterating over the slice took 66.509s.
2017-09-19 11:51:40,264 - minerva_ann_operate_networks - INFO -   Loading slice (750000, 800000) from /data/perdue/minerva/hdf5/201709/minosmatch_nukecczdefs_genallzwitht_pcodecap66_127x50x25_xtxutuvtv_me1Amc.hdf5 took 63.354s.
2017-09-19 11:52:45,414 - minerva_ann_operate_networks - INFO -   -Iterating over the slice took 65.149s.
2017-09-19 11:53:42,166 - minerva_ann_operate_networks - INFO -   Loading slice (650000, 700000) from /data/perdue/minerva/hdf5/201709/minosmatch_nukecczdefs_genallzwitht_pcodecap66_127x50x25_xtxutuvtv_me1Amc.hdf5 took 56.417s.
2017-09-19 11:54:47,318 - minerva_ann_operate_networks - INFO -   -Iterating over the slice took 65.151s.
2017-09-19 11:55:43,878 - minerva_ann_operate_networks - INFO -   Loading slice (700000, 750000) from /data/perdue/minerva/hdf5/201709/minosmatch_nukecczdefs_genallzwitht_pcodecap66_127x50x25_xtxutuvtv_me1Amc.hdf5 took 56.230s.
2017-09-19 11:56:49,036 - minerva_ann_operate_networks - INFO -   -Iterating over the slice took 65.158s.
2017-09-19 11:57:52,528 - minerva_ann_operate_networks - INFO -   Loading slice (300000, 350000) from /data/perdue/minerva/hdf5/201709/minosmatch_nukecczdefs_genallzwitht_pcodecap66_127x50x25_xtxutuvtv_me1Amc.hdf5 took 63.161s.
2017-09-19 11:58:57,090 - minerva_ann_operate_networks - INFO -   -Iterating over the slice took 64.562s.
2017-09-19 11:59:53,984 - minerva_ann_operate_networks - INFO -   Loading slice (500000, 550000) from /data/perdue/minerva/hdf5/201709/minosmatch_nukecczdefs_genallzwitht_pcodecap66_127x50x25_xtxutuvtv_me1Amc.hdf5 took 56.509s.
2017-09-19 12:00:59,900 - minerva_ann_operate_networks - INFO -   -Iterating over the slice took 65.915s.
2017-09-19 12:01:57,207 - minerva_ann_operate_networks - INFO -   Loading slice (1050000, 1100000) from /data/perdue/minerva/hdf5/201709/minosmatch_nukecczdefs_genallzwitht_pcodecap66_127x50x25_xtxutuvtv_me1Amc.hdf5 took 56.960s.
2017-09-19 12:03:01,769 - minerva_ann_operate_networks - INFO -   -Iterating over the slice took 64.561s.
2017-09-19 12:03:58,497 - minerva_ann_operate_networks - INFO -   Loading slice (350000, 400000) from /data/perdue/minerva/hdf5/201709/minosmatch_nukecczdefs_genallzwitht_pcodecap66_127x50x25_xtxutuvtv_me1Amc.hdf5 took 56.339s.
2017-09-19 12:05:03,067 - minerva_ann_operate_networks - INFO -   -Iterating over the slice took 64.569s.
2017-09-19 12:06:06,720 - minerva_ann_operate_networks - INFO -   Loading slice (1100000, 1150000) from /data/perdue/minerva/hdf5/201709/minosmatch_nukecczdefs_genallzwitht_pcodecap66_127x50x25_xtxutuvtv_me1Amc.hdf5 took 63.178s.
2017-09-19 12:07:11,269 - minerva_ann_operate_networks - INFO -   -Iterating over the slice took 64.548s.
2017-09-19 12:09:40,844 - minerva_ann_operate_networks - INFO -   The validation pass took 149.155s.
2017-09-19 12:09:40,845 - minerva_ann_operate_networks - INFO - 
Epoch 1 of 1 took 3109.435s
  training loss:		0.880279
2017-09-19 12:09:40,845 - minerva_ann_operate_networks - INFO - 
  validation loss:		0.656580
  validation accuracy:		82.26 %
2017-09-19 12:09:40,845 - minerva_ann_operate_networks - INFO - ---
2017-09-19 12:09:40,845 - minerva_ann_operate_networks - INFO - Finished 1 epochs.
2017-09-19 12:09:40,855 - minerva_ann_operate_networks - INFO - Loading data for testing...
2017-09-19 12:09:40,917 - minerva_ann_datasets - INFO -  Learning sample size = 1187422 examples
2017-09-19 12:09:40,917 - minerva_ann_datasets - INFO -  Validation sample size = 96650 examples
2017-09-19 12:09:40,917 - minerva_ann_datasets - INFO -  Testing sample size = 96652 examples
2017-09-19 12:09:40,917 - minerva_ann_operate_networks - INFO -  Used testing sample size = 96652 examples
2017-09-19 12:09:40,917 - minerva_ann_networks - INFO - Convpool conv-x-0 params: {'filter_size': (8, 3), 'pool_size': (2, 1), 'nfilters': 12}
2017-09-19 12:09:40,919 - minerva_ann_networks - INFO - Convpool maxpool-x-0
2017-09-19 12:09:40,919 - minerva_ann_networks - INFO - Convpool conv-x-1 params: {'filter_size': (7, 3), 'pool_size': (2, 1), 'nfilters': 20}
2017-09-19 12:09:40,920 - minerva_ann_networks - INFO - Convpool maxpool-x-1
2017-09-19 12:09:40,920 - minerva_ann_networks - INFO - Convpool conv-x-2 params: {'filter_size': (6, 3), 'pool_size': (2, 1), 'nfilters': 28}
2017-09-19 12:09:40,921 - minerva_ann_networks - INFO - Convpool maxpool-x-2
2017-09-19 12:09:40,921 - minerva_ann_networks - INFO - Convpool conv-x-3 params: {'filter_size': (6, 3), 'pool_size': (2, 1), 'nfilters': 36}
2017-09-19 12:09:40,922 - minerva_ann_networks - INFO - Convpool maxpool-x-3
2017-09-19 12:09:40,949 - minerva_ann_networks - INFO - Dense dense-x with nhidden = 196, dropout = 0.5
2017-09-19 12:09:40,949 - minerva_ann_networks - INFO - Convpool conv-u-0 params: {'filter_size': (8, 5), 'pool_size': (2, 1), 'nfilters': 12}
2017-09-19 12:09:40,950 - minerva_ann_networks - INFO - Convpool maxpool-u-0
2017-09-19 12:09:40,950 - minerva_ann_networks - INFO - Convpool conv-u-1 params: {'filter_size': (7, 3), 'pool_size': (2, 1), 'nfilters': 20}
2017-09-19 12:09:40,951 - minerva_ann_networks - INFO - Convpool maxpool-u-1
2017-09-19 12:09:40,951 - minerva_ann_networks - INFO - Convpool conv-u-2 params: {'filter_size': (6, 3), 'pool_size': (2, 1), 'nfilters': 28}
2017-09-19 12:09:40,952 - minerva_ann_networks - INFO - Convpool maxpool-u-2
2017-09-19 12:09:40,952 - minerva_ann_networks - INFO - Convpool conv-u-3 params: {'filter_size': (6, 3), 'pool_size': (2, 1), 'nfilters': 36}
2017-09-19 12:09:40,954 - minerva_ann_networks - INFO - Convpool maxpool-u-3
2017-09-19 12:09:40,964 - minerva_ann_networks - INFO - Dense dense-u with nhidden = 196, dropout = 0.5
2017-09-19 12:09:40,964 - minerva_ann_networks - INFO - Convpool conv-v-0 params: {'filter_size': (8, 5), 'pool_size': (2, 1), 'nfilters': 12}
2017-09-19 12:09:40,965 - minerva_ann_networks - INFO - Convpool maxpool-v-0
2017-09-19 12:09:40,965 - minerva_ann_networks - INFO - Convpool conv-v-1 params: {'filter_size': (7, 3), 'pool_size': (2, 1), 'nfilters': 20}
2017-09-19 12:09:40,966 - minerva_ann_networks - INFO - Convpool maxpool-v-1
2017-09-19 12:09:40,966 - minerva_ann_networks - INFO - Convpool conv-v-2 params: {'filter_size': (6, 3), 'pool_size': (2, 1), 'nfilters': 28}
2017-09-19 12:09:40,967 - minerva_ann_networks - INFO - Convpool maxpool-v-2
2017-09-19 12:09:40,967 - minerva_ann_networks - INFO - Convpool conv-v-3 params: {'filter_size': (6, 3), 'pool_size': (2, 1), 'nfilters': 36}
2017-09-19 12:09:40,968 - minerva_ann_networks - INFO - Convpool maxpool-v-3
2017-09-19 12:09:40,978 - minerva_ann_networks - INFO - Dense dense-v with nhidden = 196, dropout = 0.5
2017-09-19 12:09:40,978 - minerva_ann_networks - INFO - Network: concat columns...
2017-09-19 12:09:40,981 - minerva_ann_networks - INFO - Dense dense-across with nhidden = 98, dropout = 0.5
2017-09-19 12:09:40,981 - minerva_ann_networks - INFO - Softmax output prob with n_units = 67
2017-09-19 12:09:40,989 - minerva_ann_networks - INFO - n-parameters: 1691615
2017-09-19 12:09:55,256 - minerva_ann_operate_networks - INFO - Starting testing...
2017-09-19 12:10:54,467 - minerva_ann_operate_networks - INFO -   Loading slice (0, 50000) from /data/perdue/minerva/hdf5/201709/minosmatch_nukecczdefs_genallzwitht_pcodecap66_127x50x25_xtxutuvtv_me1Amc.hdf5 took 59.210s.
2017-09-19 12:24:29,929 - minerva_ann_operate_networks - INFO -   -Iterating over the slice took 815.462s.
2017-09-19 12:25:27,181 - minerva_ann_operate_networks - INFO -   Loading slice (50000, 96652) from /data/perdue/minerva/hdf5/201709/minosmatch_nukecczdefs_genallzwitht_pcodecap66_127x50x25_xtxutuvtv_me1Amc.hdf5 took 57.236s.
2017-09-19 12:38:08,935 - minerva_ann_operate_networks - INFO -   -Iterating over the slice took 761.754s.
2017-09-19 12:38:09,038 - minerva_ann_operate_networks - INFO - 
Final results:
  test loss:			0.657677
  test accuracy:		82.10 %
2017-09-19 12:38:09,038 - minerva_ann_operate_networks - INFO -    target 0 accuracy:			0.000 %
2017-09-19 12:38:09,038 - minerva_ann_operate_networks - INFO -    target 1 accuracy:			0.000 %
2017-09-19 12:38:09,038 - minerva_ann_operate_networks - INFO -    target 2 accuracy:			0.000 %
2017-09-19 12:38:09,038 - minerva_ann_operate_networks - INFO -    target 3 accuracy:			0.000 %
2017-09-19 12:38:09,038 - minerva_ann_operate_networks - INFO -    target 4 accuracy:			0.000 %
2017-09-19 12:38:09,038 - minerva_ann_operate_networks - INFO -    target 5 accuracy:			0.000 %
2017-09-19 12:38:09,038 - minerva_ann_operate_networks - INFO -    target 6 accuracy:			0.000 %
2017-09-19 12:38:09,038 - minerva_ann_operate_networks - INFO -    target 7 accuracy:			2.281 %
2017-09-19 12:38:09,039 - minerva_ann_operate_networks - INFO -    target 8 accuracy:			4.969 %
2017-09-19 12:38:09,039 - minerva_ann_operate_networks - INFO -    target 9 accuracy:			96.828 %
2017-09-19 12:38:09,039 - minerva_ann_operate_networks - INFO -    target 10 accuracy:			0.000 %
2017-09-19 12:38:09,039 - minerva_ann_operate_networks - INFO -    target 11 accuracy:			0.287 %
2017-09-19 12:38:09,039 - minerva_ann_operate_networks - INFO -    target 12 accuracy:			44.545 %
2017-09-19 12:38:09,039 - minerva_ann_operate_networks - INFO -    target 13 accuracy:			24.561 %
2017-09-19 12:38:09,039 - minerva_ann_operate_networks - INFO -    target 14 accuracy:			48.276 %
2017-09-19 12:38:09,039 - minerva_ann_operate_networks - INFO -    target 15 accuracy:			21.429 %
2017-09-19 12:38:09,039 - minerva_ann_operate_networks - INFO -    target 16 accuracy:			28.919 %
2017-09-19 12:38:09,039 - minerva_ann_operate_networks - INFO -    target 17 accuracy:			3.790 %
2017-09-19 12:38:09,040 - minerva_ann_operate_networks - INFO -    target 18 accuracy:			93.027 %
2017-09-19 12:38:09,040 - minerva_ann_operate_networks - INFO -    target 19 accuracy:			0.000 %
2017-09-19 12:38:09,040 - minerva_ann_operate_networks - INFO -    target 20 accuracy:			0.581 %
2017-09-19 12:38:09,040 - minerva_ann_operate_networks - INFO -    target 21 accuracy:			38.827 %
2017-09-19 12:38:09,040 - minerva_ann_operate_networks - INFO -    target 22 accuracy:			42.973 %
2017-09-19 12:38:09,040 - minerva_ann_operate_networks - INFO -    target 23 accuracy:			45.604 %
2017-09-19 12:38:09,040 - minerva_ann_operate_networks - INFO -    target 24 accuracy:			46.429 %
2017-09-19 12:38:09,040 - minerva_ann_operate_networks - INFO -    target 25 accuracy:			39.665 %
2017-09-19 12:38:09,040 - minerva_ann_operate_networks - INFO -    target 26 accuracy:			12.137 %
2017-09-19 12:38:09,040 - minerva_ann_operate_networks - INFO -    target 27 accuracy:			91.541 %
2017-09-19 12:38:09,040 - minerva_ann_operate_networks - INFO -    target 28 accuracy:			0.000 %
2017-09-19 12:38:09,040 - minerva_ann_operate_networks - INFO -    target 29 accuracy:			13.316 %
2017-09-19 12:38:09,041 - minerva_ann_operate_networks - INFO -    target 30 accuracy:			63.866 %
2017-09-19 12:38:09,041 - minerva_ann_operate_networks - INFO -    target 31 accuracy:			26.429 %
2017-09-19 12:38:09,041 - minerva_ann_operate_networks - INFO -    target 32 accuracy:			38.484 %
2017-09-19 12:38:09,041 - minerva_ann_operate_networks - INFO -    target 33 accuracy:			53.425 %
2017-09-19 12:38:09,041 - minerva_ann_operate_networks - INFO -    target 34 accuracy:			29.396 %
2017-09-19 12:38:09,041 - minerva_ann_operate_networks - INFO -    target 35 accuracy:			62.240 %
2017-09-19 12:38:09,041 - minerva_ann_operate_networks - INFO -    target 36 accuracy:			39.720 %
2017-09-19 12:38:09,041 - minerva_ann_operate_networks - INFO -    target 37 accuracy:			69.608 %
2017-09-19 12:38:09,041 - minerva_ann_operate_networks - INFO -    target 38 accuracy:			43.324 %
2017-09-19 12:38:09,041 - minerva_ann_operate_networks - INFO -    target 39 accuracy:			57.672 %
2017-09-19 12:38:09,041 - minerva_ann_operate_networks - INFO -    target 40 accuracy:			48.268 %
2017-09-19 12:38:09,042 - minerva_ann_operate_networks - INFO -    target 41 accuracy:			44.836 %
2017-09-19 12:38:09,042 - minerva_ann_operate_networks - INFO -    target 42 accuracy:			35.250 %
2017-09-19 12:38:09,042 - minerva_ann_operate_networks - INFO -    target 43 accuracy:			13.547 %
2017-09-19 12:38:09,042 - minerva_ann_operate_networks - INFO -    target 44 accuracy:			84.528 %
2017-09-19 12:38:09,042 - minerva_ann_operate_networks - INFO -    target 45 accuracy:			0.000 %
2017-09-19 12:38:09,042 - minerva_ann_operate_networks - INFO -    target 46 accuracy:			26.009 %
2017-09-19 12:38:09,042 - minerva_ann_operate_networks - INFO -    target 47 accuracy:			35.075 %
2017-09-19 12:38:09,042 - minerva_ann_operate_networks - INFO -    target 48 accuracy:			10.000 %
2017-09-19 12:38:09,042 - minerva_ann_operate_networks - INFO -    target 49 accuracy:			89.382 %
2017-09-19 12:38:09,042 - minerva_ann_operate_networks - INFO -    target 50 accuracy:			0.000 %
2017-09-19 12:38:09,042 - minerva_ann_operate_networks - INFO -    target 51 accuracy:			18.851 %
2017-09-19 12:38:09,043 - minerva_ann_operate_networks - INFO -    target 52 accuracy:			44.743 %
2017-09-19 12:38:09,043 - minerva_ann_operate_networks - INFO -    target 53 accuracy:			50.493 %
2017-09-19 12:38:09,043 - minerva_ann_operate_networks - INFO -    target 54 accuracy:			62.471 %
2017-09-19 12:38:09,043 - minerva_ann_operate_networks - INFO -    target 55 accuracy:			35.294 %
2017-09-19 12:38:09,043 - minerva_ann_operate_networks - INFO -    target 56 accuracy:			45.476 %
2017-09-19 12:38:09,043 - minerva_ann_operate_networks - INFO -    target 57 accuracy:			55.782 %
2017-09-19 12:38:09,043 - minerva_ann_operate_networks - INFO -    target 58 accuracy:			45.657 %
2017-09-19 12:38:09,043 - minerva_ann_operate_networks - INFO -    target 59 accuracy:			53.215 %
2017-09-19 12:38:09,043 - minerva_ann_operate_networks - INFO -    target 60 accuracy:			46.547 %
2017-09-19 12:38:09,043 - minerva_ann_operate_networks - INFO -    target 61 accuracy:			50.231 %
2017-09-19 12:38:09,043 - minerva_ann_operate_networks - INFO -    target 62 accuracy:			49.658 %
2017-09-19 12:38:09,044 - minerva_ann_operate_networks - INFO -    target 63 accuracy:			45.727 %
2017-09-19 12:38:09,044 - minerva_ann_operate_networks - INFO -    target 64 accuracy:			49.443 %
2017-09-19 12:38:09,044 - minerva_ann_operate_networks - INFO -    target 65 accuracy:			46.076 %
2017-09-19 12:38:09,044 - minerva_ann_operate_networks - INFO -    target 66 accuracy:			99.303 %
