2016-10-14 14:58:33,872 - __main__ - INFO - Starting...
2016-10-14 14:58:33,872 - __main__ - INFO - minerva_tricolumnar_spacetime_epsilon.py
2016-10-14 14:58:33,872 - __main__ - INFO -  Begin with saved pars? False
2016-10-14 14:58:33,872 - __main__ - INFO -  Saved parameters file: ./lminerva_spacetime_epsilon1476475096.npz
2016-10-14 14:58:33,872 - __main__ - INFO -  Saved parameters file exists? False
2016-10-14 14:58:33,873 - __main__ - INFO -  Datasets: ['/phihome/perdue/theano/data/minosmatch_nukecczdefs_genallzwitht_pcodecap66_127x50x25_xtxutuvtv_me1Bmc.hdf5']
2016-10-14 14:58:33,874 - __main__ - INFO -  Dataset size: 6076210092
2016-10-14 14:58:33,874 - __main__ - INFO -  Planned number of epochs: 1
2016-10-14 14:58:33,874 - __main__ - INFO -  Learning rate: 0.001
2016-10-14 14:58:33,874 - __main__ - INFO -  Momentum: 0.9
2016-10-14 14:58:33,874 - __main__ - INFO -  Batch size: 500
2016-10-14 14:58:33,874 - __main__ - INFO -  L2 regularization penalty scale: 0.0001
2016-10-14 14:58:33,874 - __main__ - INFO -  Target index: 4
2016-10-14 14:58:33,874 - __main__ - INFO -  Number of categories in target variable: 67
2016-10-14 14:58:33,874 - minerva_ann_operate_networks - INFO - Loading data...
2016-10-14 14:58:33,917 - minerva_ann_datasets - INFO -  Learning sample size = 2942915 examples
2016-10-14 14:58:33,917 - minerva_ann_datasets - INFO -  Validation sample size = 354568 examples
2016-10-14 14:58:33,917 - minerva_ann_datasets - INFO -  Testing sample size = 248198 examples
2016-10-14 14:58:33,918 - minerva_ann_networks - INFO - Convpool conv-x-0 params: {'filter_size': (8, 3), 'pool_size': (2, 1), 'nfilters': 12}
2016-10-14 14:58:33,929 - minerva_ann_networks - INFO - Convpool maxpool-x-0
2016-10-14 14:58:33,929 - minerva_ann_networks - INFO - Convpool conv-x-1 params: {'filter_size': (7, 3), 'pool_size': (2, 1), 'nfilters': 20}
2016-10-14 14:58:33,929 - minerva_ann_networks - INFO - Convpool maxpool-x-1
2016-10-14 14:58:33,929 - minerva_ann_networks - INFO - Convpool conv-x-2 params: {'filter_size': (6, 3), 'pool_size': (2, 1), 'nfilters': 28}
2016-10-14 14:58:33,930 - minerva_ann_networks - INFO - Convpool maxpool-x-2
2016-10-14 14:58:33,930 - minerva_ann_networks - INFO - Convpool conv-x-3 params: {'filter_size': (6, 3), 'pool_size': (2, 1), 'nfilters': 36}
2016-10-14 14:58:33,931 - minerva_ann_networks - INFO - Convpool maxpool-x-3
2016-10-14 14:58:33,956 - minerva_ann_networks - INFO - Dense dense-x with nhidden = 196, dropout = 0.5
2016-10-14 14:58:33,956 - minerva_ann_networks - INFO - Convpool conv-u-0 params: {'filter_size': (8, 5), 'pool_size': (2, 1), 'nfilters': 12}
2016-10-14 14:58:33,957 - minerva_ann_networks - INFO - Convpool maxpool-u-0
2016-10-14 14:58:33,957 - minerva_ann_networks - INFO - Convpool conv-u-1 params: {'filter_size': (7, 3), 'pool_size': (2, 1), 'nfilters': 20}
2016-10-14 14:58:33,957 - minerva_ann_networks - INFO - Convpool maxpool-u-1
2016-10-14 14:58:33,957 - minerva_ann_networks - INFO - Convpool conv-u-2 params: {'filter_size': (6, 3), 'pool_size': (2, 1), 'nfilters': 28}
2016-10-14 14:58:33,958 - minerva_ann_networks - INFO - Convpool maxpool-u-2
2016-10-14 14:58:33,958 - minerva_ann_networks - INFO - Convpool conv-u-3 params: {'filter_size': (6, 3), 'pool_size': (2, 1), 'nfilters': 36}
2016-10-14 14:58:33,959 - minerva_ann_networks - INFO - Convpool maxpool-u-3
2016-10-14 14:58:33,966 - minerva_ann_networks - INFO - Dense dense-u with nhidden = 196, dropout = 0.5
2016-10-14 14:58:33,966 - minerva_ann_networks - INFO - Convpool conv-v-0 params: {'filter_size': (8, 5), 'pool_size': (2, 1), 'nfilters': 12}
2016-10-14 14:58:33,966 - minerva_ann_networks - INFO - Convpool maxpool-v-0
2016-10-14 14:58:33,966 - minerva_ann_networks - INFO - Convpool conv-v-1 params: {'filter_size': (7, 3), 'pool_size': (2, 1), 'nfilters': 20}
2016-10-14 14:58:33,967 - minerva_ann_networks - INFO - Convpool maxpool-v-1
2016-10-14 14:58:33,967 - minerva_ann_networks - INFO - Convpool conv-v-2 params: {'filter_size': (6, 3), 'pool_size': (2, 1), 'nfilters': 28}
2016-10-14 14:58:33,968 - minerva_ann_networks - INFO - Convpool maxpool-v-2
2016-10-14 14:58:33,968 - minerva_ann_networks - INFO - Convpool conv-v-3 params: {'filter_size': (6, 3), 'pool_size': (2, 1), 'nfilters': 36}
2016-10-14 14:58:33,968 - minerva_ann_networks - INFO - Convpool maxpool-v-3
2016-10-14 14:58:33,974 - minerva_ann_networks - INFO - Dense dense-v with nhidden = 196, dropout = 0.5
2016-10-14 14:58:33,974 - minerva_ann_networks - INFO - Network: concat columns...
2016-10-14 14:58:33,976 - minerva_ann_networks - INFO - Dense dense-across with nhidden = 98, dropout = 0.5
2016-10-14 14:58:33,976 - minerva_ann_networks - INFO - Softmax output prob with n_units = 67
2016-10-14 14:58:33,980 - minerva_ann_networks - INFO - n-parameters: 1691615
2016-10-14 14:58:33,981 - minerva_ann_operate_networks - INFO - 
In -->          Layer    --> Out    Description                                                  
-------         -----    -------    -----------                                                  
[]              0        [1]        <lasagne.layers.input.InputLayer object at 0x2b69161cfd90>   
[0]             1        [2]        <lasagne.layers.conv.Conv2DLayer object at 0x2b69161cff90>   
[1]             2        [3]        <lasagne.layers.pool.MaxPool2DLayer object at 0x2b69161cfed0>
[2]             3        [4]        <lasagne.layers.conv.Conv2DLayer object at 0x2b69161fecd0>   
[3]             4        [5]        <lasagne.layers.pool.MaxPool2DLayer object at 0x2b69161cfe90>
[4]             5        [6]        <lasagne.layers.conv.Conv2DLayer object at 0x2b69161fed10>   
[5]             6        [7]        <lasagne.layers.pool.MaxPool2DLayer object at 0x2b69161fefd0>
[6]             7        [8]        <lasagne.layers.conv.Conv2DLayer object at 0x2b691628d290>   
[7]             8        [9]        <lasagne.layers.pool.MaxPool2DLayer object at 0x2b69161fef90>
[8]             9        [10]       <lasagne.layers.noise.DropoutLayer object at 0x2b69161cfe50> 
[9]             10       [33]       <lasagne.layers.dense.DenseLayer object at 0x2b691628d590>   
[]              11       [12]       <lasagne.layers.input.InputLayer object at 0x2b69161cfdd0>   
[11]            12       [13]       <lasagne.layers.conv.Conv2DLayer object at 0x2b691628dc90>   
[12]            13       [14]       <lasagne.layers.pool.MaxPool2DLayer object at 0x2b691628dbd0>
[13]            14       [15]       <lasagne.layers.conv.Conv2DLayer object at 0x2b691628de90>   
[14]            15       [16]       <lasagne.layers.pool.MaxPool2DLayer object at 0x2b691628ded0>
[15]            16       [17]       <lasagne.layers.conv.Conv2DLayer object at 0x2b6916299190>   
[16]            17       [18]       <lasagne.layers.pool.MaxPool2DLayer object at 0x2b691628dc50>
[17]            18       [19]       <lasagne.layers.conv.Conv2DLayer object at 0x2b6916299450>   
[18]            19       [20]       <lasagne.layers.pool.MaxPool2DLayer object at 0x2b6916299490>
[19]            20       [21]       <lasagne.layers.noise.DropoutLayer object at 0x2b691628d650> 
[20]            21       [33]       <lasagne.layers.dense.DenseLayer object at 0x2b6916299750>   
[]              22       [23]       <lasagne.layers.input.InputLayer object at 0x2b69161cfe10>   
[22]            23       [24]       <lasagne.layers.conv.Conv2DLayer object at 0x2b6916299ad0>   
[23]            24       [25]       <lasagne.layers.pool.MaxPool2DLayer object at 0x2b6916299a10>
[24]            25       [26]       <lasagne.layers.conv.Conv2DLayer object at 0x2b6916299cd0>   
[25]            26       [27]       <lasagne.layers.pool.MaxPool2DLayer object at 0x2b6916299d10>
[26]            27       [28]       <lasagne.layers.conv.Conv2DLayer object at 0x2b6916299a90>   
[27]            28       [29]       <lasagne.layers.pool.MaxPool2DLayer object at 0x2b6916299fd0>
[28]            29       [30]       <lasagne.layers.conv.Conv2DLayer object at 0x2b69162a6290>   
[29]            30       [31]       <lasagne.layers.pool.MaxPool2DLayer object at 0x2b6916299f90>
[30]            31       [32]       <lasagne.layers.noise.DropoutLayer object at 0x2b6916299810> 
[31]            32       [33]       <lasagne.layers.dense.DenseLayer object at 0x2b69162a6590>   
[10, 21, 32]    33       [34]       <lasagne.layers.merge.ConcatLayer object at 0x2b69162a6650>  
[33]            34       [35]       <lasagne.layers.noise.DropoutLayer object at 0x2b69162a68d0> 
[34]            35       [36]       <lasagne.layers.dense.DenseLayer object at 0x2b69162a6850>   
[35]            36       []         <lasagne.layers.dense.DenseLayer object at 0x2b69162a6890>   
2016-10-14 14:58:35,862 - minerva_ann_operate_networks - INFO - 
        ////
        Use AdaGrad update schedule for learning rate, see Duchi, Hazan, and
        Singer (2011) "Adaptive subgradient methods for online learning and
        stochasitic optimization." JMLR, 12:2121-2159
        ////
        
2016-10-14 14:58:36,207 - minerva_ann_operate_networks - INFO - 
        ////
        Apply Nesterov momentum using Lisa Lab's modifications.
        ////
        
2016-10-14 14:58:56,947 - minerva_ann_operate_networks - INFO - Starting training...
2016-10-14 14:59:33,618 - minerva_ann_operate_networks - INFO -   Loading slice (0, 50000) from /phihome/perdue/theano/data/minosmatch_nukecczdefs_genallzwitht_pcodecap66_127x50x25_xtxutuvtv_me1Bmc.hdf5 took 36.670s.
2016-10-14 15:00:32,321 - minerva_ann_operate_networks - INFO -   -Iterating over the slice took 58.703s.
2016-10-14 15:01:19,991 - minerva_ann_operate_networks - INFO -   Loading slice (50000, 100000) from /phihome/perdue/theano/data/minosmatch_nukecczdefs_genallzwitht_pcodecap66_127x50x25_xtxutuvtv_me1Bmc.hdf5 took 47.660s.
2016-10-14 15:02:11,176 - minerva_ann_operate_networks - INFO -   -Iterating over the slice took 51.185s.
2016-10-14 15:02:59,728 - minerva_ann_operate_networks - INFO -   Loading slice (100000, 150000) from /phihome/perdue/theano/data/minosmatch_nukecczdefs_genallzwitht_pcodecap66_127x50x25_xtxutuvtv_me1Bmc.hdf5 took 48.542s.
2016-10-14 15:03:50,885 - minerva_ann_operate_networks - INFO -   -Iterating over the slice took 51.156s.
2016-10-14 15:04:39,493 - minerva_ann_operate_networks - INFO -   Loading slice (150000, 200000) from /phihome/perdue/theano/data/minosmatch_nukecczdefs_genallzwitht_pcodecap66_127x50x25_xtxutuvtv_me1Bmc.hdf5 took 48.598s.
2016-10-14 15:05:31,396 - minerva_ann_operate_networks - INFO -   -Iterating over the slice took 51.903s.
2016-10-14 15:06:20,579 - minerva_ann_operate_networks - INFO -   Loading slice (200000, 250000) from /phihome/perdue/theano/data/minosmatch_nukecczdefs_genallzwitht_pcodecap66_127x50x25_xtxutuvtv_me1Bmc.hdf5 took 49.173s.
2016-10-14 15:07:12,349 - minerva_ann_operate_networks - INFO -   -Iterating over the slice took 51.770s.
2016-10-14 15:08:01,416 - minerva_ann_operate_networks - INFO -   Loading slice (250000, 300000) from /phihome/perdue/theano/data/minosmatch_nukecczdefs_genallzwitht_pcodecap66_127x50x25_xtxutuvtv_me1Bmc.hdf5 took 49.057s.
2016-10-14 15:08:53,076 - minerva_ann_operate_networks - INFO -   -Iterating over the slice took 51.660s.
2016-10-14 15:09:42,169 - minerva_ann_operate_networks - INFO -   Loading slice (300000, 350000) from /phihome/perdue/theano/data/minosmatch_nukecczdefs_genallzwitht_pcodecap66_127x50x25_xtxutuvtv_me1Bmc.hdf5 took 49.083s.
2016-10-14 15:10:40,680 - minerva_ann_operate_networks - INFO -   -Iterating over the slice took 58.510s.
2016-10-14 15:11:29,329 - minerva_ann_operate_networks - INFO -   Loading slice (350000, 400000) from /phihome/perdue/theano/data/minosmatch_nukecczdefs_genallzwitht_pcodecap66_127x50x25_xtxutuvtv_me1Bmc.hdf5 took 48.639s.
2016-10-14 15:12:20,934 - minerva_ann_operate_networks - INFO -   -Iterating over the slice took 51.605s.
2016-10-14 15:13:10,219 - minerva_ann_operate_networks - INFO -   Loading slice (400000, 450000) from /phihome/perdue/theano/data/minosmatch_nukecczdefs_genallzwitht_pcodecap66_127x50x25_xtxutuvtv_me1Bmc.hdf5 took 49.275s.
2016-10-14 15:14:01,810 - minerva_ann_operate_networks - INFO -   -Iterating over the slice took 51.590s.
2016-10-14 15:14:50,950 - minerva_ann_operate_networks - INFO -   Loading slice (450000, 500000) from /phihome/perdue/theano/data/minosmatch_nukecczdefs_genallzwitht_pcodecap66_127x50x25_xtxutuvtv_me1Bmc.hdf5 took 49.130s.
2016-10-14 15:15:42,541 - minerva_ann_operate_networks - INFO -   -Iterating over the slice took 51.591s.
2016-10-14 15:16:20,073 - minerva_ann_operate_networks - INFO -   Loading slice (500000, 550000) from /phihome/perdue/theano/data/minosmatch_nukecczdefs_genallzwitht_pcodecap66_127x50x25_xtxutuvtv_me1Bmc.hdf5 took 37.522s.
2016-10-14 15:17:11,818 - minerva_ann_operate_networks - INFO -   -Iterating over the slice took 51.744s.
2016-10-14 15:18:00,898 - minerva_ann_operate_networks - INFO -   Loading slice (550000, 600000) from /phihome/perdue/theano/data/minosmatch_nukecczdefs_genallzwitht_pcodecap66_127x50x25_xtxutuvtv_me1Bmc.hdf5 took 49.071s.
2016-10-14 15:18:52,486 - minerva_ann_operate_networks - INFO -   -Iterating over the slice took 51.587s.
2016-10-14 15:19:41,399 - minerva_ann_operate_networks - INFO -   Loading slice (600000, 650000) from /phihome/perdue/theano/data/minosmatch_nukecczdefs_genallzwitht_pcodecap66_127x50x25_xtxutuvtv_me1Bmc.hdf5 took 48.903s.
2016-10-14 15:20:39,902 - minerva_ann_operate_networks - INFO -   -Iterating over the slice took 58.503s.
2016-10-14 15:21:28,514 - minerva_ann_operate_networks - INFO -   Loading slice (650000, 700000) from /phihome/perdue/theano/data/minosmatch_nukecczdefs_genallzwitht_pcodecap66_127x50x25_xtxutuvtv_me1Bmc.hdf5 took 48.601s.
2016-10-14 15:22:20,103 - minerva_ann_operate_networks - INFO -   -Iterating over the slice took 51.589s.
2016-10-14 15:23:08,634 - minerva_ann_operate_networks - INFO -   Loading slice (700000, 750000) from /phihome/perdue/theano/data/minosmatch_nukecczdefs_genallzwitht_pcodecap66_127x50x25_xtxutuvtv_me1Bmc.hdf5 took 48.521s.
2016-10-14 15:24:00,230 - minerva_ann_operate_networks - INFO -   -Iterating over the slice took 51.595s.
2016-10-14 15:24:48,913 - minerva_ann_operate_networks - INFO -   Loading slice (750000, 800000) from /phihome/perdue/theano/data/minosmatch_nukecczdefs_genallzwitht_pcodecap66_127x50x25_xtxutuvtv_me1Bmc.hdf5 took 48.673s.
2016-10-14 15:25:40,501 - minerva_ann_operate_networks - INFO -   -Iterating over the slice took 51.588s.
2016-10-14 15:26:29,036 - minerva_ann_operate_networks - INFO -   Loading slice (800000, 850000) from /phihome/perdue/theano/data/minosmatch_nukecczdefs_genallzwitht_pcodecap66_127x50x25_xtxutuvtv_me1Bmc.hdf5 took 48.525s.
2016-10-14 15:27:20,608 - minerva_ann_operate_networks - INFO -   -Iterating over the slice took 51.571s.
2016-10-14 15:28:09,100 - minerva_ann_operate_networks - INFO -   Loading slice (850000, 900000) from /phihome/perdue/theano/data/minosmatch_nukecczdefs_genallzwitht_pcodecap66_127x50x25_xtxutuvtv_me1Bmc.hdf5 took 48.483s.
2016-10-14 15:29:00,678 - minerva_ann_operate_networks - INFO -   -Iterating over the slice took 51.577s.
2016-10-14 15:29:48,993 - minerva_ann_operate_networks - INFO -   Loading slice (900000, 950000) from /phihome/perdue/theano/data/minosmatch_nukecczdefs_genallzwitht_pcodecap66_127x50x25_xtxutuvtv_me1Bmc.hdf5 took 48.306s.
2016-10-14 15:30:47,466 - minerva_ann_operate_networks - INFO -   -Iterating over the slice took 58.472s.
2016-10-14 15:31:36,253 - minerva_ann_operate_networks - INFO -   Loading slice (950000, 1000000) from /phihome/perdue/theano/data/minosmatch_nukecczdefs_genallzwitht_pcodecap66_127x50x25_xtxutuvtv_me1Bmc.hdf5 took 48.777s.
2016-10-14 15:32:27,861 - minerva_ann_operate_networks - INFO -   -Iterating over the slice took 51.607s.
2016-10-14 15:33:05,476 - minerva_ann_operate_networks - INFO -   Loading slice (1000000, 1050000) from /phihome/perdue/theano/data/minosmatch_nukecczdefs_genallzwitht_pcodecap66_127x50x25_xtxutuvtv_me1Bmc.hdf5 took 37.606s.
2016-10-14 15:33:57,061 - minerva_ann_operate_networks - INFO -   -Iterating over the slice took 51.584s.
2016-10-14 15:34:45,830 - minerva_ann_operate_networks - INFO -   Loading slice (1050000, 1100000) from /phihome/perdue/theano/data/minosmatch_nukecczdefs_genallzwitht_pcodecap66_127x50x25_xtxutuvtv_me1Bmc.hdf5 took 48.759s.
2016-10-14 15:35:37,433 - minerva_ann_operate_networks - INFO -   -Iterating over the slice took 51.602s.
2016-10-14 15:36:26,221 - minerva_ann_operate_networks - INFO -   Loading slice (1100000, 1150000) from /phihome/perdue/theano/data/minosmatch_nukecczdefs_genallzwitht_pcodecap66_127x50x25_xtxutuvtv_me1Bmc.hdf5 took 48.778s.
2016-10-14 15:37:17,820 - minerva_ann_operate_networks - INFO -   -Iterating over the slice took 51.599s.
2016-10-14 15:38:06,556 - minerva_ann_operate_networks - INFO -   Loading slice (1150000, 1200000) from /phihome/perdue/theano/data/minosmatch_nukecczdefs_genallzwitht_pcodecap66_127x50x25_xtxutuvtv_me1Bmc.hdf5 took 48.726s.
2016-10-14 15:38:58,145 - minerva_ann_operate_networks - INFO -   -Iterating over the slice took 51.588s.
2016-10-14 15:39:46,548 - minerva_ann_operate_networks - INFO -   Loading slice (1200000, 1250000) from /phihome/perdue/theano/data/minosmatch_nukecczdefs_genallzwitht_pcodecap66_127x50x25_xtxutuvtv_me1Bmc.hdf5 took 48.393s.
2016-10-14 15:40:45,008 - minerva_ann_operate_networks - INFO -   -Iterating over the slice took 58.460s.
2016-10-14 15:41:33,666 - minerva_ann_operate_networks - INFO -   Loading slice (1250000, 1300000) from /phihome/perdue/theano/data/minosmatch_nukecczdefs_genallzwitht_pcodecap66_127x50x25_xtxutuvtv_me1Bmc.hdf5 took 48.648s.
2016-10-14 15:42:25,256 - minerva_ann_operate_networks - INFO -   -Iterating over the slice took 51.590s.
2016-10-14 15:43:13,726 - minerva_ann_operate_networks - INFO -   Loading slice (1300000, 1350000) from /phihome/perdue/theano/data/minosmatch_nukecczdefs_genallzwitht_pcodecap66_127x50x25_xtxutuvtv_me1Bmc.hdf5 took 48.460s.
2016-10-14 15:44:05,319 - minerva_ann_operate_networks - INFO -   -Iterating over the slice took 51.592s.
2016-10-14 15:44:53,919 - minerva_ann_operate_networks - INFO -   Loading slice (1350000, 1400000) from /phihome/perdue/theano/data/minosmatch_nukecczdefs_genallzwitht_pcodecap66_127x50x25_xtxutuvtv_me1Bmc.hdf5 took 48.590s.
2016-10-14 15:45:45,504 - minerva_ann_operate_networks - INFO -   -Iterating over the slice took 51.584s.
2016-10-14 15:46:34,367 - minerva_ann_operate_networks - INFO -   Loading slice (1400000, 1450000) from /phihome/perdue/theano/data/minosmatch_nukecczdefs_genallzwitht_pcodecap66_127x50x25_xtxutuvtv_me1Bmc.hdf5 took 48.853s.
2016-10-14 15:47:25,958 - minerva_ann_operate_networks - INFO -   -Iterating over the slice took 51.590s.
2016-10-14 15:48:14,697 - minerva_ann_operate_networks - INFO -   Loading slice (1450000, 1500000) from /phihome/perdue/theano/data/minosmatch_nukecczdefs_genallzwitht_pcodecap66_127x50x25_xtxutuvtv_me1Bmc.hdf5 took 48.730s.
2016-10-14 15:49:06,279 - minerva_ann_operate_networks - INFO -   -Iterating over the slice took 51.581s.
2016-10-14 15:49:43,885 - minerva_ann_operate_networks - INFO -   Loading slice (1500000, 1550000) from /phihome/perdue/theano/data/minosmatch_nukecczdefs_genallzwitht_pcodecap66_127x50x25_xtxutuvtv_me1Bmc.hdf5 took 37.596s.
2016-10-14 15:50:42,347 - minerva_ann_operate_networks - INFO -   -Iterating over the slice took 58.462s.
2016-10-14 15:51:31,137 - minerva_ann_operate_networks - INFO -   Loading slice (1550000, 1600000) from /phihome/perdue/theano/data/minosmatch_nukecczdefs_genallzwitht_pcodecap66_127x50x25_xtxutuvtv_me1Bmc.hdf5 took 48.780s.
2016-10-14 15:52:22,722 - minerva_ann_operate_networks - INFO -   -Iterating over the slice took 51.584s.
2016-10-14 15:53:11,393 - minerva_ann_operate_networks - INFO -   Loading slice (1600000, 1650000) from /phihome/perdue/theano/data/minosmatch_nukecczdefs_genallzwitht_pcodecap66_127x50x25_xtxutuvtv_me1Bmc.hdf5 took 48.661s.
2016-10-14 15:54:02,970 - minerva_ann_operate_networks - INFO -   -Iterating over the slice took 51.577s.
2016-10-14 15:54:51,625 - minerva_ann_operate_networks - INFO -   Loading slice (1650000, 1700000) from /phihome/perdue/theano/data/minosmatch_nukecczdefs_genallzwitht_pcodecap66_127x50x25_xtxutuvtv_me1Bmc.hdf5 took 48.646s.
2016-10-14 15:55:43,258 - minerva_ann_operate_networks - INFO -   -Iterating over the slice took 51.632s.
2016-10-14 15:56:31,937 - minerva_ann_operate_networks - INFO -   Loading slice (1700000, 1750000) from /phihome/perdue/theano/data/minosmatch_nukecczdefs_genallzwitht_pcodecap66_127x50x25_xtxutuvtv_me1Bmc.hdf5 took 48.670s.
2016-10-14 15:57:23,516 - minerva_ann_operate_networks - INFO -   -Iterating over the slice took 51.578s.
2016-10-14 15:58:12,187 - minerva_ann_operate_networks - INFO -   Loading slice (1750000, 1800000) from /phihome/perdue/theano/data/minosmatch_nukecczdefs_genallzwitht_pcodecap66_127x50x25_xtxutuvtv_me1Bmc.hdf5 took 48.661s.
2016-10-14 15:59:03,764 - minerva_ann_operate_networks - INFO -   -Iterating over the slice took 51.577s.
2016-10-14 15:59:52,449 - minerva_ann_operate_networks - INFO -   Loading slice (1800000, 1850000) from /phihome/perdue/theano/data/minosmatch_nukecczdefs_genallzwitht_pcodecap66_127x50x25_xtxutuvtv_me1Bmc.hdf5 took 48.675s.
2016-10-14 16:00:50,939 - minerva_ann_operate_networks - INFO -   -Iterating over the slice took 58.489s.
2016-10-14 16:01:39,461 - minerva_ann_operate_networks - INFO -   Loading slice (1850000, 1900000) from /phihome/perdue/theano/data/minosmatch_nukecczdefs_genallzwitht_pcodecap66_127x50x25_xtxutuvtv_me1Bmc.hdf5 took 48.512s.
2016-10-14 16:02:31,033 - minerva_ann_operate_networks - INFO -   -Iterating over the slice took 51.571s.
2016-10-14 16:03:19,703 - minerva_ann_operate_networks - INFO -   Loading slice (1900000, 1950000) from /phihome/perdue/theano/data/minosmatch_nukecczdefs_genallzwitht_pcodecap66_127x50x25_xtxutuvtv_me1Bmc.hdf5 took 48.661s.
2016-10-14 16:04:11,307 - minerva_ann_operate_networks - INFO -   -Iterating over the slice took 51.603s.
2016-10-14 16:05:00,076 - minerva_ann_operate_networks - INFO -   Loading slice (1950000, 2000000) from /phihome/perdue/theano/data/minosmatch_nukecczdefs_genallzwitht_pcodecap66_127x50x25_xtxutuvtv_me1Bmc.hdf5 took 48.759s.
2016-10-14 16:05:51,687 - minerva_ann_operate_networks - INFO -   -Iterating over the slice took 51.611s.
2016-10-14 16:06:40,783 - minerva_ann_operate_networks - INFO -   Loading slice (2000000, 2050000) from /phihome/perdue/theano/data/minosmatch_nukecczdefs_genallzwitht_pcodecap66_127x50x25_xtxutuvtv_me1Bmc.hdf5 took 49.086s.
2016-10-14 16:07:32,385 - minerva_ann_operate_networks - INFO -   -Iterating over the slice took 51.601s.
2016-10-14 16:08:09,978 - minerva_ann_operate_networks - INFO -   Loading slice (2050000, 2100000) from /phihome/perdue/theano/data/minosmatch_nukecczdefs_genallzwitht_pcodecap66_127x50x25_xtxutuvtv_me1Bmc.hdf5 took 37.583s.
2016-10-14 16:09:01,591 - minerva_ann_operate_networks - INFO -   -Iterating over the slice took 51.613s.
2016-10-14 16:09:49,916 - minerva_ann_operate_networks - INFO -   Loading slice (2100000, 2150000) from /phihome/perdue/theano/data/minosmatch_nukecczdefs_genallzwitht_pcodecap66_127x50x25_xtxutuvtv_me1Bmc.hdf5 took 48.315s.
2016-10-14 16:10:48,421 - minerva_ann_operate_networks - INFO -   -Iterating over the slice took 58.505s.
2016-10-14 16:11:36,522 - minerva_ann_operate_networks - INFO -   Loading slice (2150000, 2200000) from /phihome/perdue/theano/data/minosmatch_nukecczdefs_genallzwitht_pcodecap66_127x50x25_xtxutuvtv_me1Bmc.hdf5 took 48.091s.
2016-10-14 16:12:28,124 - minerva_ann_operate_networks - INFO -   -Iterating over the slice took 51.601s.
2016-10-14 16:13:16,557 - minerva_ann_operate_networks - INFO -   Loading slice (2200000, 2250000) from /phihome/perdue/theano/data/minosmatch_nukecczdefs_genallzwitht_pcodecap66_127x50x25_xtxutuvtv_me1Bmc.hdf5 took 48.423s.
2016-10-14 16:14:08,153 - minerva_ann_operate_networks - INFO -   -Iterating over the slice took 51.596s.
2016-10-14 16:14:56,594 - minerva_ann_operate_networks - INFO -   Loading slice (2250000, 2300000) from /phihome/perdue/theano/data/minosmatch_nukecczdefs_genallzwitht_pcodecap66_127x50x25_xtxutuvtv_me1Bmc.hdf5 took 48.431s.
2016-10-14 16:15:48,196 - minerva_ann_operate_networks - INFO -   -Iterating over the slice took 51.601s.
2016-10-14 16:16:36,693 - minerva_ann_operate_networks - INFO -   Loading slice (2300000, 2350000) from /phihome/perdue/theano/data/minosmatch_nukecczdefs_genallzwitht_pcodecap66_127x50x25_xtxutuvtv_me1Bmc.hdf5 took 48.488s.
2016-10-14 16:17:28,288 - minerva_ann_operate_networks - INFO -   -Iterating over the slice took 51.595s.
2016-10-14 16:18:16,687 - minerva_ann_operate_networks - INFO -   Loading slice (2350000, 2400000) from /phihome/perdue/theano/data/minosmatch_nukecczdefs_genallzwitht_pcodecap66_127x50x25_xtxutuvtv_me1Bmc.hdf5 took 48.389s.
2016-10-14 16:19:08,284 - minerva_ann_operate_networks - INFO -   -Iterating over the slice took 51.597s.
2016-10-14 16:19:56,896 - minerva_ann_operate_networks - INFO -   Loading slice (2400000, 2450000) from /phihome/perdue/theano/data/minosmatch_nukecczdefs_genallzwitht_pcodecap66_127x50x25_xtxutuvtv_me1Bmc.hdf5 took 48.603s.
2016-10-14 16:20:55,315 - minerva_ann_operate_networks - INFO -   -Iterating over the slice took 58.418s.
2016-10-14 16:21:43,825 - minerva_ann_operate_networks - INFO -   Loading slice (2450000, 2500000) from /phihome/perdue/theano/data/minosmatch_nukecczdefs_genallzwitht_pcodecap66_127x50x25_xtxutuvtv_me1Bmc.hdf5 took 48.500s.
2016-10-14 16:22:35,429 - minerva_ann_operate_networks - INFO -   -Iterating over the slice took 51.603s.
2016-10-14 16:23:24,348 - minerva_ann_operate_networks - INFO -   Loading slice (2500000, 2550000) from /phihome/perdue/theano/data/minosmatch_nukecczdefs_genallzwitht_pcodecap66_127x50x25_xtxutuvtv_me1Bmc.hdf5 took 48.909s.
2016-10-14 16:24:15,940 - minerva_ann_operate_networks - INFO -   -Iterating over the slice took 51.592s.
2016-10-14 16:24:53,448 - minerva_ann_operate_networks - INFO -   Loading slice (2550000, 2600000) from /phihome/perdue/theano/data/minosmatch_nukecczdefs_genallzwitht_pcodecap66_127x50x25_xtxutuvtv_me1Bmc.hdf5 took 37.498s.
2016-10-14 16:25:45,042 - minerva_ann_operate_networks - INFO -   -Iterating over the slice took 51.593s.
2016-10-14 16:26:33,948 - minerva_ann_operate_networks - INFO -   Loading slice (2600000, 2650000) from /phihome/perdue/theano/data/minosmatch_nukecczdefs_genallzwitht_pcodecap66_127x50x25_xtxutuvtv_me1Bmc.hdf5 took 48.896s.
2016-10-14 16:27:25,538 - minerva_ann_operate_networks - INFO -   -Iterating over the slice took 51.589s.
2016-10-14 16:28:14,165 - minerva_ann_operate_networks - INFO -   Loading slice (2650000, 2700000) from /phihome/perdue/theano/data/minosmatch_nukecczdefs_genallzwitht_pcodecap66_127x50x25_xtxutuvtv_me1Bmc.hdf5 took 48.618s.
2016-10-14 16:29:05,762 - minerva_ann_operate_networks - INFO -   -Iterating over the slice took 51.596s.
2016-10-14 16:29:54,235 - minerva_ann_operate_networks - INFO -   Loading slice (2700000, 2750000) from /phihome/perdue/theano/data/minosmatch_nukecczdefs_genallzwitht_pcodecap66_127x50x25_xtxutuvtv_me1Bmc.hdf5 took 48.463s.
2016-10-14 16:30:52,731 - minerva_ann_operate_networks - INFO -   -Iterating over the slice took 58.496s.
2016-10-14 16:31:41,242 - minerva_ann_operate_networks - INFO -   Loading slice (2750000, 2800000) from /phihome/perdue/theano/data/minosmatch_nukecczdefs_genallzwitht_pcodecap66_127x50x25_xtxutuvtv_me1Bmc.hdf5 took 48.501s.
2016-10-14 16:32:32,836 - minerva_ann_operate_networks - INFO -   -Iterating over the slice took 51.593s.
2016-10-14 16:33:21,351 - minerva_ann_operate_networks - INFO -   Loading slice (2800000, 2850000) from /phihome/perdue/theano/data/minosmatch_nukecczdefs_genallzwitht_pcodecap66_127x50x25_xtxutuvtv_me1Bmc.hdf5 took 48.506s.
2016-10-14 16:34:12,937 - minerva_ann_operate_networks - INFO -   -Iterating over the slice took 51.585s.
2016-10-14 16:35:00,927 - minerva_ann_operate_networks - INFO -   Loading slice (2850000, 2900000) from /phihome/perdue/theano/data/minosmatch_nukecczdefs_genallzwitht_pcodecap66_127x50x25_xtxutuvtv_me1Bmc.hdf5 took 47.980s.
2016-10-14 16:35:52,507 - minerva_ann_operate_networks - INFO -   -Iterating over the slice took 51.580s.
2016-10-14 16:36:37,287 - minerva_ann_operate_networks - INFO -   Loading slice (2900000, 2942915) from /phihome/perdue/theano/data/minosmatch_nukecczdefs_genallzwitht_pcodecap66_127x50x25_xtxutuvtv_me1Bmc.hdf5 took 44.769s.
2016-10-14 16:37:21,568 - minerva_ann_operate_networks - INFO -   -Iterating over the slice took 44.282s.
2016-10-14 16:44:52,756 - minerva_ann_operate_networks - INFO -   The validation pass took 451.178s.
2016-10-14 16:44:53,867 - minerva_ann_operate_networks - INFO - 
Epoch 1 of 1 took 6356.919s
  training loss:		0.782539
2016-10-14 16:44:53,867 - minerva_ann_operate_networks - INFO - 
  validation loss:		0.624105
  validation accuracy:		82.61 %
2016-10-14 16:44:53,867 - minerva_ann_operate_networks - INFO - ---
2016-10-14 16:44:53,867 - minerva_ann_operate_networks - INFO - Finished 1 epochs.
2016-10-14 16:44:53,871 - minerva_ann_operate_networks - INFO - Loading data for testing...
2016-10-14 16:44:53,910 - minerva_ann_datasets - INFO -  Learning sample size = 2942915 examples
2016-10-14 16:44:53,910 - minerva_ann_datasets - INFO -  Validation sample size = 354568 examples
2016-10-14 16:44:53,910 - minerva_ann_datasets - INFO -  Testing sample size = 248198 examples
2016-10-14 16:44:53,910 - minerva_ann_operate_networks - INFO -  Used testing sample size = 248198 examples
2016-10-14 16:44:53,911 - minerva_ann_networks - INFO - Convpool conv-x-0 params: {'filter_size': (8, 3), 'pool_size': (2, 1), 'nfilters': 12}
2016-10-14 16:44:53,911 - minerva_ann_networks - INFO - Convpool maxpool-x-0
2016-10-14 16:44:53,911 - minerva_ann_networks - INFO - Convpool conv-x-1 params: {'filter_size': (7, 3), 'pool_size': (2, 1), 'nfilters': 20}
2016-10-14 16:44:53,912 - minerva_ann_networks - INFO - Convpool maxpool-x-1
2016-10-14 16:44:53,912 - minerva_ann_networks - INFO - Convpool conv-x-2 params: {'filter_size': (6, 3), 'pool_size': (2, 1), 'nfilters': 28}
2016-10-14 16:44:53,913 - minerva_ann_networks - INFO - Convpool maxpool-x-2
2016-10-14 16:44:53,913 - minerva_ann_networks - INFO - Convpool conv-x-3 params: {'filter_size': (6, 3), 'pool_size': (2, 1), 'nfilters': 36}
2016-10-14 16:44:53,914 - minerva_ann_networks - INFO - Convpool maxpool-x-3
2016-10-14 16:44:53,929 - minerva_ann_networks - INFO - Dense dense-x with nhidden = 196, dropout = 0.5
2016-10-14 16:44:53,929 - minerva_ann_networks - INFO - Convpool conv-u-0 params: {'filter_size': (8, 5), 'pool_size': (2, 1), 'nfilters': 12}
2016-10-14 16:44:53,930 - minerva_ann_networks - INFO - Convpool maxpool-u-0
2016-10-14 16:44:53,930 - minerva_ann_networks - INFO - Convpool conv-u-1 params: {'filter_size': (7, 3), 'pool_size': (2, 1), 'nfilters': 20}
2016-10-14 16:44:53,930 - minerva_ann_networks - INFO - Convpool maxpool-u-1
2016-10-14 16:44:53,930 - minerva_ann_networks - INFO - Convpool conv-u-2 params: {'filter_size': (6, 3), 'pool_size': (2, 1), 'nfilters': 28}
2016-10-14 16:44:53,931 - minerva_ann_networks - INFO - Convpool maxpool-u-2
2016-10-14 16:44:53,931 - minerva_ann_networks - INFO - Convpool conv-u-3 params: {'filter_size': (6, 3), 'pool_size': (2, 1), 'nfilters': 36}
2016-10-14 16:44:53,932 - minerva_ann_networks - INFO - Convpool maxpool-u-3
2016-10-14 16:44:53,938 - minerva_ann_networks - INFO - Dense dense-u with nhidden = 196, dropout = 0.5
2016-10-14 16:44:53,938 - minerva_ann_networks - INFO - Convpool conv-v-0 params: {'filter_size': (8, 5), 'pool_size': (2, 1), 'nfilters': 12}
2016-10-14 16:44:53,938 - minerva_ann_networks - INFO - Convpool maxpool-v-0
2016-10-14 16:44:53,938 - minerva_ann_networks - INFO - Convpool conv-v-1 params: {'filter_size': (7, 3), 'pool_size': (2, 1), 'nfilters': 20}
2016-10-14 16:44:53,939 - minerva_ann_networks - INFO - Convpool maxpool-v-1
2016-10-14 16:44:53,939 - minerva_ann_networks - INFO - Convpool conv-v-2 params: {'filter_size': (6, 3), 'pool_size': (2, 1), 'nfilters': 28}
2016-10-14 16:44:53,939 - minerva_ann_networks - INFO - Convpool maxpool-v-2
2016-10-14 16:44:53,940 - minerva_ann_networks - INFO - Convpool conv-v-3 params: {'filter_size': (6, 3), 'pool_size': (2, 1), 'nfilters': 36}
2016-10-14 16:44:53,940 - minerva_ann_networks - INFO - Convpool maxpool-v-3
2016-10-14 16:44:53,946 - minerva_ann_networks - INFO - Dense dense-v with nhidden = 196, dropout = 0.5
2016-10-14 16:44:53,946 - minerva_ann_networks - INFO - Network: concat columns...
2016-10-14 16:44:53,948 - minerva_ann_networks - INFO - Dense dense-across with nhidden = 98, dropout = 0.5
2016-10-14 16:44:53,948 - minerva_ann_networks - INFO - Softmax output prob with n_units = 67
2016-10-14 16:44:53,952 - minerva_ann_networks - INFO - n-parameters: 1691615
2016-10-14 16:44:58,796 - minerva_ann_operate_networks - INFO - Starting testing...
2016-10-14 16:45:47,490 - minerva_ann_operate_networks - INFO -   Loading slice (0, 50000) from /phihome/perdue/theano/data/minosmatch_nukecczdefs_genallzwitht_pcodecap66_127x50x25_xtxutuvtv_me1Bmc.hdf5 took 48.695s.
2016-10-14 16:55:25,110 - minerva_ann_operate_networks - INFO -   -Iterating over the slice took 577.619s.
2016-10-14 16:56:14,329 - minerva_ann_operate_networks - INFO -   Loading slice (50000, 100000) from /phihome/perdue/theano/data/minosmatch_nukecczdefs_genallzwitht_pcodecap66_127x50x25_xtxutuvtv_me1Bmc.hdf5 took 49.210s.
2016-10-14 17:05:52,384 - minerva_ann_operate_networks - INFO -   -Iterating over the slice took 578.053s.
2016-10-14 17:06:41,598 - minerva_ann_operate_networks - INFO -   Loading slice (100000, 150000) from /phihome/perdue/theano/data/minosmatch_nukecczdefs_genallzwitht_pcodecap66_127x50x25_xtxutuvtv_me1Bmc.hdf5 took 49.205s.
2016-10-14 17:16:19,104 - minerva_ann_operate_networks - INFO -   -Iterating over the slice took 577.505s.
2016-10-14 17:17:08,415 - minerva_ann_operate_networks - INFO -   Loading slice (150000, 200000) from /phihome/perdue/theano/data/minosmatch_nukecczdefs_genallzwitht_pcodecap66_127x50x25_xtxutuvtv_me1Bmc.hdf5 took 49.301s.
2016-10-14 17:26:45,524 - minerva_ann_operate_networks - INFO -   -Iterating over the slice took 577.108s.
2016-10-14 17:27:22,356 - minerva_ann_operate_networks - INFO -   Loading slice (200000, 248198) from /phihome/perdue/theano/data/minosmatch_nukecczdefs_genallzwitht_pcodecap66_127x50x25_xtxutuvtv_me1Bmc.hdf5 took 36.822s.
2016-10-14 17:36:39,313 - minerva_ann_operate_networks - INFO -   -Iterating over the slice took 556.956s.
2016-10-14 17:36:39,397 - minerva_ann_operate_networks - INFO - 
Final results:
  test loss:			0.621439
  test accuracy:		82.61 %
2016-10-14 17:36:39,397 - minerva_ann_operate_networks - INFO -    target 0 accuracy:			0.722 %
2016-10-14 17:36:39,397 - minerva_ann_operate_networks - INFO -    target 1 accuracy:			0.000 %
2016-10-14 17:36:39,397 - minerva_ann_operate_networks - INFO -    target 2 accuracy:			0.000 %
2016-10-14 17:36:39,397 - minerva_ann_operate_networks - INFO -    target 3 accuracy:			0.000 %
2016-10-14 17:36:39,397 - minerva_ann_operate_networks - INFO -    target 4 accuracy:			0.575 %
2016-10-14 17:36:39,397 - minerva_ann_operate_networks - INFO -    target 5 accuracy:			0.312 %
2016-10-14 17:36:39,397 - minerva_ann_operate_networks - INFO -    target 6 accuracy:			13.490 %
2016-10-14 17:36:39,397 - minerva_ann_operate_networks - INFO -    target 7 accuracy:			15.948 %
2016-10-14 17:36:39,398 - minerva_ann_operate_networks - INFO -    target 8 accuracy:			5.929 %
2016-10-14 17:36:39,398 - minerva_ann_operate_networks - INFO -    target 9 accuracy:			95.733 %
2016-10-14 17:36:39,398 - minerva_ann_operate_networks - INFO -    target 10 accuracy:			0.000 %
2016-10-14 17:36:39,398 - minerva_ann_operate_networks - INFO -    target 11 accuracy:			1.613 %
2016-10-14 17:36:39,398 - minerva_ann_operate_networks - INFO -    target 12 accuracy:			63.741 %
2016-10-14 17:36:39,398 - minerva_ann_operate_networks - INFO -    target 13 accuracy:			20.432 %
2016-10-14 17:36:39,398 - minerva_ann_operate_networks - INFO -    target 14 accuracy:			65.459 %
2016-10-14 17:36:39,398 - minerva_ann_operate_networks - INFO -    target 15 accuracy:			23.703 %
2016-10-14 17:36:39,398 - minerva_ann_operate_networks - INFO -    target 16 accuracy:			44.226 %
2016-10-14 17:36:39,398 - minerva_ann_operate_networks - INFO -    target 17 accuracy:			7.850 %
2016-10-14 17:36:39,398 - minerva_ann_operate_networks - INFO -    target 18 accuracy:			91.823 %
2016-10-14 17:36:39,398 - minerva_ann_operate_networks - INFO -    target 19 accuracy:			0.000 %
2016-10-14 17:36:39,398 - minerva_ann_operate_networks - INFO -    target 20 accuracy:			3.868 %
2016-10-14 17:36:39,398 - minerva_ann_operate_networks - INFO -    target 21 accuracy:			52.896 %
2016-10-14 17:36:39,398 - minerva_ann_operate_networks - INFO -    target 22 accuracy:			44.343 %
2016-10-14 17:36:39,398 - minerva_ann_operate_networks - INFO -    target 23 accuracy:			44.218 %
2016-10-14 17:36:39,398 - minerva_ann_operate_networks - INFO -    target 24 accuracy:			47.978 %
2016-10-14 17:36:39,398 - minerva_ann_operate_networks - INFO -    target 25 accuracy:			31.278 %
2016-10-14 17:36:39,399 - minerva_ann_operate_networks - INFO -    target 26 accuracy:			44.784 %
2016-10-14 17:36:39,399 - minerva_ann_operate_networks - INFO -    target 27 accuracy:			90.412 %
2016-10-14 17:36:39,399 - minerva_ann_operate_networks - INFO -    target 28 accuracy:			0.000 %
2016-10-14 17:36:39,399 - minerva_ann_operate_networks - INFO -    target 29 accuracy:			9.795 %
2016-10-14 17:36:39,399 - minerva_ann_operate_networks - INFO -    target 30 accuracy:			54.437 %
2016-10-14 17:36:39,399 - minerva_ann_operate_networks - INFO -    target 31 accuracy:			54.646 %
2016-10-14 17:36:39,399 - minerva_ann_operate_networks - INFO -    target 32 accuracy:			46.637 %
2016-10-14 17:36:39,399 - minerva_ann_operate_networks - INFO -    target 33 accuracy:			55.357 %
2016-10-14 17:36:39,399 - minerva_ann_operate_networks - INFO -    target 34 accuracy:			52.277 %
2016-10-14 17:36:39,399 - minerva_ann_operate_networks - INFO -    target 35 accuracy:			51.731 %
2016-10-14 17:36:39,399 - minerva_ann_operate_networks - INFO -    target 36 accuracy:			54.441 %
2016-10-14 17:36:39,399 - minerva_ann_operate_networks - INFO -    target 37 accuracy:			57.729 %
2016-10-14 17:36:39,399 - minerva_ann_operate_networks - INFO -    target 38 accuracy:			54.676 %
2016-10-14 17:36:39,399 - minerva_ann_operate_networks - INFO -    target 39 accuracy:			51.530 %
2016-10-14 17:36:39,399 - minerva_ann_operate_networks - INFO -    target 40 accuracy:			54.386 %
2016-10-14 17:36:39,399 - minerva_ann_operate_networks - INFO -    target 41 accuracy:			46.728 %
2016-10-14 17:36:39,399 - minerva_ann_operate_networks - INFO -    target 42 accuracy:			53.094 %
2016-10-14 17:36:39,399 - minerva_ann_operate_networks - INFO -    target 43 accuracy:			21.195 %
2016-10-14 17:36:39,400 - minerva_ann_operate_networks - INFO -    target 44 accuracy:			83.096 %
2016-10-14 17:36:39,400 - minerva_ann_operate_networks - INFO -    target 45 accuracy:			0.388 %
2016-10-14 17:36:39,400 - minerva_ann_operate_networks - INFO -    target 46 accuracy:			33.580 %
2016-10-14 17:36:39,400 - minerva_ann_operate_networks - INFO -    target 47 accuracy:			46.029 %
2016-10-14 17:36:39,400 - minerva_ann_operate_networks - INFO -    target 48 accuracy:			32.468 %
2016-10-14 17:36:39,400 - minerva_ann_operate_networks - INFO -    target 49 accuracy:			85.812 %
2016-10-14 17:36:39,400 - minerva_ann_operate_networks - INFO -    target 50 accuracy:			0.000 %
2016-10-14 17:36:39,400 - minerva_ann_operate_networks - INFO -    target 51 accuracy:			21.005 %
2016-10-14 17:36:39,400 - minerva_ann_operate_networks - INFO -    target 52 accuracy:			63.878 %
2016-10-14 17:36:39,400 - minerva_ann_operate_networks - INFO -    target 53 accuracy:			44.958 %
2016-10-14 17:36:39,400 - minerva_ann_operate_networks - INFO -    target 54 accuracy:			53.719 %
2016-10-14 17:36:39,400 - minerva_ann_operate_networks - INFO -    target 55 accuracy:			46.673 %
2016-10-14 17:36:39,400 - minerva_ann_operate_networks - INFO -    target 56 accuracy:			56.716 %
2016-10-14 17:36:39,400 - minerva_ann_operate_networks - INFO -    target 57 accuracy:			51.296 %
2016-10-14 17:36:39,400 - minerva_ann_operate_networks - INFO -    target 58 accuracy:			64.052 %
2016-10-14 17:36:39,400 - minerva_ann_operate_networks - INFO -    target 59 accuracy:			36.438 %
2016-10-14 17:36:39,400 - minerva_ann_operate_networks - INFO -    target 60 accuracy:			57.346 %
2016-10-14 17:36:39,401 - minerva_ann_operate_networks - INFO -    target 61 accuracy:			46.787 %
2016-10-14 17:36:39,401 - minerva_ann_operate_networks - INFO -    target 62 accuracy:			50.708 %
2016-10-14 17:36:39,401 - minerva_ann_operate_networks - INFO -    target 63 accuracy:			52.170 %
2016-10-14 17:36:39,401 - minerva_ann_operate_networks - INFO -    target 64 accuracy:			50.963 %
2016-10-14 17:36:39,401 - minerva_ann_operate_networks - INFO -    target 65 accuracy:			52.706 %
2016-10-14 17:36:39,401 - minerva_ann_operate_networks - INFO -    target 66 accuracy:			99.380 %
