2016-10-13 13:34:07,076 - __main__ - INFO - Starting...
2016-10-13 13:34:07,077 - __main__ - INFO - minerva_tricolumnar_epsilon.py
2016-10-13 13:34:07,077 - __main__ - INFO -  Begin with saved pars? False
2016-10-13 13:34:07,077 - __main__ - INFO -  Saved parameters file: ./lminervatriamese_epsiloni1476383637.npz
2016-10-13 13:34:07,077 - __main__ - INFO -  Saved parameters file exists? False
2016-10-13 13:34:07,077 - __main__ - INFO -  Datasets: ['/phihome/perdue/theano/data/minosmatch_nukecczdefs_genallz_pcodecap66_127x50x25_xuv_me1Bmc.hdf5']
2016-10-13 13:34:07,079 - __main__ - INFO -  Dataset size: 4433107041
2016-10-13 13:34:07,079 - __main__ - INFO -  Planned number of epochs: 1
2016-10-13 13:34:07,080 - __main__ - INFO -  Learning rate: 0.001
2016-10-13 13:34:07,080 - __main__ - INFO -  Momentum: 0.9
2016-10-13 13:34:07,080 - __main__ - INFO -  Batch size: 500
2016-10-13 13:34:07,080 - __main__ - INFO -  L2 regularization penalty scale: 0.0001
2016-10-13 13:34:07,080 - minerva_ann_operate_networks - INFO - Loading data...
2016-10-13 13:34:07,177 - minerva_ann_datasets - INFO -  Learning sample size = 3668292 examples
2016-10-13 13:34:07,177 - minerva_ann_datasets - INFO -  Validation sample size = 441963 examples
2016-10-13 13:34:07,178 - minerva_ann_datasets - INFO -  Testing sample size = 309375 examples
2016-10-13 13:34:07,179 - minerva_ann_networks - INFO - Convpool conv-x-0 params: {'filter_size': (8, 3), 'pool_size': (2, 1), 'nfilters': 12}
2016-10-13 13:34:07,225 - minerva_ann_networks - INFO - Convpool maxpool-x-0
2016-10-13 13:34:07,225 - minerva_ann_networks - INFO - Convpool conv-x-1 params: {'filter_size': (7, 3), 'pool_size': (2, 1), 'nfilters': 20}
2016-10-13 13:34:07,226 - minerva_ann_networks - INFO - Convpool maxpool-x-1
2016-10-13 13:34:07,226 - minerva_ann_networks - INFO - Convpool conv-x-2 params: {'filter_size': (6, 3), 'pool_size': (2, 1), 'nfilters': 28}
2016-10-13 13:34:07,228 - minerva_ann_networks - INFO - Convpool maxpool-x-2
2016-10-13 13:34:07,228 - minerva_ann_networks - INFO - Convpool conv-x-3 params: {'filter_size': (6, 3), 'pool_size': (2, 1), 'nfilters': 36}
2016-10-13 13:34:07,229 - minerva_ann_networks - INFO - Convpool maxpool-x-3
2016-10-13 13:34:07,261 - minerva_ann_networks - INFO - Dense dense-x with nhidden = 196, dropout = 0.5
2016-10-13 13:34:07,261 - minerva_ann_networks - INFO - Convpool conv-u-0 params: {'filter_size': (8, 5), 'pool_size': (2, 1), 'nfilters': 12}
2016-10-13 13:34:07,262 - minerva_ann_networks - INFO - Convpool maxpool-u-0
2016-10-13 13:34:07,262 - minerva_ann_networks - INFO - Convpool conv-u-1 params: {'filter_size': (7, 3), 'pool_size': (2, 1), 'nfilters': 20}
2016-10-13 13:34:07,263 - minerva_ann_networks - INFO - Convpool maxpool-u-1
2016-10-13 13:34:07,263 - minerva_ann_networks - INFO - Convpool conv-u-2 params: {'filter_size': (6, 3), 'pool_size': (2, 1), 'nfilters': 28}
2016-10-13 13:34:07,264 - minerva_ann_networks - INFO - Convpool maxpool-u-2
2016-10-13 13:34:07,264 - minerva_ann_networks - INFO - Convpool conv-u-3 params: {'filter_size': (6, 3), 'pool_size': (2, 1), 'nfilters': 36}
2016-10-13 13:34:07,266 - minerva_ann_networks - INFO - Convpool maxpool-u-3
2016-10-13 13:34:07,276 - minerva_ann_networks - INFO - Dense dense-u with nhidden = 196, dropout = 0.5
2016-10-13 13:34:07,276 - minerva_ann_networks - INFO - Convpool conv-v-0 params: {'filter_size': (8, 5), 'pool_size': (2, 1), 'nfilters': 12}
2016-10-13 13:34:07,277 - minerva_ann_networks - INFO - Convpool maxpool-v-0
2016-10-13 13:34:07,277 - minerva_ann_networks - INFO - Convpool conv-v-1 params: {'filter_size': (7, 3), 'pool_size': (2, 1), 'nfilters': 20}
2016-10-13 13:34:07,278 - minerva_ann_networks - INFO - Convpool maxpool-v-1
2016-10-13 13:34:07,278 - minerva_ann_networks - INFO - Convpool conv-v-2 params: {'filter_size': (6, 3), 'pool_size': (2, 1), 'nfilters': 28}
2016-10-13 13:34:07,279 - minerva_ann_networks - INFO - Convpool maxpool-v-2
2016-10-13 13:34:07,279 - minerva_ann_networks - INFO - Convpool conv-v-3 params: {'filter_size': (6, 3), 'pool_size': (2, 1), 'nfilters': 36}
2016-10-13 13:34:07,281 - minerva_ann_networks - INFO - Convpool maxpool-v-3
2016-10-13 13:34:07,291 - minerva_ann_networks - INFO - Dense dense-v with nhidden = 196, dropout = 0.5
2016-10-13 13:34:07,291 - minerva_ann_networks - INFO - Network: concat columns...
2016-10-13 13:34:07,293 - minerva_ann_networks - INFO - Dense dense-across with nhidden = 98, dropout = 0.5
2016-10-13 13:34:07,294 - minerva_ann_networks - INFO - Softmax output prob with n_units = 11
2016-10-13 13:34:07,300 - minerva_ann_networks - INFO - n-parameters: 1684823
2016-10-13 13:34:07,302 - minerva_ann_operate_networks - INFO - 
In -->          Layer    --> Out    Description                                                  
-------         -----    -------    -----------                                                  
[]              0        [1]        <lasagne.layers.input.InputLayer object at 0x2b42ffcdda50>   
[0]             1        [2]        <lasagne.layers.conv.Conv2DLayer object at 0x2b42ffcddc50>   
[1]             2        [3]        <lasagne.layers.pool.MaxPool2DLayer object at 0x2b42ffcddb90>
[2]             3        [4]        <lasagne.layers.conv.Conv2DLayer object at 0x2b42ffd0a990>   
[3]             4        [5]        <lasagne.layers.pool.MaxPool2DLayer object at 0x2b42ffcddb50>
[4]             5        [6]        <lasagne.layers.conv.Conv2DLayer object at 0x2b42ffd0ac50>   
[5]             6        [7]        <lasagne.layers.pool.MaxPool2DLayer object at 0x2b42ffd0ac90>
[6]             7        [8]        <lasagne.layers.conv.Conv2DLayer object at 0x2b42ffd0afd0>   
[7]             8        [9]        <lasagne.layers.pool.MaxPool2DLayer object at 0x2b42ffd0af50>
[8]             9        [10]       <lasagne.layers.noise.DropoutLayer object at 0x2b42ffcddb10> 
[9]             10       [33]       <lasagne.layers.dense.DenseLayer object at 0x2b42ffd1a250>   
[]              11       [12]       <lasagne.layers.input.InputLayer object at 0x2b42ffcdda90>   
[11]            12       [13]       <lasagne.layers.conv.Conv2DLayer object at 0x2b42ffd1a950>   
[12]            13       [14]       <lasagne.layers.pool.MaxPool2DLayer object at 0x2b42ffd1a890>
[13]            14       [15]       <lasagne.layers.conv.Conv2DLayer object at 0x2b42ffd1ab50>   
[14]            15       [16]       <lasagne.layers.pool.MaxPool2DLayer object at 0x2b42ffd1ab90>
[15]            16       [17]       <lasagne.layers.conv.Conv2DLayer object at 0x2b42ffd1ae10>   
[16]            17       [18]       <lasagne.layers.pool.MaxPool2DLayer object at 0x2b42ffd1ae50>
[17]            18       [19]       <lasagne.layers.conv.Conv2DLayer object at 0x2b42ffd26110>   
[18]            19       [20]       <lasagne.layers.pool.MaxPool2DLayer object at 0x2b42ffd1a910>
[19]            20       [21]       <lasagne.layers.noise.DropoutLayer object at 0x2b42ffd1a310> 
[20]            21       [33]       <lasagne.layers.dense.DenseLayer object at 0x2b42ffd26410>   
[]              22       [23]       <lasagne.layers.input.InputLayer object at 0x2b42ffcddad0>   
[22]            23       [24]       <lasagne.layers.conv.Conv2DLayer object at 0x2b42ffd26790>   
[23]            24       [25]       <lasagne.layers.pool.MaxPool2DLayer object at 0x2b42ffd266d0>
[24]            25       [26]       <lasagne.layers.conv.Conv2DLayer object at 0x2b42ffd26990>   
[25]            26       [27]       <lasagne.layers.pool.MaxPool2DLayer object at 0x2b42ffd269d0>
[26]            27       [28]       <lasagne.layers.conv.Conv2DLayer object at 0x2b42ffd26c50>   
[27]            28       [29]       <lasagne.layers.pool.MaxPool2DLayer object at 0x2b42ffd26c90>
[28]            29       [30]       <lasagne.layers.conv.Conv2DLayer object at 0x2b42ffd26fd0>   
[29]            30       [31]       <lasagne.layers.pool.MaxPool2DLayer object at 0x2b42ffd26f50>
[30]            31       [32]       <lasagne.layers.noise.DropoutLayer object at 0x2b42ffd264d0> 
[31]            32       [33]       <lasagne.layers.dense.DenseLayer object at 0x2b42ffd31250>   
[10, 21, 32]    33       [34]       <lasagne.layers.merge.ConcatLayer object at 0x2b42ffd31310>  
[33]            34       [35]       <lasagne.layers.noise.DropoutLayer object at 0x2b42ffd31590> 
[34]            35       [36]       <lasagne.layers.dense.DenseLayer object at 0x2b42ffd31510>   
[35]            36       []         <lasagne.layers.dense.DenseLayer object at 0x2b42ffd31550>   
2016-10-13 13:34:09,174 - minerva_ann_operate_networks - INFO - 
        ////
        Use AdaGrad update schedule for learning rate, see Duchi, Hazan, and
        Singer (2011) "Adaptive subgradient methods for online learning and
        stochasitic optimization." JMLR, 12:2121-2159
        ////
        
2016-10-13 13:34:09,715 - minerva_ann_operate_networks - INFO - 
        ////
        Apply Nesterov momentum using Lisa Lab's modifications.
        ////
        
2016-10-13 13:34:46,301 - minerva_ann_operate_networks - INFO - Starting training...
2016-10-13 13:35:02,384 - minerva_ann_operate_networks - INFO -   Loading slice (0, 50000) from /phihome/perdue/theano/data/minosmatch_nukecczdefs_genallz_pcodecap66_127x50x25_xuv_me1Bmc.hdf5 took 16.082s.
2016-10-13 13:36:02,964 - minerva_ann_operate_networks - INFO -   -Iterating over the slice took 60.579s.
2016-10-13 13:36:19,075 - minerva_ann_operate_networks - INFO -   Loading slice (50000, 100000) from /phihome/perdue/theano/data/minosmatch_nukecczdefs_genallz_pcodecap66_127x50x25_xuv_me1Bmc.hdf5 took 16.104s.
2016-10-13 13:37:19,617 - minerva_ann_operate_networks - INFO -   -Iterating over the slice took 60.541s.
2016-10-13 13:37:35,512 - minerva_ann_operate_networks - INFO -   Loading slice (100000, 150000) from /phihome/perdue/theano/data/minosmatch_nukecczdefs_genallz_pcodecap66_127x50x25_xuv_me1Bmc.hdf5 took 15.888s.
2016-10-13 13:38:35,917 - minerva_ann_operate_networks - INFO -   -Iterating over the slice took 60.404s.
2016-10-13 13:38:51,884 - minerva_ann_operate_networks - INFO -   Loading slice (150000, 200000) from /phihome/perdue/theano/data/minosmatch_nukecczdefs_genallz_pcodecap66_127x50x25_xuv_me1Bmc.hdf5 took 15.960s.
2016-10-13 13:39:52,288 - minerva_ann_operate_networks - INFO -   -Iterating over the slice took 60.404s.
2016-10-13 13:40:08,209 - minerva_ann_operate_networks - INFO -   Loading slice (200000, 250000) from /phihome/perdue/theano/data/minosmatch_nukecczdefs_genallz_pcodecap66_127x50x25_xuv_me1Bmc.hdf5 took 15.913s.
2016-10-13 13:41:08,588 - minerva_ann_operate_networks - INFO -   -Iterating over the slice took 60.379s.
2016-10-13 13:41:24,664 - minerva_ann_operate_networks - INFO -   Loading slice (250000, 300000) from /phihome/perdue/theano/data/minosmatch_nukecczdefs_genallz_pcodecap66_127x50x25_xuv_me1Bmc.hdf5 took 16.069s.
2016-10-13 13:42:25,078 - minerva_ann_operate_networks - INFO -   -Iterating over the slice took 60.413s.
2016-10-13 13:42:40,971 - minerva_ann_operate_networks - INFO -   Loading slice (300000, 350000) from /phihome/perdue/theano/data/minosmatch_nukecczdefs_genallz_pcodecap66_127x50x25_xuv_me1Bmc.hdf5 took 15.884s.
2016-10-13 13:43:41,378 - minerva_ann_operate_networks - INFO -   -Iterating over the slice took 60.406s.
2016-10-13 13:43:57,254 - minerva_ann_operate_networks - INFO -   Loading slice (350000, 400000) from /phihome/perdue/theano/data/minosmatch_nukecczdefs_genallz_pcodecap66_127x50x25_xuv_me1Bmc.hdf5 took 15.870s.
2016-10-13 13:44:57,651 - minerva_ann_operate_networks - INFO -   -Iterating over the slice took 60.396s.
2016-10-13 13:45:13,573 - minerva_ann_operate_networks - INFO -   Loading slice (400000, 450000) from /phihome/perdue/theano/data/minosmatch_nukecczdefs_genallz_pcodecap66_127x50x25_xuv_me1Bmc.hdf5 took 15.914s.
2016-10-13 13:46:13,949 - minerva_ann_operate_networks - INFO -   -Iterating over the slice took 60.375s.
2016-10-13 13:46:29,851 - minerva_ann_operate_networks - INFO -   Loading slice (450000, 500000) from /phihome/perdue/theano/data/minosmatch_nukecczdefs_genallz_pcodecap66_127x50x25_xuv_me1Bmc.hdf5 took 15.895s.
2016-10-13 13:47:30,216 - minerva_ann_operate_networks - INFO -   -Iterating over the slice took 60.364s.
2016-10-13 13:47:46,414 - minerva_ann_operate_networks - INFO -   Loading slice (500000, 550000) from /phihome/perdue/theano/data/minosmatch_nukecczdefs_genallz_pcodecap66_127x50x25_xuv_me1Bmc.hdf5 took 16.191s.
2016-10-13 13:48:46,818 - minerva_ann_operate_networks - INFO -   -Iterating over the slice took 60.403s.
2016-10-13 13:49:03,085 - minerva_ann_operate_networks - INFO -   Loading slice (550000, 600000) from /phihome/perdue/theano/data/minosmatch_nukecczdefs_genallz_pcodecap66_127x50x25_xuv_me1Bmc.hdf5 took 16.260s.
2016-10-13 13:50:03,489 - minerva_ann_operate_networks - INFO -   -Iterating over the slice took 60.403s.
2016-10-13 13:50:19,477 - minerva_ann_operate_networks - INFO -   Loading slice (600000, 650000) from /phihome/perdue/theano/data/minosmatch_nukecczdefs_genallz_pcodecap66_127x50x25_xuv_me1Bmc.hdf5 took 15.981s.
2016-10-13 13:51:19,821 - minerva_ann_operate_networks - INFO -   -Iterating over the slice took 60.344s.
2016-10-13 13:51:35,680 - minerva_ann_operate_networks - INFO -   Loading slice (650000, 700000) from /phihome/perdue/theano/data/minosmatch_nukecczdefs_genallz_pcodecap66_127x50x25_xuv_me1Bmc.hdf5 took 15.852s.
2016-10-13 13:52:36,060 - minerva_ann_operate_networks - INFO -   -Iterating over the slice took 60.380s.
2016-10-13 13:52:51,949 - minerva_ann_operate_networks - INFO -   Loading slice (700000, 750000) from /phihome/perdue/theano/data/minosmatch_nukecczdefs_genallz_pcodecap66_127x50x25_xuv_me1Bmc.hdf5 took 15.882s.
2016-10-13 13:53:52,340 - minerva_ann_operate_networks - INFO -   -Iterating over the slice took 60.390s.
2016-10-13 13:54:08,208 - minerva_ann_operate_networks - INFO -   Loading slice (750000, 800000) from /phihome/perdue/theano/data/minosmatch_nukecczdefs_genallz_pcodecap66_127x50x25_xuv_me1Bmc.hdf5 took 15.861s.
2016-10-13 13:55:08,602 - minerva_ann_operate_networks - INFO -   -Iterating over the slice took 60.394s.
2016-10-13 13:55:24,658 - minerva_ann_operate_networks - INFO -   Loading slice (800000, 850000) from /phihome/perdue/theano/data/minosmatch_nukecczdefs_genallz_pcodecap66_127x50x25_xuv_me1Bmc.hdf5 took 16.048s.
2016-10-13 13:56:25,061 - minerva_ann_operate_networks - INFO -   -Iterating over the slice took 60.402s.
2016-10-13 13:56:41,348 - minerva_ann_operate_networks - INFO -   Loading slice (850000, 900000) from /phihome/perdue/theano/data/minosmatch_nukecczdefs_genallz_pcodecap66_127x50x25_xuv_me1Bmc.hdf5 took 16.281s.
2016-10-13 13:57:41,800 - minerva_ann_operate_networks - INFO -   -Iterating over the slice took 60.451s.
2016-10-13 13:57:57,678 - minerva_ann_operate_networks - INFO -   Loading slice (900000, 950000) from /phihome/perdue/theano/data/minosmatch_nukecczdefs_genallz_pcodecap66_127x50x25_xuv_me1Bmc.hdf5 took 15.872s.
2016-10-13 13:58:58,065 - minerva_ann_operate_networks - INFO -   -Iterating over the slice took 60.386s.
2016-10-13 13:59:14,164 - minerva_ann_operate_networks - INFO -   Loading slice (950000, 1000000) from /phihome/perdue/theano/data/minosmatch_nukecczdefs_genallz_pcodecap66_127x50x25_xuv_me1Bmc.hdf5 took 16.091s.
2016-10-13 14:00:14,564 - minerva_ann_operate_networks - INFO -   -Iterating over the slice took 60.400s.
2016-10-13 14:00:30,521 - minerva_ann_operate_networks - INFO -   Loading slice (1000000, 1050000) from /phihome/perdue/theano/data/minosmatch_nukecczdefs_genallz_pcodecap66_127x50x25_xuv_me1Bmc.hdf5 took 15.950s.
2016-10-13 14:01:30,936 - minerva_ann_operate_networks - INFO -   -Iterating over the slice took 60.414s.
2016-10-13 14:01:46,802 - minerva_ann_operate_networks - INFO -   Loading slice (1050000, 1100000) from /phihome/perdue/theano/data/minosmatch_nukecczdefs_genallz_pcodecap66_127x50x25_xuv_me1Bmc.hdf5 took 15.858s.
2016-10-13 14:02:47,191 - minerva_ann_operate_networks - INFO -   -Iterating over the slice took 60.389s.
2016-10-13 14:03:03,093 - minerva_ann_operate_networks - INFO -   Loading slice (1100000, 1150000) from /phihome/perdue/theano/data/minosmatch_nukecczdefs_genallz_pcodecap66_127x50x25_xuv_me1Bmc.hdf5 took 15.895s.
2016-10-13 14:04:03,486 - minerva_ann_operate_networks - INFO -   -Iterating over the slice took 60.392s.
2016-10-13 14:04:19,321 - minerva_ann_operate_networks - INFO -   Loading slice (1150000, 1200000) from /phihome/perdue/theano/data/minosmatch_nukecczdefs_genallz_pcodecap66_127x50x25_xuv_me1Bmc.hdf5 took 15.828s.
2016-10-13 14:05:19,720 - minerva_ann_operate_networks - INFO -   -Iterating over the slice took 60.398s.
2016-10-13 14:05:35,726 - minerva_ann_operate_networks - INFO -   Loading slice (1200000, 1250000) from /phihome/perdue/theano/data/minosmatch_nukecczdefs_genallz_pcodecap66_127x50x25_xuv_me1Bmc.hdf5 took 15.999s.
2016-10-13 14:06:36,100 - minerva_ann_operate_networks - INFO -   -Iterating over the slice took 60.373s.
2016-10-13 14:06:51,998 - minerva_ann_operate_networks - INFO -   Loading slice (1250000, 1300000) from /phihome/perdue/theano/data/minosmatch_nukecczdefs_genallz_pcodecap66_127x50x25_xuv_me1Bmc.hdf5 took 15.891s.
2016-10-13 14:07:52,420 - minerva_ann_operate_networks - INFO -   -Iterating over the slice took 60.421s.
2016-10-13 14:08:08,903 - minerva_ann_operate_networks - INFO -   Loading slice (1300000, 1350000) from /phihome/perdue/theano/data/minosmatch_nukecczdefs_genallz_pcodecap66_127x50x25_xuv_me1Bmc.hdf5 took 16.477s.
2016-10-13 14:09:09,282 - minerva_ann_operate_networks - INFO -   -Iterating over the slice took 60.378s.
2016-10-13 14:09:25,161 - minerva_ann_operate_networks - INFO -   Loading slice (1350000, 1400000) from /phihome/perdue/theano/data/minosmatch_nukecczdefs_genallz_pcodecap66_127x50x25_xuv_me1Bmc.hdf5 took 15.872s.
2016-10-13 14:10:25,572 - minerva_ann_operate_networks - INFO -   -Iterating over the slice took 60.411s.
2016-10-13 14:10:41,459 - minerva_ann_operate_networks - INFO -   Loading slice (1400000, 1450000) from /phihome/perdue/theano/data/minosmatch_nukecczdefs_genallz_pcodecap66_127x50x25_xuv_me1Bmc.hdf5 took 15.879s.
2016-10-13 14:11:41,843 - minerva_ann_operate_networks - INFO -   -Iterating over the slice took 60.384s.
2016-10-13 14:11:57,730 - minerva_ann_operate_networks - INFO -   Loading slice (1450000, 1500000) from /phihome/perdue/theano/data/minosmatch_nukecczdefs_genallz_pcodecap66_127x50x25_xuv_me1Bmc.hdf5 took 15.880s.
2016-10-13 14:12:58,257 - minerva_ann_operate_networks - INFO -   -Iterating over the slice took 60.526s.
2016-10-13 14:13:14,159 - minerva_ann_operate_networks - INFO -   Loading slice (1500000, 1550000) from /phihome/perdue/theano/data/minosmatch_nukecczdefs_genallz_pcodecap66_127x50x25_xuv_me1Bmc.hdf5 took 15.895s.
2016-10-13 14:14:14,566 - minerva_ann_operate_networks - INFO -   -Iterating over the slice took 60.405s.
2016-10-13 14:14:30,416 - minerva_ann_operate_networks - INFO -   Loading slice (1550000, 1600000) from /phihome/perdue/theano/data/minosmatch_nukecczdefs_genallz_pcodecap66_127x50x25_xuv_me1Bmc.hdf5 took 15.843s.
2016-10-13 14:15:30,816 - minerva_ann_operate_networks - INFO -   -Iterating over the slice took 60.399s.
2016-10-13 14:15:46,713 - minerva_ann_operate_networks - INFO -   Loading slice (1600000, 1650000) from /phihome/perdue/theano/data/minosmatch_nukecczdefs_genallz_pcodecap66_127x50x25_xuv_me1Bmc.hdf5 took 15.890s.
2016-10-13 14:16:47,101 - minerva_ann_operate_networks - INFO -   -Iterating over the slice took 60.387s.
2016-10-13 14:17:03,362 - minerva_ann_operate_networks - INFO -   Loading slice (1650000, 1700000) from /phihome/perdue/theano/data/minosmatch_nukecczdefs_genallz_pcodecap66_127x50x25_xuv_me1Bmc.hdf5 took 16.254s.
2016-10-13 14:18:03,764 - minerva_ann_operate_networks - INFO -   -Iterating over the slice took 60.401s.
2016-10-13 14:18:19,669 - minerva_ann_operate_networks - INFO -   Loading slice (1700000, 1750000) from /phihome/perdue/theano/data/minosmatch_nukecczdefs_genallz_pcodecap66_127x50x25_xuv_me1Bmc.hdf5 took 15.898s.
2016-10-13 14:19:20,069 - minerva_ann_operate_networks - INFO -   -Iterating over the slice took 60.399s.
2016-10-13 14:19:36,044 - minerva_ann_operate_networks - INFO -   Loading slice (1750000, 1800000) from /phihome/perdue/theano/data/minosmatch_nukecczdefs_genallz_pcodecap66_127x50x25_xuv_me1Bmc.hdf5 took 15.968s.
2016-10-13 14:20:36,621 - minerva_ann_operate_networks - INFO -   -Iterating over the slice took 60.576s.
2016-10-13 14:20:52,494 - minerva_ann_operate_networks - INFO -   Loading slice (1800000, 1850000) from /phihome/perdue/theano/data/minosmatch_nukecczdefs_genallz_pcodecap66_127x50x25_xuv_me1Bmc.hdf5 took 15.866s.
2016-10-13 14:21:52,900 - minerva_ann_operate_networks - INFO -   -Iterating over the slice took 60.405s.
2016-10-13 14:22:08,770 - minerva_ann_operate_networks - INFO -   Loading slice (1850000, 1900000) from /phihome/perdue/theano/data/minosmatch_nukecczdefs_genallz_pcodecap66_127x50x25_xuv_me1Bmc.hdf5 took 15.862s.
2016-10-13 14:23:09,161 - minerva_ann_operate_networks - INFO -   -Iterating over the slice took 60.390s.
2016-10-13 14:23:25,080 - minerva_ann_operate_networks - INFO -   Loading slice (1900000, 1950000) from /phihome/perdue/theano/data/minosmatch_nukecczdefs_genallz_pcodecap66_127x50x25_xuv_me1Bmc.hdf5 took 15.912s.
2016-10-13 14:24:25,487 - minerva_ann_operate_networks - INFO -   -Iterating over the slice took 60.406s.
2016-10-13 14:24:41,487 - minerva_ann_operate_networks - INFO -   Loading slice (1950000, 2000000) from /phihome/perdue/theano/data/minosmatch_nukecczdefs_genallz_pcodecap66_127x50x25_xuv_me1Bmc.hdf5 took 15.993s.
2016-10-13 14:25:41,920 - minerva_ann_operate_networks - INFO -   -Iterating over the slice took 60.433s.
2016-10-13 14:25:58,079 - minerva_ann_operate_networks - INFO -   Loading slice (2000000, 2050000) from /phihome/perdue/theano/data/minosmatch_nukecczdefs_genallz_pcodecap66_127x50x25_xuv_me1Bmc.hdf5 took 16.150s.
2016-10-13 14:26:58,507 - minerva_ann_operate_networks - INFO -   -Iterating over the slice took 60.428s.
2016-10-13 14:27:14,437 - minerva_ann_operate_networks - INFO -   Loading slice (2050000, 2100000) from /phihome/perdue/theano/data/minosmatch_nukecczdefs_genallz_pcodecap66_127x50x25_xuv_me1Bmc.hdf5 took 15.922s.
2016-10-13 14:28:14,835 - minerva_ann_operate_networks - INFO -   -Iterating over the slice took 60.397s.
2016-10-13 14:28:31,104 - minerva_ann_operate_networks - INFO -   Loading slice (2100000, 2150000) from /phihome/perdue/theano/data/minosmatch_nukecczdefs_genallz_pcodecap66_127x50x25_xuv_me1Bmc.hdf5 took 16.262s.
2016-10-13 14:29:31,522 - minerva_ann_operate_networks - INFO -   -Iterating over the slice took 60.418s.
2016-10-13 14:29:47,850 - minerva_ann_operate_networks - INFO -   Loading slice (2150000, 2200000) from /phihome/perdue/theano/data/minosmatch_nukecczdefs_genallz_pcodecap66_127x50x25_xuv_me1Bmc.hdf5 took 16.321s.
2016-10-13 14:30:48,241 - minerva_ann_operate_networks - INFO -   -Iterating over the slice took 60.390s.
2016-10-13 14:31:04,144 - minerva_ann_operate_networks - INFO -   Loading slice (2200000, 2250000) from /phihome/perdue/theano/data/minosmatch_nukecczdefs_genallz_pcodecap66_127x50x25_xuv_me1Bmc.hdf5 took 15.896s.
2016-10-13 14:32:04,555 - minerva_ann_operate_networks - INFO -   -Iterating over the slice took 60.411s.
2016-10-13 14:32:20,805 - minerva_ann_operate_networks - INFO -   Loading slice (2250000, 2300000) from /phihome/perdue/theano/data/minosmatch_nukecczdefs_genallz_pcodecap66_127x50x25_xuv_me1Bmc.hdf5 took 16.242s.
2016-10-13 14:33:21,201 - minerva_ann_operate_networks - INFO -   -Iterating over the slice took 60.395s.
2016-10-13 14:33:37,097 - minerva_ann_operate_networks - INFO -   Loading slice (2300000, 2350000) from /phihome/perdue/theano/data/minosmatch_nukecczdefs_genallz_pcodecap66_127x50x25_xuv_me1Bmc.hdf5 took 15.890s.
2016-10-13 14:34:37,505 - minerva_ann_operate_networks - INFO -   -Iterating over the slice took 60.406s.
2016-10-13 14:34:53,655 - minerva_ann_operate_networks - INFO -   Loading slice (2350000, 2400000) from /phihome/perdue/theano/data/minosmatch_nukecczdefs_genallz_pcodecap66_127x50x25_xuv_me1Bmc.hdf5 took 16.143s.
2016-10-13 14:35:54,285 - minerva_ann_operate_networks - INFO -   -Iterating over the slice took 60.630s.
2016-10-13 14:36:10,306 - minerva_ann_operate_networks - INFO -   Loading slice (2400000, 2450000) from /phihome/perdue/theano/data/minosmatch_nukecczdefs_genallz_pcodecap66_127x50x25_xuv_me1Bmc.hdf5 took 16.014s.
2016-10-13 14:37:10,739 - minerva_ann_operate_networks - INFO -   -Iterating over the slice took 60.432s.
2016-10-13 14:37:26,672 - minerva_ann_operate_networks - INFO -   Loading slice (2450000, 2500000) from /phihome/perdue/theano/data/minosmatch_nukecczdefs_genallz_pcodecap66_127x50x25_xuv_me1Bmc.hdf5 took 15.927s.
2016-10-13 14:38:27,054 - minerva_ann_operate_networks - INFO -   -Iterating over the slice took 60.381s.
2016-10-13 14:38:43,246 - minerva_ann_operate_networks - INFO -   Loading slice (2500000, 2550000) from /phihome/perdue/theano/data/minosmatch_nukecczdefs_genallz_pcodecap66_127x50x25_xuv_me1Bmc.hdf5 took 16.185s.
2016-10-13 14:39:43,658 - minerva_ann_operate_networks - INFO -   -Iterating over the slice took 60.412s.
2016-10-13 14:39:59,533 - minerva_ann_operate_networks - INFO -   Loading slice (2550000, 2600000) from /phihome/perdue/theano/data/minosmatch_nukecczdefs_genallz_pcodecap66_127x50x25_xuv_me1Bmc.hdf5 took 15.868s.
2016-10-13 14:40:59,936 - minerva_ann_operate_networks - INFO -   -Iterating over the slice took 60.402s.
2016-10-13 14:41:15,817 - minerva_ann_operate_networks - INFO -   Loading slice (2600000, 2650000) from /phihome/perdue/theano/data/minosmatch_nukecczdefs_genallz_pcodecap66_127x50x25_xuv_me1Bmc.hdf5 took 15.874s.
2016-10-13 14:42:16,373 - minerva_ann_operate_networks - INFO -   -Iterating over the slice took 60.556s.
2016-10-13 14:42:32,195 - minerva_ann_operate_networks - INFO -   Loading slice (2650000, 2700000) from /phihome/perdue/theano/data/minosmatch_nukecczdefs_genallz_pcodecap66_127x50x25_xuv_me1Bmc.hdf5 took 15.815s.
2016-10-13 14:43:32,609 - minerva_ann_operate_networks - INFO -   -Iterating over the slice took 60.413s.
2016-10-13 14:43:48,578 - minerva_ann_operate_networks - INFO -   Loading slice (2700000, 2750000) from /phihome/perdue/theano/data/minosmatch_nukecczdefs_genallz_pcodecap66_127x50x25_xuv_me1Bmc.hdf5 took 15.962s.
2016-10-13 14:44:49,301 - minerva_ann_operate_networks - INFO -   -Iterating over the slice took 60.723s.
2016-10-13 14:45:05,404 - minerva_ann_operate_networks - INFO -   Loading slice (2750000, 2800000) from /phihome/perdue/theano/data/minosmatch_nukecczdefs_genallz_pcodecap66_127x50x25_xuv_me1Bmc.hdf5 took 16.095s.
2016-10-13 14:46:05,811 - minerva_ann_operate_networks - INFO -   -Iterating over the slice took 60.406s.
2016-10-13 14:46:21,716 - minerva_ann_operate_networks - INFO -   Loading slice (2800000, 2850000) from /phihome/perdue/theano/data/minosmatch_nukecczdefs_genallz_pcodecap66_127x50x25_xuv_me1Bmc.hdf5 took 15.898s.
2016-10-13 14:47:22,105 - minerva_ann_operate_networks - INFO -   -Iterating over the slice took 60.389s.
2016-10-13 14:47:38,041 - minerva_ann_operate_networks - INFO -   Loading slice (2850000, 2900000) from /phihome/perdue/theano/data/minosmatch_nukecczdefs_genallz_pcodecap66_127x50x25_xuv_me1Bmc.hdf5 took 15.929s.
2016-10-13 14:48:38,430 - minerva_ann_operate_networks - INFO -   -Iterating over the slice took 60.389s.
2016-10-13 14:48:54,401 - minerva_ann_operate_networks - INFO -   Loading slice (2900000, 2950000) from /phihome/perdue/theano/data/minosmatch_nukecczdefs_genallz_pcodecap66_127x50x25_xuv_me1Bmc.hdf5 took 15.964s.
2016-10-13 14:49:54,806 - minerva_ann_operate_networks - INFO -   -Iterating over the slice took 60.404s.
2016-10-13 14:50:10,722 - minerva_ann_operate_networks - INFO -   Loading slice (2950000, 3000000) from /phihome/perdue/theano/data/minosmatch_nukecczdefs_genallz_pcodecap66_127x50x25_xuv_me1Bmc.hdf5 took 15.908s.
2016-10-13 14:51:11,117 - minerva_ann_operate_networks - INFO -   -Iterating over the slice took 60.395s.
2016-10-13 14:51:27,045 - minerva_ann_operate_networks - INFO -   Loading slice (3000000, 3050000) from /phihome/perdue/theano/data/minosmatch_nukecczdefs_genallz_pcodecap66_127x50x25_xuv_me1Bmc.hdf5 took 15.920s.
2016-10-13 14:52:27,370 - minerva_ann_operate_networks - INFO -   -Iterating over the slice took 60.325s.
2016-10-13 14:52:43,596 - minerva_ann_operate_networks - INFO -   Loading slice (3050000, 3100000) from /phihome/perdue/theano/data/minosmatch_nukecczdefs_genallz_pcodecap66_127x50x25_xuv_me1Bmc.hdf5 took 16.219s.
2016-10-13 14:53:44,055 - minerva_ann_operate_networks - INFO -   -Iterating over the slice took 60.458s.
2016-10-13 14:53:59,933 - minerva_ann_operate_networks - INFO -   Loading slice (3100000, 3150000) from /phihome/perdue/theano/data/minosmatch_nukecczdefs_genallz_pcodecap66_127x50x25_xuv_me1Bmc.hdf5 took 15.871s.
2016-10-13 14:55:00,316 - minerva_ann_operate_networks - INFO -   -Iterating over the slice took 60.382s.
2016-10-13 14:55:16,140 - minerva_ann_operate_networks - INFO -   Loading slice (3150000, 3200000) from /phihome/perdue/theano/data/minosmatch_nukecczdefs_genallz_pcodecap66_127x50x25_xuv_me1Bmc.hdf5 took 15.816s.
2016-10-13 14:56:29,338 - minerva_ann_operate_networks - INFO -   -Iterating over the slice took 73.197s.
2016-10-13 14:56:45,238 - minerva_ann_operate_networks - INFO -   Loading slice (3200000, 3250000) from /phihome/perdue/theano/data/minosmatch_nukecczdefs_genallz_pcodecap66_127x50x25_xuv_me1Bmc.hdf5 took 15.893s.
2016-10-13 14:58:06,848 - minerva_ann_operate_networks - INFO -   -Iterating over the slice took 81.609s.
2016-10-13 14:58:22,778 - minerva_ann_operate_networks - INFO -   Loading slice (3250000, 3300000) from /phihome/perdue/theano/data/minosmatch_nukecczdefs_genallz_pcodecap66_127x50x25_xuv_me1Bmc.hdf5 took 15.924s.
2016-10-13 14:59:44,597 - minerva_ann_operate_networks - INFO -   -Iterating over the slice took 81.818s.
2016-10-13 15:00:00,473 - minerva_ann_operate_networks - INFO -   Loading slice (3300000, 3350000) from /phihome/perdue/theano/data/minosmatch_nukecczdefs_genallz_pcodecap66_127x50x25_xuv_me1Bmc.hdf5 took 15.869s.
2016-10-13 15:01:22,526 - minerva_ann_operate_networks - INFO -   -Iterating over the slice took 82.052s.
2016-10-13 15:01:38,460 - minerva_ann_operate_networks - INFO -   Loading slice (3350000, 3400000) from /phihome/perdue/theano/data/minosmatch_nukecczdefs_genallz_pcodecap66_127x50x25_xuv_me1Bmc.hdf5 took 15.928s.
2016-10-13 15:02:59,976 - minerva_ann_operate_networks - INFO -   -Iterating over the slice took 81.514s.
2016-10-13 15:03:15,990 - minerva_ann_operate_networks - INFO -   Loading slice (3400000, 3450000) from /phihome/perdue/theano/data/minosmatch_nukecczdefs_genallz_pcodecap66_127x50x25_xuv_me1Bmc.hdf5 took 16.008s.
2016-10-13 15:04:37,709 - minerva_ann_operate_networks - INFO -   -Iterating over the slice took 81.718s.
2016-10-13 15:04:53,697 - minerva_ann_operate_networks - INFO -   Loading slice (3450000, 3500000) from /phihome/perdue/theano/data/minosmatch_nukecczdefs_genallz_pcodecap66_127x50x25_xuv_me1Bmc.hdf5 took 15.981s.
2016-10-13 15:06:15,549 - minerva_ann_operate_networks - INFO -   -Iterating over the slice took 81.851s.
2016-10-13 15:06:31,536 - minerva_ann_operate_networks - INFO -   Loading slice (3500000, 3550000) from /phihome/perdue/theano/data/minosmatch_nukecczdefs_genallz_pcodecap66_127x50x25_xuv_me1Bmc.hdf5 took 15.980s.
2016-10-13 15:07:53,345 - minerva_ann_operate_networks - INFO -   -Iterating over the slice took 81.808s.
2016-10-13 15:08:09,161 - minerva_ann_operate_networks - INFO -   Loading slice (3550000, 3600000) from /phihome/perdue/theano/data/minosmatch_nukecczdefs_genallz_pcodecap66_127x50x25_xuv_me1Bmc.hdf5 took 15.809s.
2016-10-13 15:09:30,945 - minerva_ann_operate_networks - INFO -   -Iterating over the slice took 81.783s.
2016-10-13 15:09:46,950 - minerva_ann_operate_networks - INFO -   Loading slice (3600000, 3650000) from /phihome/perdue/theano/data/minosmatch_nukecczdefs_genallz_pcodecap66_127x50x25_xuv_me1Bmc.hdf5 took 15.998s.
2016-10-13 15:11:08,405 - minerva_ann_operate_networks - INFO -   -Iterating over the slice took 81.455s.
2016-10-13 15:11:14,504 - minerva_ann_operate_networks - INFO -   Loading slice (3650000, 3668292) from /phihome/perdue/theano/data/minosmatch_nukecczdefs_genallz_pcodecap66_127x50x25_xuv_me1Bmc.hdf5 took 6.092s.
2016-10-13 15:11:46,589 - minerva_ann_operate_networks - INFO -   -Iterating over the slice took 32.084s.
2016-10-13 15:16:38,811 - minerva_ann_operate_networks - INFO -   The validation pass took 292.218s.
2016-10-13 15:16:39,821 - minerva_ann_operate_networks - INFO - 
Epoch 1 of 1 took 6113.519s
  training loss:		0.270420
2016-10-13 15:16:39,821 - minerva_ann_operate_networks - INFO - 
  validation loss:		0.195324
  validation accuracy:		94.79 %
2016-10-13 15:16:39,821 - minerva_ann_operate_networks - INFO - ---
2016-10-13 15:16:39,821 - minerva_ann_operate_networks - INFO - Finished 1 epochs.
2016-10-13 15:16:39,826 - minerva_ann_operate_networks - INFO - Loading data for testing...
2016-10-13 15:16:39,892 - minerva_ann_datasets - INFO -  Learning sample size = 3668292 examples
2016-10-13 15:16:39,892 - minerva_ann_datasets - INFO -  Validation sample size = 441963 examples
2016-10-13 15:16:39,892 - minerva_ann_datasets - INFO -  Testing sample size = 309375 examples
2016-10-13 15:16:39,892 - minerva_ann_operate_networks - INFO -  Used testing sample size = 309375 examples
2016-10-13 15:16:39,893 - minerva_ann_networks - INFO - Convpool conv-x-0 params: {'filter_size': (8, 3), 'pool_size': (2, 1), 'nfilters': 12}
2016-10-13 15:16:39,894 - minerva_ann_networks - INFO - Convpool maxpool-x-0
2016-10-13 15:16:39,894 - minerva_ann_networks - INFO - Convpool conv-x-1 params: {'filter_size': (7, 3), 'pool_size': (2, 1), 'nfilters': 20}
2016-10-13 15:16:39,895 - minerva_ann_networks - INFO - Convpool maxpool-x-1
2016-10-13 15:16:39,895 - minerva_ann_networks - INFO - Convpool conv-x-2 params: {'filter_size': (6, 3), 'pool_size': (2, 1), 'nfilters': 28}
2016-10-13 15:16:39,896 - minerva_ann_networks - INFO - Convpool maxpool-x-2
2016-10-13 15:16:39,896 - minerva_ann_networks - INFO - Convpool conv-x-3 params: {'filter_size': (6, 3), 'pool_size': (2, 1), 'nfilters': 36}
2016-10-13 15:16:39,897 - minerva_ann_networks - INFO - Convpool maxpool-x-3
2016-10-13 15:16:39,923 - minerva_ann_networks - INFO - Dense dense-x with nhidden = 196, dropout = 0.5
2016-10-13 15:16:39,924 - minerva_ann_networks - INFO - Convpool conv-u-0 params: {'filter_size': (8, 5), 'pool_size': (2, 1), 'nfilters': 12}
2016-10-13 15:16:39,924 - minerva_ann_networks - INFO - Convpool maxpool-u-0
2016-10-13 15:16:39,925 - minerva_ann_networks - INFO - Convpool conv-u-1 params: {'filter_size': (7, 3), 'pool_size': (2, 1), 'nfilters': 20}
2016-10-13 15:16:39,926 - minerva_ann_networks - INFO - Convpool maxpool-u-1
2016-10-13 15:16:39,926 - minerva_ann_networks - INFO - Convpool conv-u-2 params: {'filter_size': (6, 3), 'pool_size': (2, 1), 'nfilters': 28}
2016-10-13 15:16:39,927 - minerva_ann_networks - INFO - Convpool maxpool-u-2
2016-10-13 15:16:39,927 - minerva_ann_networks - INFO - Convpool conv-u-3 params: {'filter_size': (6, 3), 'pool_size': (2, 1), 'nfilters': 36}
2016-10-13 15:16:39,928 - minerva_ann_networks - INFO - Convpool maxpool-u-3
2016-10-13 15:16:39,938 - minerva_ann_networks - INFO - Dense dense-u with nhidden = 196, dropout = 0.5
2016-10-13 15:16:39,938 - minerva_ann_networks - INFO - Convpool conv-v-0 params: {'filter_size': (8, 5), 'pool_size': (2, 1), 'nfilters': 12}
2016-10-13 15:16:39,939 - minerva_ann_networks - INFO - Convpool maxpool-v-0
2016-10-13 15:16:39,939 - minerva_ann_networks - INFO - Convpool conv-v-1 params: {'filter_size': (7, 3), 'pool_size': (2, 1), 'nfilters': 20}
2016-10-13 15:16:39,940 - minerva_ann_networks - INFO - Convpool maxpool-v-1
2016-10-13 15:16:39,940 - minerva_ann_networks - INFO - Convpool conv-v-2 params: {'filter_size': (6, 3), 'pool_size': (2, 1), 'nfilters': 28}
2016-10-13 15:16:39,941 - minerva_ann_networks - INFO - Convpool maxpool-v-2
2016-10-13 15:16:39,941 - minerva_ann_networks - INFO - Convpool conv-v-3 params: {'filter_size': (6, 3), 'pool_size': (2, 1), 'nfilters': 36}
2016-10-13 15:16:39,943 - minerva_ann_networks - INFO - Convpool maxpool-v-3
2016-10-13 15:16:39,952 - minerva_ann_networks - INFO - Dense dense-v with nhidden = 196, dropout = 0.5
2016-10-13 15:16:39,953 - minerva_ann_networks - INFO - Network: concat columns...
2016-10-13 15:16:39,955 - minerva_ann_networks - INFO - Dense dense-across with nhidden = 98, dropout = 0.5
2016-10-13 15:16:39,956 - minerva_ann_networks - INFO - Softmax output prob with n_units = 11
2016-10-13 15:16:39,962 - minerva_ann_networks - INFO - n-parameters: 1684823
2016-10-13 15:16:47,377 - minerva_ann_operate_networks - INFO - Starting testing...
2016-10-13 15:17:03,656 - minerva_ann_operate_networks - INFO -   Loading slice (0, 50000) from /phihome/perdue/theano/data/minosmatch_nukecczdefs_genallz_pcodecap66_127x50x25_xuv_me1Bmc.hdf5 took 16.279s.
2016-10-13 15:28:26,040 - minerva_ann_operate_networks - INFO -   -Iterating over the slice took 682.383s.
2016-10-13 15:28:42,439 - minerva_ann_operate_networks - INFO -   Loading slice (50000, 100000) from /phihome/perdue/theano/data/minosmatch_nukecczdefs_genallz_pcodecap66_127x50x25_xuv_me1Bmc.hdf5 took 16.392s.
2016-10-13 15:40:04,678 - minerva_ann_operate_networks - INFO -   -Iterating over the slice took 682.238s.
2016-10-13 15:40:20,892 - minerva_ann_operate_networks - INFO -   Loading slice (100000, 150000) from /phihome/perdue/theano/data/minosmatch_nukecczdefs_genallz_pcodecap66_127x50x25_xuv_me1Bmc.hdf5 took 16.207s.
2016-10-13 15:51:42,911 - minerva_ann_operate_networks - INFO -   -Iterating over the slice took 682.018s.
2016-10-13 15:51:58,840 - minerva_ann_operate_networks - INFO -   Loading slice (150000, 200000) from /phihome/perdue/theano/data/minosmatch_nukecczdefs_genallz_pcodecap66_127x50x25_xuv_me1Bmc.hdf5 took 15.921s.
2016-10-13 16:03:21,110 - minerva_ann_operate_networks - INFO -   -Iterating over the slice took 682.270s.
2016-10-13 16:03:37,075 - minerva_ann_operate_networks - INFO -   Loading slice (200000, 250000) from /phihome/perdue/theano/data/minosmatch_nukecczdefs_genallz_pcodecap66_127x50x25_xuv_me1Bmc.hdf5 took 15.957s.
2016-10-13 16:14:55,794 - minerva_ann_operate_networks - INFO -   -Iterating over the slice took 678.718s.
2016-10-13 16:15:11,859 - minerva_ann_operate_networks - INFO -   Loading slice (250000, 300000) from /phihome/perdue/theano/data/minosmatch_nukecczdefs_genallz_pcodecap66_127x50x25_xuv_me1Bmc.hdf5 took 16.057s.
2016-10-13 16:26:32,311 - minerva_ann_operate_networks - INFO -   -Iterating over the slice took 680.451s.
2016-10-13 16:26:35,546 - minerva_ann_operate_networks - INFO -   Loading slice (300000, 309375) from /phihome/perdue/theano/data/minosmatch_nukecczdefs_genallz_pcodecap66_127x50x25_xuv_me1Bmc.hdf5 took 3.228s.
2016-10-13 16:28:43,570 - minerva_ann_operate_networks - INFO -   -Iterating over the slice took 128.023s.
2016-10-13 16:28:43,634 - minerva_ann_operate_networks - INFO - 
Final results:
  test loss:			0.193015
  test accuracy:		94.86 %
2016-10-13 16:28:43,634 - minerva_ann_operate_networks - INFO -    target 0 accuracy:			47.944 %
2016-10-13 16:28:43,634 - minerva_ann_operate_networks - INFO -    target 1 accuracy:			91.902 %
2016-10-13 16:28:43,634 - minerva_ann_operate_networks - INFO -    target 2 accuracy:			92.797 %
2016-10-13 16:28:43,634 - minerva_ann_operate_networks - INFO -    target 3 accuracy:			89.105 %
2016-10-13 16:28:43,634 - minerva_ann_operate_networks - INFO -    target 4 accuracy:			84.976 %
2016-10-13 16:28:43,635 - minerva_ann_operate_networks - INFO -    target 5 accuracy:			88.610 %
2016-10-13 16:28:43,635 - minerva_ann_operate_networks - INFO -    target 6 accuracy:			73.719 %
2016-10-13 16:28:43,635 - minerva_ann_operate_networks - INFO -    target 7 accuracy:			77.433 %
2016-10-13 16:28:43,635 - minerva_ann_operate_networks - INFO -    target 8 accuracy:			90.174 %
2016-10-13 16:28:43,635 - minerva_ann_operate_networks - INFO -    target 9 accuracy:			26.382 %
2016-10-13 16:28:43,635 - minerva_ann_operate_networks - INFO -    target 10 accuracy:			98.952 %
